2025-11-18T21:55:31.525728Z  INFO tailwindcss_oxide::scanner: Provided sources:
2025-11-18T21:55:31.525796Z  INFO tailwindcss_oxide::scanner: Source: PublicSourceEntry { base: "/home/yamz/sites/filez", pattern: "**/*", negated: false }
2025-11-18T21:55:31.525875Z  INFO tailwindcss_oxide::scanner: Optimized sources:
2025-11-18T21:55:31.525881Z  INFO tailwindcss_oxide::scanner: Source: Auto { base: "/home/yamz/sites/filez" }
2025-11-18T21:55:31.528618Z  INFO scan_sources: tailwindcss_oxide::scanner: enter
2025-11-18T21:55:31.529605Z  INFO scan_sources: tailwindcss_oxide::scanner: Discovering "/home/yamz/sites/filez/db"
2025-11-18T21:55:31.529721Z  INFO scan_sources: tailwindcss_oxide::scanner: Discovering "/home/yamz/sites/filez/db/schema.sql"
2025-11-18T21:55:31.529752Z  INFO scan_sources: tailwindcss_oxide::scanner: Discovering "/home/yamz/sites/filez/db/create-database.sql"
2025-11-18T21:55:31.529773Z  INFO scan_sources: tailwindcss_oxide::scanner: Discovering "/home/yamz/sites/filez/db/init.ts"
2025-11-18T21:55:31.529816Z  INFO scan_sources: tailwindcss_oxide::scanner: Discovering "/home/yamz/sites/filez/eslint.config.mjs"
2025-11-18T21:55:31.529841Z  INFO scan_sources: tailwindcss_oxide::scanner: Discovering "/home/yamz/sites/filez/postcss.config.mjs"
2025-11-18T21:55:31.529896Z  INFO scan_sources: tailwindcss_oxide::scanner: Discovering "/home/yamz/sites/filez/logs"
2025-11-18T21:55:31.529992Z  INFO scan_sources: tailwindcss_oxide::scanner: Discovering "/home/yamz/sites/filez/app"
2025-11-18T21:55:31.530064Z  INFO scan_sources: tailwindcss_oxide::scanner: Discovering "/home/yamz/sites/filez/app/hooks"
2025-11-18T21:55:31.530126Z  INFO scan_sources: tailwindcss_oxide::scanner: Discovering "/home/yamz/sites/filez/app/hooks/useDialog.ts"
2025-11-18T21:55:31.530156Z  INFO scan_sources: tailwindcss_oxide::scanner: Discovering "/home/yamz/sites/filez/app/layout.tsx"
2025-11-18T21:55:31.530180Z  INFO scan_sources: tailwindcss_oxide::scanner: Discovering "/home/yamz/sites/filez/app/share"
2025-11-18T21:55:31.530238Z  INFO scan_sources: tailwindcss_oxide::scanner: Discovering "/home/yamz/sites/filez/app/share/[token]"
2025-11-18T21:55:31.530301Z  INFO scan_sources: tailwindcss_oxide::scanner: Discovering "/home/yamz/sites/filez/app/share/[token]/page.tsx"
2025-11-18T21:55:31.530336Z  INFO scan_sources: tailwindcss_oxide::scanner: Discovering "/home/yamz/sites/filez/app/globals.css"
2025-11-18T21:55:31.530361Z  INFO scan_sources: tailwindcss_oxide::scanner: Discovering "/home/yamz/sites/filez/app/editor"
2025-11-18T21:55:31.530411Z  INFO scan_sources: tailwindcss_oxide::scanner: Discovering "/home/yamz/sites/filez/app/editor/page.tsx"
2025-11-18T21:55:31.530445Z  INFO scan_sources: tailwindcss_oxide::scanner: Discovering "/home/yamz/sites/filez/app/page.tsx"
2025-11-18T21:55:31.530470Z  INFO scan_sources: tailwindcss_oxide::scanner: Discovering "/home/yamz/sites/filez/app/api"
2025-11-18T21:55:31.530579Z  INFO scan_sources: tailwindcss_oxide::scanner: Discovering "/home/yamz/sites/filez/app/api/mindmap"
2025-11-18T21:55:31.530638Z  INFO scan_sources: tailwindcss_oxide::scanner: Discovering "/home/yamz/sites/filez/app/api/mindmap/save"
2025-11-18T21:55:31.530694Z  INFO scan_sources: tailwindcss_oxide::scanner: Discovering "/home/yamz/sites/filez/app/api/mindmap/save/route.ts"
2025-11-18T21:55:31.530731Z  INFO scan_sources: tailwindcss_oxide::scanner: Discovering "/home/yamz/sites/filez/app/api/share"
2025-11-18T21:55:31.530782Z  INFO scan_sources: tailwindcss_oxide::scanner: Discovering "/home/yamz/sites/filez/app/api/share/[token]"
2025-11-18T21:55:31.530834Z  INFO scan_sources: tailwindcss_oxide::scanner: Discovering "/home/yamz/sites/filez/app/api/share/[token]/route.ts"
2025-11-18T21:55:31.530867Z  INFO scan_sources: tailwindcss_oxide::scanner: Discovering "/home/yamz/sites/filez/app/api/uploads"
2025-11-18T21:55:31.530921Z  INFO scan_sources: tailwindcss_oxide::scanner: Discovering "/home/yamz/sites/filez/app/api/uploads/copy"
2025-11-18T21:55:31.531007Z  INFO scan_sources: tailwindcss_oxide::scanner: Discovering "/home/yamz/sites/filez/app/api/uploads/copy/route.ts"
2025-11-18T21:55:31.531063Z  INFO scan_sources: tailwindcss_oxide::scanner: Discovering "/home/yamz/sites/filez/app/api/uploads/[id]"
2025-11-18T21:55:31.531119Z  INFO scan_sources: tailwindcss_oxide::scanner: Discovering "/home/yamz/sites/filez/app/api/uploads/[id]/share"
2025-11-18T21:55:31.531181Z  INFO scan_sources: tailwindcss_oxide::scanner: Discovering "/home/yamz/sites/filez/app/api/uploads/[id]/share/route.ts"
2025-11-18T21:55:31.531208Z  INFO scan_sources: tailwindcss_oxide::scanner: Discovering "/home/yamz/sites/filez/app/api/uploads/[id]/route.ts"
2025-11-18T21:55:31.531232Z  INFO scan_sources: tailwindcss_oxide::scanner: Discovering "/home/yamz/sites/filez/app/api/uploads/[id]/rename"
2025-11-18T21:55:31.531282Z  INFO scan_sources: tailwindcss_oxide::scanner: Discovering "/home/yamz/sites/filez/app/api/uploads/[id]/rename/route.ts"
2025-11-18T21:55:31.531317Z  INFO scan_sources: tailwindcss_oxide::scanner: Discovering "/home/yamz/sites/filez/app/api/uploads/move"
2025-11-18T21:55:31.531365Z  INFO scan_sources: tailwindcss_oxide::scanner: Discovering "/home/yamz/sites/filez/app/api/uploads/move/route.ts"
2025-11-18T21:55:31.531392Z  INFO scan_sources: tailwindcss_oxide::scanner: Discovering "/home/yamz/sites/filez/app/api/uploads/route.ts"
2025-11-18T21:55:31.531424Z  INFO scan_sources: tailwindcss_oxide::scanner: Discovering "/home/yamz/sites/filez/app/api/folders"
2025-11-18T21:55:31.531478Z  INFO scan_sources: tailwindcss_oxide::scanner: Discovering "/home/yamz/sites/filez/app/api/folders/[id]"
2025-11-18T21:55:31.531532Z  INFO scan_sources: tailwindcss_oxide::scanner: Discovering "/home/yamz/sites/filez/app/api/folders/[id]/route.ts"
2025-11-18T21:55:31.531557Z  INFO scan_sources: tailwindcss_oxide::scanner: Discovering "/home/yamz/sites/filez/app/api/folders/route.ts"
2025-11-18T21:55:31.531585Z  INFO scan_sources: tailwindcss_oxide::scanner: Discovering "/home/yamz/sites/filez/app/api/uploadthing"
2025-11-18T21:55:31.531637Z  INFO scan_sources: tailwindcss_oxide::scanner: Discovering "/home/yamz/sites/filez/app/api/uploadthing/route.ts"
2025-11-18T21:55:31.531658Z  INFO scan_sources: tailwindcss_oxide::scanner: Discovering "/home/yamz/sites/filez/app/api/uploadthing/core.ts"
2025-11-18T21:55:31.531690Z  INFO scan_sources: tailwindcss_oxide::scanner: Discovering "/home/yamz/sites/filez/app/api/saved-searches"
2025-11-18T21:55:31.531743Z  INFO scan_sources: tailwindcss_oxide::scanner: Discovering "/home/yamz/sites/filez/app/api/saved-searches/route.ts"
2025-11-18T21:55:31.531786Z  INFO scan_sources: tailwindcss_oxide::scanner: Discovering "/home/yamz/sites/filez/app/api/versions"
2025-11-18T21:55:31.531835Z  INFO scan_sources: tailwindcss_oxide::scanner: Discovering "/home/yamz/sites/filez/app/api/versions/route.ts"
2025-11-18T21:55:31.531865Z  INFO scan_sources: tailwindcss_oxide::scanner: Discovering "/home/yamz/sites/filez/app/api/stream"
2025-11-18T21:55:31.531916Z  INFO scan_sources: tailwindcss_oxide::scanner: Discovering "/home/yamz/sites/filez/app/api/stream/[id]"
2025-11-18T21:55:31.531967Z  INFO scan_sources: tailwindcss_oxide::scanner: Discovering "/home/yamz/sites/filez/app/api/stream/[id]/route.ts"
2025-11-18T21:55:31.532028Z  INFO scan_sources: tailwindcss_oxide::scanner: Discovering "/home/yamz/sites/filez/app/api/import"
2025-11-18T21:55:31.532091Z  INFO scan_sources: tailwindcss_oxide::scanner: Discovering "/home/yamz/sites/filez/app/api/import/zip"
2025-11-18T21:55:31.532147Z  INFO scan_sources: tailwindcss_oxide::scanner: Discovering "/home/yamz/sites/filez/app/api/import/zip/route.ts"
2025-11-18T21:55:31.532177Z  INFO scan_sources: tailwindcss_oxide::scanner: Discovering "/home/yamz/sites/filez/app/api/import/folder"
2025-11-18T21:55:31.532227Z  INFO scan_sources: tailwindcss_oxide::scanner: Discovering "/home/yamz/sites/filez/app/api/import/folder/route.ts"
2025-11-18T21:55:31.532271Z  INFO scan_sources: tailwindcss_oxide::scanner: Discovering "/home/yamz/sites/filez/app/components"
2025-11-18T21:55:31.532348Z  INFO scan_sources: tailwindcss_oxide::scanner: Discovering "/home/yamz/sites/filez/app/components/FilterBar.tsx"
2025-11-18T21:55:31.532395Z  INFO scan_sources: tailwindcss_oxide::scanner: Discovering "/home/yamz/sites/filez/app/components/AdvancedSearchBar.tsx"
2025-11-18T21:55:31.532416Z  INFO scan_sources: tailwindcss_oxide::scanner: Discovering "/home/yamz/sites/filez/app/components/FolderCard.tsx"
2025-11-18T21:55:31.532440Z  INFO scan_sources: tailwindcss_oxide::scanner: Discovering "/home/yamz/sites/filez/app/components/MindMapEditor.tsx"
2025-11-18T21:55:31.532459Z  INFO scan_sources: tailwindcss_oxide::scanner: Discovering "/home/yamz/sites/filez/app/components/DocumentCard.tsx"
2025-11-18T21:55:31.532480Z  INFO scan_sources: tailwindcss_oxide::scanner: Discovering "/home/yamz/sites/filez/app/components/UploadStatusIndicator.tsx"
2025-11-18T21:55:31.532502Z  INFO scan_sources: tailwindcss_oxide::scanner: Discovering "/home/yamz/sites/filez/app/components/SpreadsheetEditor.tsx"
2025-11-18T21:55:31.532523Z  INFO scan_sources: tailwindcss_oxide::scanner: Discovering "/home/yamz/sites/filez/app/components/DocViewer.tsx"
2025-11-18T21:55:31.532542Z  INFO scan_sources: tailwindcss_oxide::scanner: Discovering "/home/yamz/sites/filez/app/components/ShareFileModal.tsx"
2025-11-18T21:55:31.532562Z  INFO scan_sources: tailwindcss_oxide::scanner: Discovering "/home/yamz/sites/filez/app/components/ImportModal.tsx"
2025-11-18T21:55:31.532581Z  INFO scan_sources: tailwindcss_oxide::scanner: Discovering "/home/yamz/sites/filez/app/components/CodeEditor.tsx"
2025-11-18T21:55:31.532600Z  INFO scan_sources: tailwindcss_oxide::scanner: Discovering "/home/yamz/sites/filez/app/components/EnhancedUploadModal.tsx"
2025-11-18T21:55:31.532620Z  INFO scan_sources: tailwindcss_oxide::scanner: Discovering "/home/yamz/sites/filez/app/components/FileIcon.tsx"
2025-11-18T21:55:31.532707Z  INFO scan_sources: tailwindcss_oxide::scanner: Discovering "/home/yamz/sites/filez/app/components/EpubReaderModal.tsx"
2025-11-18T21:55:31.532741Z  INFO scan_sources: tailwindcss_oxide::scanner: Discovering "/home/yamz/sites/filez/app/components/RenameDialog.tsx"
2025-11-18T21:55:31.532762Z  INFO scan_sources: tailwindcss_oxide::scanner: Discovering "/home/yamz/sites/filez/app/components/DocumentPreviewList.tsx"
2025-11-18T21:55:31.532786Z  INFO scan_sources: tailwindcss_oxide::scanner: Discovering "/home/yamz/sites/filez/app/components/ImageViewer.tsx"
2025-11-18T21:55:31.532816Z  INFO scan_sources: tailwindcss_oxide::scanner: Discovering "/home/yamz/sites/filez/app/components/ui"
2025-11-18T21:55:31.532875Z  INFO scan_sources: tailwindcss_oxide::scanner: Discovering "/home/yamz/sites/filez/app/components/ui/DialogVariants.tsx"
2025-11-18T21:55:31.532910Z  INFO scan_sources: tailwindcss_oxide::scanner: Discovering "/home/yamz/sites/filez/app/components/VersionHistoryModal.tsx"
2025-11-18T21:55:31.532929Z  INFO scan_sources: tailwindcss_oxide::scanner: Discovering "/home/yamz/sites/filez/app/components/DocumentsList.tsx"
2025-11-18T21:55:31.532949Z  INFO scan_sources: tailwindcss_oxide::scanner: Discovering "/home/yamz/sites/filez/app/components/WYSIWYGEditor.tsx"
2025-11-18T21:55:31.532967Z  INFO scan_sources: tailwindcss_oxide::scanner: Discovering "/home/yamz/sites/filez/app/components/PdfViewer.tsx"
2025-11-18T21:55:31.533000Z  INFO scan_sources: tailwindcss_oxide::scanner: Discovering "/home/yamz/sites/filez/app/components/BulkActionsBar.tsx"
2025-11-18T21:55:31.533020Z  INFO scan_sources: tailwindcss_oxide::scanner: Discovering "/home/yamz/sites/filez/app/components/CreateFolderModal.tsx"
2025-11-18T21:55:31.533039Z  INFO scan_sources: tailwindcss_oxide::scanner: Discovering "/home/yamz/sites/filez/app/components/EnhancedDocumentViewer.tsx"
2025-11-18T21:55:31.533095Z  INFO scan_sources: tailwindcss_oxide::scanner: Discovering "/home/yamz/sites/filez/next.config.ts"
2025-11-18T21:55:31.533179Z  INFO scan_sources: tailwindcss_oxide::scanner: Discovering "/home/yamz/sites/filez/tsconfig.json"
2025-11-18T21:55:31.533206Z  INFO scan_sources: tailwindcss_oxide::scanner: Discovering "/home/yamz/sites/filez/.env.example"
2025-11-18T21:55:31.533238Z  INFO scan_sources: tailwindcss_oxide::scanner: Discovering "/home/yamz/sites/filez/lib"
2025-11-18T21:55:31.533305Z  INFO scan_sources: tailwindcss_oxide::scanner: Discovering "/home/yamz/sites/filez/lib/utils.ts"
2025-11-18T21:55:31.533328Z  INFO scan_sources: tailwindcss_oxide::scanner: Discovering "/home/yamz/sites/filez/lib/uploadQueue.ts"
2025-11-18T21:55:31.533346Z  INFO scan_sources: tailwindcss_oxide::scanner: Discovering "/home/yamz/sites/filez/lib/uploadthing.ts"
2025-11-18T21:55:31.533365Z  INFO scan_sources: tailwindcss_oxide::scanner: Discovering "/home/yamz/sites/filez/lib/db.ts"
2025-11-18T21:55:31.533383Z  INFO scan_sources: tailwindcss_oxide::scanner: Discovering "/home/yamz/sites/filez/lib/epub-db.ts"
2025-11-18T21:55:31.533412Z  INFO scan_sources: tailwindcss_oxide::scanner: Discovering "/home/yamz/sites/filez/public"
2025-11-18T21:55:31.533471Z  INFO scan_sources: tailwindcss_oxide::scanner: Discovering "/home/yamz/sites/filez/public/next.svg"
2025-11-18T21:55:31.533492Z  INFO scan_sources: tailwindcss_oxide::scanner: Discovering "/home/yamz/sites/filez/public/globe.svg"
2025-11-18T21:55:31.533511Z  INFO scan_sources: tailwindcss_oxide::scanner: Discovering "/home/yamz/sites/filez/public/vercel.svg"
2025-11-18T21:55:31.533528Z  INFO scan_sources: tailwindcss_oxide::scanner: Discovering "/home/yamz/sites/filez/public/file.svg"
2025-11-18T21:55:31.533548Z  INFO scan_sources: tailwindcss_oxide::scanner: Discovering "/home/yamz/sites/filez/public/window.svg"
2025-11-18T21:55:31.533605Z  INFO scan_sources: tailwindcss_oxide::scanner: Discovering "/home/yamz/sites/filez/package.json"
2025-11-18T21:55:31.533629Z  INFO scan_sources: tailwindcss_oxide::scanner: Discovering "/home/yamz/sites/filez/types"
2025-11-18T21:55:31.533677Z  INFO scan_sources: tailwindcss_oxide::scanner: Discovering "/home/yamz/sites/filez/types/mammoth.d.ts"
2025-11-18T21:55:31.533756Z  INFO scan_sources: tailwindcss_oxide::scanner: Discovering "/home/yamz/sites/filez/README.md"
2025-11-18T21:55:31.533776Z  INFO scan_sources: tailwindcss_oxide::scanner: Discovering "/home/yamz/sites/filez/components.json"
2025-11-18T21:55:31.533798Z  INFO scan_sources: tailwindcss_oxide::scanner: Discovering "/home/yamz/sites/filez/.env.production"
2025-11-18T21:55:31.533839Z  INFO scan_sources: tailwindcss_oxide::scanner: Discovering "/home/yamz/sites/filez/migrations"
2025-11-18T21:55:31.533894Z  INFO scan_sources: tailwindcss_oxide::scanner: Discovering "/home/yamz/sites/filez/migrations/004_add_deleted_at.sql"
2025-11-18T21:55:31.533917Z  INFO scan_sources: tailwindcss_oxide::scanner: Discovering "/home/yamz/sites/filez/migrations/003_add_folders.sql"
2025-11-18T21:55:31.533947Z  INFO scan_sources: tailwindcss_oxide::scanner: Discovering "/home/yamz/sites/filez/docs"
2025-11-18T21:55:31.534018Z  INFO scan_sources: tailwindcss_oxide::scanner: Discovering "/home/yamz/sites/filez/docs/FEATURES.md"
2025-11-18T21:55:31.534040Z  INFO scan_sources: tailwindcss_oxide::scanner: Discovering "/home/yamz/sites/filez/docs/DEPLOYMENT.md"
2025-11-18T21:55:31.534063Z  INFO scan_sources: tailwindcss_oxide::scanner: Discovering "/home/yamz/sites/filez/docs/SETUP_GUIDE.md"
2025-11-18T21:55:31.534082Z  INFO scan_sources: tailwindcss_oxide::scanner: Discovering "/home/yamz/sites/filez/docs/PRODUCTION_DEPLOYMENT.md"
2025-11-18T21:55:31.534103Z  INFO scan_sources: tailwindcss_oxide::scanner: Discovering "/home/yamz/sites/filez/docs/PAPERLESS_UI_IMPLEMENTATION.md"
2025-11-18T21:55:31.534123Z  INFO scan_sources: tailwindcss_oxide::scanner: Discovering "/home/yamz/sites/filez/docs/CHANGELOG.md"
2025-11-18T21:55:31.534148Z  INFO scan_sources: tailwindcss_oxide::scanner: Discovering "/home/yamz/sites/filez/ecosystem.config.js"
2025-11-18T21:55:31.534169Z  INFO scan_sources: tailwindcss_oxide::scanner: Discovering "/home/yamz/sites/filez/deploy-production.sh"
2025-11-18T21:55:31.534271Z  INFO scan_sources: tailwindcss_oxide::scanner: Discovering "/home/yamz/sites/filez/start-production.sh"
2025-11-18T21:55:31.534416Z  INFO scan_sources: tailwindcss_oxide::scanner: exit
2025-11-18T21:55:31.534441Z  INFO extract_candidates: tailwindcss_oxide::scanner: enter
2025-11-18T21:55:31.534461Z  INFO extract_candidates:read_all_files: tailwindcss_oxide::scanner: enter
2025-11-18T21:55:31.534467Z  INFO extract_candidates:read_all_files: tailwindcss_oxide::scanner: Reading 81 file(s)
2025-11-18T21:55:31.535390Z  INFO tailwindcss_oxide::scanner: Reading "/home/yamz/sites/filez/app/components/EpubReaderModal.tsx"
2025-11-18T21:55:31.535444Z  INFO tailwindcss_oxide::scanner: Reading "/home/yamz/sites/filez/app/components/RenameDialog.tsx"
2025-11-18T21:55:31.535491Z  INFO tailwindcss_oxide::scanner: Reading "/home/yamz/sites/filez/app/components/DocumentPreviewList.tsx"
2025-11-18T21:55:31.535530Z  INFO tailwindcss_oxide::scanner: Reading "/home/yamz/sites/filez/app/components/ImageViewer.tsx"
2025-11-18T21:55:31.535560Z  INFO tailwindcss_oxide::scanner: Reading "/home/yamz/sites/filez/app/components/ui/DialogVariants.tsx"
2025-11-18T21:55:31.535597Z  INFO tailwindcss_oxide::scanner: Reading "/home/yamz/sites/filez/app/components/VersionHistoryModal.tsx"
2025-11-18T21:55:31.535623Z  INFO tailwindcss_oxide::scanner: Reading "/home/yamz/sites/filez/app/components/DocumentsList.tsx"
2025-11-18T21:55:31.535670Z  INFO tailwindcss_oxide::scanner: Reading "/home/yamz/sites/filez/app/components/WYSIWYGEditor.tsx"
2025-11-18T21:55:31.535718Z  INFO tailwindcss_oxide::scanner: Reading "/home/yamz/sites/filez/app/components/PdfViewer.tsx"
2025-11-18T21:55:31.535737Z  INFO tailwindcss_oxide::scanner: Reading "/home/yamz/sites/filez/app/components/BulkActionsBar.tsx"
2025-11-18T21:55:31.535756Z  INFO tailwindcss_oxide::scanner: Reading "/home/yamz/sites/filez/app/components/CreateFolderModal.tsx"
2025-11-18T21:55:31.535774Z  INFO tailwindcss_oxide::scanner: Reading "/home/yamz/sites/filez/app/components/EnhancedDocumentViewer.tsx"
2025-11-18T21:55:31.535791Z  INFO tailwindcss_oxide::scanner: Reading "/home/yamz/sites/filez/next.config.ts"
2025-11-18T21:55:31.535807Z  INFO tailwindcss_oxide::scanner: Reading "/home/yamz/sites/filez/tsconfig.json"
2025-11-18T21:55:31.535827Z  INFO tailwindcss_oxide::scanner: Reading "/home/yamz/sites/filez/.env.example"
2025-11-18T21:55:31.535844Z  INFO tailwindcss_oxide::scanner: Reading "/home/yamz/sites/filez/lib/utils.ts"
2025-11-18T21:55:31.535862Z  INFO tailwindcss_oxide::scanner: Reading "/home/yamz/sites/filez/lib/uploadQueue.ts"
2025-11-18T21:55:31.535880Z  INFO tailwindcss_oxide::scanner: Reading "/home/yamz/sites/filez/lib/uploadthing.ts"
2025-11-18T21:55:31.535895Z  INFO tailwindcss_oxide::scanner: Reading "/home/yamz/sites/filez/lib/db.ts"
2025-11-18T21:55:31.535910Z  INFO tailwindcss_oxide::scanner: Reading "/home/yamz/sites/filez/lib/epub-db.ts"
2025-11-18T21:55:31.535927Z  INFO tailwindcss_oxide::scanner: Reading "/home/yamz/sites/filez/public/next.svg"
2025-11-18T21:55:31.535943Z  INFO tailwindcss_oxide::scanner: Reading "/home/yamz/sites/filez/public/globe.svg"
2025-11-18T21:55:31.536006Z  INFO tailwindcss_oxide::scanner: Reading "/home/yamz/sites/filez/public/vercel.svg"
2025-11-18T21:55:31.536028Z  INFO tailwindcss_oxide::scanner: Reading "/home/yamz/sites/filez/public/file.svg"
2025-11-18T21:55:31.536044Z  INFO tailwindcss_oxide::scanner: Reading "/home/yamz/sites/filez/public/window.svg"
2025-11-18T21:55:31.536060Z  INFO tailwindcss_oxide::scanner: Reading "/home/yamz/sites/filez/package.json"
2025-11-18T21:55:31.536085Z  INFO tailwindcss_oxide::scanner: Reading "/home/yamz/sites/filez/types/mammoth.d.ts"
2025-11-18T21:55:31.536104Z  INFO tailwindcss_oxide::scanner: Reading "/home/yamz/sites/filez/README.md"
2025-11-18T21:55:31.536144Z  INFO tailwindcss_oxide::scanner: Reading "/home/yamz/sites/filez/components.json"
2025-11-18T21:55:31.536164Z  INFO tailwindcss_oxide::scanner: Reading "/home/yamz/sites/filez/.env.production"
2025-11-18T21:55:31.536181Z  INFO tailwindcss_oxide::scanner: Reading "/home/yamz/sites/filez/migrations/004_add_deleted_at.sql"
2025-11-18T21:55:31.536199Z  INFO tailwindcss_oxide::scanner: Reading "/home/yamz/sites/filez/migrations/003_add_folders.sql"
2025-11-18T21:55:31.536230Z  INFO tailwindcss_oxide::scanner: Reading "/home/yamz/sites/filez/docs/FEATURES.md"
2025-11-18T21:55:31.536267Z  INFO tailwindcss_oxide::scanner: Reading "/home/yamz/sites/filez/docs/DEPLOYMENT.md"
2025-11-18T21:55:31.536308Z  INFO tailwindcss_oxide::scanner: Reading "/home/yamz/sites/filez/docs/SETUP_GUIDE.md"
2025-11-18T21:55:31.536355Z  INFO tailwindcss_oxide::scanner: Reading "/home/yamz/sites/filez/docs/PRODUCTION_DEPLOYMENT.md"
2025-11-18T21:55:31.536389Z  INFO tailwindcss_oxide::scanner: Reading "/home/yamz/sites/filez/docs/PAPERLESS_UI_IMPLEMENTATION.md"
2025-11-18T21:55:31.536440Z  INFO tailwindcss_oxide::scanner: Reading "/home/yamz/sites/filez/docs/CHANGELOG.md"
2025-11-18T21:55:31.536489Z  INFO tailwindcss_oxide::scanner: Reading "/home/yamz/sites/filez/ecosystem.config.js"
2025-11-18T21:55:31.536514Z  INFO tailwindcss_oxide::scanner: Reading "/home/yamz/sites/filez/deploy-production.sh"
2025-11-18T21:55:31.536532Z  INFO tailwindcss_oxide::scanner: Reading "/home/yamz/sites/filez/start-production.sh"
2025-11-18T21:55:31.536555Z  INFO tailwindcss_oxide::scanner: Reading "/home/yamz/sites/filez/app/api/uploadthing/route.ts"
2025-11-18T21:55:31.536572Z  INFO tailwindcss_oxide::scanner: Reading "/home/yamz/sites/filez/app/api/uploadthing/core.ts"
2025-11-18T21:55:31.536592Z  INFO tailwindcss_oxide::scanner: Reading "/home/yamz/sites/filez/app/api/saved-searches/route.ts"
2025-11-18T21:55:31.536610Z  INFO tailwindcss_oxide::scanner: Reading "/home/yamz/sites/filez/app/api/versions/route.ts"
2025-11-18T21:55:31.536631Z  INFO tailwindcss_oxide::scanner: Reading "/home/yamz/sites/filez/app/api/stream/[id]/route.ts"
2025-11-18T21:55:31.536659Z  INFO tailwindcss_oxide::scanner: Reading "/home/yamz/sites/filez/app/api/import/zip/route.ts"
2025-11-18T21:55:31.536687Z  INFO tailwindcss_oxide::scanner: Reading "/home/yamz/sites/filez/app/api/import/folder/route.ts"
2025-11-18T21:55:31.536719Z  INFO tailwindcss_oxide::scanner: Reading "/home/yamz/sites/filez/app/components/FilterBar.tsx"
2025-11-18T21:55:31.536753Z  INFO tailwindcss_oxide::scanner: Reading "/home/yamz/sites/filez/app/components/AdvancedSearchBar.tsx"
2025-11-18T21:55:31.536783Z  INFO tailwindcss_oxide::scanner: Reading "/home/yamz/sites/filez/app/components/FolderCard.tsx"
2025-11-18T21:55:31.536843Z  INFO tailwindcss_oxide::scanner: Reading "/home/yamz/sites/filez/app/components/MindMapEditor.tsx"
2025-11-18T21:55:31.536891Z  INFO tailwindcss_oxide::scanner: Reading "/home/yamz/sites/filez/app/components/DocumentCard.tsx"
2025-11-18T21:55:31.536942Z  INFO tailwindcss_oxide::scanner: Reading "/home/yamz/sites/filez/app/components/UploadStatusIndicator.tsx"
2025-11-18T21:55:31.536964Z  INFO tailwindcss_oxide::scanner: Reading "/home/yamz/sites/filez/app/components/SpreadsheetEditor.tsx"
2025-11-18T21:55:31.537014Z  INFO tailwindcss_oxide::scanner: Reading "/home/yamz/sites/filez/app/components/DocViewer.tsx"
2025-11-18T21:55:31.537037Z  INFO tailwindcss_oxide::scanner: Reading "/home/yamz/sites/filez/app/components/CodeEditor.tsx"
2025-11-18T21:55:31.537067Z  INFO tailwindcss_oxide::scanner: Reading "/home/yamz/sites/filez/app/components/EnhancedUploadModal.tsx"
2025-11-18T21:55:31.537060Z  INFO tailwindcss_oxide::scanner: Reading "/home/yamz/sites/filez/app/components/ShareFileModal.tsx"
2025-11-18T21:55:31.537100Z  INFO tailwindcss_oxide::scanner: Reading "/home/yamz/sites/filez/app/components/FileIcon.tsx"
2025-11-18T21:55:31.537117Z  INFO tailwindcss_oxide::scanner: Reading "/home/yamz/sites/filez/app/components/ImportModal.tsx"
2025-11-18T21:55:31.537144Z  INFO tailwindcss_oxide::scanner: Reading "/home/yamz/sites/filez/db/schema.sql"
2025-11-18T21:55:31.537155Z  INFO tailwindcss_oxide::scanner: Reading "/home/yamz/sites/filez/app/api/mindmap/save/route.ts"
2025-11-18T21:55:31.537176Z  INFO tailwindcss_oxide::scanner: Reading "/home/yamz/sites/filez/db/create-database.sql"
2025-11-18T21:55:31.537180Z  INFO tailwindcss_oxide::scanner: Reading "/home/yamz/sites/filez/app/api/share/[token]/route.ts"
2025-11-18T21:55:31.537220Z  INFO tailwindcss_oxide::scanner: Reading "/home/yamz/sites/filez/app/api/uploads/copy/route.ts"
2025-11-18T21:55:31.537234Z  INFO tailwindcss_oxide::scanner: Reading "/home/yamz/sites/filez/app/api/uploads/[id]/rename/route.ts"
2025-11-18T21:55:31.537239Z  INFO tailwindcss_oxide::scanner: Reading "/home/yamz/sites/filez/app/api/uploads/[id]/share/route.ts"
2025-11-18T21:55:31.537260Z  INFO tailwindcss_oxide::scanner: Reading "/home/yamz/sites/filez/app/api/uploads/[id]/route.ts"
2025-11-18T21:55:31.537262Z  INFO tailwindcss_oxide::scanner: Reading "/home/yamz/sites/filez/app/api/uploads/move/route.ts"
2025-11-18T21:55:31.537279Z  INFO tailwindcss_oxide::scanner: Reading "/home/yamz/sites/filez/app/api/uploads/route.ts"
2025-11-18T21:55:31.537292Z  INFO tailwindcss_oxide::scanner: Reading "/home/yamz/sites/filez/app/api/folders/[id]/route.ts"
2025-11-18T21:55:31.537297Z  INFO tailwindcss_oxide::scanner: Reading "/home/yamz/sites/filez/app/hooks/useDialog.ts"
2025-11-18T21:55:31.537312Z  INFO tailwindcss_oxide::scanner: Reading "/home/yamz/sites/filez/app/api/folders/route.ts"
2025-11-18T21:55:31.537353Z  INFO tailwindcss_oxide::scanner: Reading "/home/yamz/sites/filez/app/share/[token]/page.tsx"
2025-11-18T21:55:31.537379Z  INFO tailwindcss_oxide::scanner: Reading "/home/yamz/sites/filez/app/editor/page.tsx"
2025-11-18T21:55:31.537426Z  INFO tailwindcss_oxide::scanner: Reading "/home/yamz/sites/filez/app/page.tsx"
2025-11-18T21:55:31.537193Z  INFO tailwindcss_oxide::scanner: Reading "/home/yamz/sites/filez/db/init.ts"
2025-11-18T21:55:31.537494Z  INFO tailwindcss_oxide::scanner: Reading "/home/yamz/sites/filez/eslint.config.mjs"
2025-11-18T21:55:31.537513Z  INFO tailwindcss_oxide::scanner: Reading "/home/yamz/sites/filez/postcss.config.mjs"
2025-11-18T21:55:31.537312Z  INFO tailwindcss_oxide::scanner: Reading "/home/yamz/sites/filez/app/layout.tsx"
2025-11-18T21:55:31.538442Z  INFO extract_candidates:read_all_files: tailwindcss_oxide::scanner: exit
2025-11-18T21:55:31.538486Z  INFO extract_candidates:parse_all_blobs: tailwindcss_oxide::scanner: enter
2025-11-18T21:55:31.538493Z  INFO extract_candidates:parse_all_blobs:extract: tailwindcss_oxide::scanner: enter
2025-11-18T21:55:31.551364Z  INFO extract_candidates:parse_all_blobs:extract: tailwindcss_oxide::scanner: exit
2025-11-18T21:55:31.551452Z  INFO extract_candidates:parse_all_blobs: tailwindcss_oxide::scanner: exit
2025-11-18T21:55:31.551466Z  INFO extract_candidates:read_all_files: tailwindcss_oxide::scanner: enter
2025-11-18T21:55:31.551472Z  INFO extract_candidates:read_all_files: tailwindcss_oxide::scanner: Reading 1 file(s)
2025-11-18T21:55:31.551522Z  INFO extract_candidates:read_all_files: tailwindcss_oxide::scanner: Reading "/home/yamz/sites/filez/app/globals.css"
2025-11-18T21:55:31.551532Z  INFO extract_candidates:read_all_files: tailwindcss_oxide::scanner: exit
2025-11-18T21:55:31.551537Z  INFO extract_candidates:extract_css_variables: tailwindcss_oxide::scanner: enter
2025-11-18T21:55:31.551541Z  INFO extract_candidates:extract_css_variables:extract: tailwindcss_oxide::scanner: enter
2025-11-18T21:55:31.552042Z  INFO extract_candidates:extract_css_variables:extract: tailwindcss_oxide::scanner: exit
2025-11-18T21:55:31.552057Z  INFO extract_candidates:extract_css_variables: tailwindcss_oxide::scanner: exit
2025-11-18T21:55:31.555376Z  INFO extract_candidates: tailwindcss_oxide::scanner: exit
2025-11-18T21:55:31.557728Z  INFO get_files: tailwindcss_oxide::scanner: enter
2025-11-18T21:55:31.557778Z  INFO get_files:scan_sources: tailwindcss_oxide::scanner: enter
2025-11-18T21:55:31.558474Z  INFO get_files:scan_sources: tailwindcss_oxide::scanner: Discovering "/home/yamz/sites/filez/db"
2025-11-18T21:55:31.558652Z  INFO get_files:scan_sources: tailwindcss_oxide::scanner: Discovering "/home/yamz/sites/filez/logs"
2025-11-18T21:55:31.558715Z  INFO get_files:scan_sources: tailwindcss_oxide::scanner: Discovering "/home/yamz/sites/filez/app"
2025-11-18T21:55:31.558760Z  INFO get_files:scan_sources: tailwindcss_oxide::scanner: Discovering "/home/yamz/sites/filez/app/hooks"
2025-11-18T21:55:31.558851Z  INFO get_files:scan_sources: tailwindcss_oxide::scanner: Discovering "/home/yamz/sites/filez/app/share"
2025-11-18T21:55:31.558895Z  INFO get_files:scan_sources: tailwindcss_oxide::scanner: Discovering "/home/yamz/sites/filez/app/share/[token]"
2025-11-18T21:55:31.558967Z  INFO get_files:scan_sources: tailwindcss_oxide::scanner: Discovering "/home/yamz/sites/filez/app/editor"
2025-11-18T21:55:31.559047Z  INFO get_files:scan_sources: tailwindcss_oxide::scanner: Discovering "/home/yamz/sites/filez/app/api"
2025-11-18T21:55:31.559087Z  INFO get_files:scan_sources: tailwindcss_oxide::scanner: Discovering "/home/yamz/sites/filez/app/api/mindmap"
2025-11-18T21:55:31.559128Z  INFO get_files:scan_sources: tailwindcss_oxide::scanner: Discovering "/home/yamz/sites/filez/app/api/mindmap/save"
2025-11-18T21:55:31.559186Z  INFO get_files:scan_sources: tailwindcss_oxide::scanner: Discovering "/home/yamz/sites/filez/app/api/share"
2025-11-18T21:55:31.559225Z  INFO get_files:scan_sources: tailwindcss_oxide::scanner: Discovering "/home/yamz/sites/filez/app/api/share/[token]"
2025-11-18T21:55:31.559279Z  INFO get_files:scan_sources: tailwindcss_oxide::scanner: Discovering "/home/yamz/sites/filez/app/api/uploads"
2025-11-18T21:55:31.559318Z  INFO get_files:scan_sources: tailwindcss_oxide::scanner: Discovering "/home/yamz/sites/filez/app/api/uploads/copy"
2025-11-18T21:55:31.559368Z  INFO get_files:scan_sources: tailwindcss_oxide::scanner: Discovering "/home/yamz/sites/filez/app/api/uploads/[id]"
2025-11-18T21:55:31.559408Z  INFO get_files:scan_sources: tailwindcss_oxide::scanner: Discovering "/home/yamz/sites/filez/app/api/uploads/[id]/share"
2025-11-18T21:55:31.559470Z  INFO get_files:scan_sources: tailwindcss_oxide::scanner: Discovering "/home/yamz/sites/filez/app/api/uploads/[id]/rename"
2025-11-18T21:55:31.559524Z  INFO get_files:scan_sources: tailwindcss_oxide::scanner: Discovering "/home/yamz/sites/filez/app/api/uploads/move"
2025-11-18T21:55:31.559584Z  INFO get_files:scan_sources: tailwindcss_oxide::scanner: Discovering "/home/yamz/sites/filez/app/api/folders"
2025-11-18T21:55:31.559621Z  INFO get_files:scan_sources: tailwindcss_oxide::scanner: Discovering "/home/yamz/sites/filez/app/api/folders/[id]"
2025-11-18T21:55:31.559692Z  INFO get_files:scan_sources: tailwindcss_oxide::scanner: Discovering "/home/yamz/sites/filez/app/api/uploadthing"
2025-11-18T21:55:31.559762Z  INFO get_files:scan_sources: tailwindcss_oxide::scanner: Discovering "/home/yamz/sites/filez/app/api/saved-searches"
2025-11-18T21:55:31.559807Z  INFO get_files:scan_sources: tailwindcss_oxide::scanner: Discovering "/home/yamz/sites/filez/app/api/versions"
2025-11-18T21:55:31.559845Z  INFO get_files:scan_sources: tailwindcss_oxide::scanner: Discovering "/home/yamz/sites/filez/app/api/stream"
2025-11-18T21:55:31.559873Z  INFO get_files:scan_sources: tailwindcss_oxide::scanner: Discovering "/home/yamz/sites/filez/app/api/stream/[id]"
2025-11-18T21:55:31.559913Z  INFO get_files:scan_sources: tailwindcss_oxide::scanner: Discovering "/home/yamz/sites/filez/app/api/import"
2025-11-18T21:55:31.559944Z  INFO get_files:scan_sources: tailwindcss_oxide::scanner: Discovering "/home/yamz/sites/filez/app/api/import/zip"
2025-11-18T21:55:31.559997Z  INFO get_files:scan_sources: tailwindcss_oxide::scanner: Discovering "/home/yamz/sites/filez/app/api/import/folder"
2025-11-18T21:55:31.560050Z  INFO get_files:scan_sources: tailwindcss_oxide::scanner: Discovering "/home/yamz/sites/filez/app/components"
2025-11-18T21:55:31.560240Z  INFO get_files:scan_sources: tailwindcss_oxide::scanner: Discovering "/home/yamz/sites/filez/app/components/ui"
2025-11-18T21:55:31.560404Z  INFO get_files:scan_sources: tailwindcss_oxide::scanner: Discovering "/home/yamz/sites/filez/lib"
2025-11-18T21:55:31.560471Z  INFO get_files:scan_sources: tailwindcss_oxide::scanner: Discovering "/home/yamz/sites/filez/public"
2025-11-18T21:55:31.560557Z  INFO get_files:scan_sources: tailwindcss_oxide::scanner: Discovering "/home/yamz/sites/filez/types"
2025-11-18T21:55:31.560667Z  INFO get_files:scan_sources: tailwindcss_oxide::scanner: Discovering "/home/yamz/sites/filez/migrations"
2025-11-18T21:55:31.560713Z  INFO get_files:scan_sources: tailwindcss_oxide::scanner: Discovering "/home/yamz/sites/filez/docs"
2025-11-18T21:55:31.560889Z  INFO get_files:scan_sources: tailwindcss_oxide::scanner: exit
2025-11-18T21:55:31.562109Z  INFO get_files: tailwindcss_oxide::scanner: exit
2025-11-18T21:55:31.562402Z  INFO get_globs: tailwindcss_oxide::scanner: enter
2025-11-18T21:55:31.562409Z  INFO get_globs:scan_sources: tailwindcss_oxide::scanner: enter
2025-11-18T21:55:31.564241Z  INFO get_globs:scan_sources: tailwindcss_oxide::scanner: Discovering "/home/yamz/sites/filez/db"
2025-11-18T21:55:31.564380Z  INFO get_globs:scan_sources: tailwindcss_oxide::scanner: Discovering "/home/yamz/sites/filez/logs"
2025-11-18T21:55:31.564430Z  INFO get_globs:scan_sources: tailwindcss_oxide::scanner: Discovering "/home/yamz/sites/filez/app"
2025-11-18T21:55:31.564464Z  INFO get_globs:scan_sources: tailwindcss_oxide::scanner: Discovering "/home/yamz/sites/filez/app/hooks"
2025-11-18T21:55:31.564516Z  INFO get_globs:scan_sources: tailwindcss_oxide::scanner: Discovering "/home/yamz/sites/filez/app/share"
2025-11-18T21:55:31.564555Z  INFO get_globs:scan_sources: tailwindcss_oxide::scanner: Discovering "/home/yamz/sites/filez/app/share/[token]"
2025-11-18T21:55:31.564637Z  INFO get_globs:scan_sources: tailwindcss_oxide::scanner: Discovering "/home/yamz/sites/filez/app/editor"
2025-11-18T21:55:31.564691Z  INFO get_globs:scan_sources: tailwindcss_oxide::scanner: Discovering "/home/yamz/sites/filez/app/api"
2025-11-18T21:55:31.564724Z  INFO get_globs:scan_sources: tailwindcss_oxide::scanner: Discovering "/home/yamz/sites/filez/app/api/mindmap"
2025-11-18T21:55:31.564755Z  INFO get_globs:scan_sources: tailwindcss_oxide::scanner: Discovering "/home/yamz/sites/filez/app/api/mindmap/save"
2025-11-18T21:55:31.564801Z  INFO get_globs:scan_sources: tailwindcss_oxide::scanner: Discovering "/home/yamz/sites/filez/app/api/share"
2025-11-18T21:55:31.564831Z  INFO get_globs:scan_sources: tailwindcss_oxide::scanner: Discovering "/home/yamz/sites/filez/app/api/share/[token]"
2025-11-18T21:55:31.564873Z  INFO get_globs:scan_sources: tailwindcss_oxide::scanner: Discovering "/home/yamz/sites/filez/app/api/uploads"
2025-11-18T21:55:31.564904Z  INFO get_globs:scan_sources: tailwindcss_oxide::scanner: Discovering "/home/yamz/sites/filez/app/api/uploads/copy"
2025-11-18T21:55:31.564942Z  INFO get_globs:scan_sources: tailwindcss_oxide::scanner: Discovering "/home/yamz/sites/filez/app/api/uploads/[id]"
2025-11-18T21:55:31.564986Z  INFO get_globs:scan_sources: tailwindcss_oxide::scanner: Discovering "/home/yamz/sites/filez/app/api/uploads/[id]/share"
2025-11-18T21:55:31.565039Z  INFO get_globs:scan_sources: tailwindcss_oxide::scanner: Discovering "/home/yamz/sites/filez/app/api/uploads/[id]/rename"
2025-11-18T21:55:31.565113Z  INFO get_globs:scan_sources: tailwindcss_oxide::scanner: Discovering "/home/yamz/sites/filez/app/api/uploads/move"
2025-11-18T21:55:31.565165Z  INFO get_globs:scan_sources: tailwindcss_oxide::scanner: Discovering "/home/yamz/sites/filez/app/api/folders"
2025-11-18T21:55:31.565194Z  INFO get_globs:scan_sources: tailwindcss_oxide::scanner: Discovering "/home/yamz/sites/filez/app/api/folders/[id]"
2025-11-18T21:55:31.565243Z  INFO get_globs:scan_sources: tailwindcss_oxide::scanner: Discovering "/home/yamz/sites/filez/app/api/uploadthing"
2025-11-18T21:55:31.565289Z  INFO get_globs:scan_sources: tailwindcss_oxide::scanner: Discovering "/home/yamz/sites/filez/app/api/saved-searches"
2025-11-18T21:55:31.565331Z  INFO get_globs:scan_sources: tailwindcss_oxide::scanner: Discovering "/home/yamz/sites/filez/app/api/versions"
2025-11-18T21:55:31.565384Z  INFO get_globs:scan_sources: tailwindcss_oxide::scanner: Discovering "/home/yamz/sites/filez/app/api/stream"
2025-11-18T21:55:31.565423Z  INFO get_globs:scan_sources: tailwindcss_oxide::scanner: Discovering "/home/yamz/sites/filez/app/api/stream/[id]"
2025-11-18T21:55:31.565498Z  INFO get_globs:scan_sources: tailwindcss_oxide::scanner: Discovering "/home/yamz/sites/filez/app/api/import"
2025-11-18T21:55:31.565540Z  INFO get_globs:scan_sources: tailwindcss_oxide::scanner: Discovering "/home/yamz/sites/filez/app/api/import/zip"
2025-11-18T21:55:31.565614Z  INFO get_globs:scan_sources: tailwindcss_oxide::scanner: Discovering "/home/yamz/sites/filez/app/api/import/folder"
2025-11-18T21:55:31.565685Z  INFO get_globs:scan_sources: tailwindcss_oxide::scanner: Discovering "/home/yamz/sites/filez/app/components"
2025-11-18T21:55:31.565889Z  INFO get_globs:scan_sources: tailwindcss_oxide::scanner: Discovering "/home/yamz/sites/filez/app/components/ui"
2025-11-18T21:55:31.566146Z  INFO get_globs:scan_sources: tailwindcss_oxide::scanner: Discovering "/home/yamz/sites/filez/lib"
2025-11-18T21:55:31.566259Z  INFO get_globs:scan_sources: tailwindcss_oxide::scanner: Discovering "/home/yamz/sites/filez/public"
2025-11-18T21:55:31.566355Z  INFO get_globs:scan_sources: tailwindcss_oxide::scanner: Discovering "/home/yamz/sites/filez/types"
2025-11-18T21:55:31.566453Z  INFO get_globs:scan_sources: tailwindcss_oxide::scanner: Discovering "/home/yamz/sites/filez/migrations"
2025-11-18T21:55:31.566502Z  INFO get_globs:scan_sources: tailwindcss_oxide::scanner: Discovering "/home/yamz/sites/filez/docs"
2025-11-18T21:55:31.566710Z  INFO get_globs:scan_sources: tailwindcss_oxide::scanner: exit
2025-11-18T21:55:31.569684Z  INFO get_globs: tailwindcss_oxide::scanner: exit
2025-11-18T21:56:40.372594Z  INFO scan_sources: tailwindcss_oxide::scanner: enter
2025-11-18T21:56:40.373494Z  INFO scan_sources: tailwindcss_oxide::scanner: Discovering "/home/yamz/sites/filez/db"
2025-11-18T21:56:40.373917Z  INFO scan_sources: tailwindcss_oxide::scanner: Discovering "/home/yamz/sites/filez/logs"
2025-11-18T21:56:40.374081Z  INFO scan_sources: tailwindcss_oxide::scanner: Discovering "/home/yamz/sites/filez/app"
2025-11-18T21:56:40.374207Z  INFO scan_sources: tailwindcss_oxide::scanner: Discovering "/home/yamz/sites/filez/app/hooks"
2025-11-18T21:56:40.374358Z  INFO scan_sources: tailwindcss_oxide::scanner: Discovering "/home/yamz/sites/filez/app/share"
2025-11-18T21:56:40.374467Z  INFO scan_sources: tailwindcss_oxide::scanner: Discovering "/home/yamz/sites/filez/app/share/[token]"
2025-11-18T21:56:40.374605Z  INFO scan_sources: tailwindcss_oxide::scanner: Discovering "/home/yamz/sites/filez/app/editor"
2025-11-18T21:56:40.374737Z  INFO scan_sources: tailwindcss_oxide::scanner: Discovering "/home/yamz/sites/filez/app/api"
2025-11-18T21:56:40.374845Z  INFO scan_sources: tailwindcss_oxide::scanner: Discovering "/home/yamz/sites/filez/app/api/mindmap"
2025-11-18T21:56:40.374950Z  INFO scan_sources: tailwindcss_oxide::scanner: Discovering "/home/yamz/sites/filez/app/api/mindmap/save"
2025-11-18T21:56:40.375025Z  INFO scan_sources: tailwindcss_oxide::scanner: Discovering "/home/yamz/sites/filez/app/api/share"
2025-11-18T21:56:40.375063Z  INFO scan_sources: tailwindcss_oxide::scanner: Discovering "/home/yamz/sites/filez/app/api/share/[token]"
2025-11-18T21:56:40.375117Z  INFO scan_sources: tailwindcss_oxide::scanner: Discovering "/home/yamz/sites/filez/app/api/uploads"
2025-11-18T21:56:40.375155Z  INFO scan_sources: tailwindcss_oxide::scanner: Discovering "/home/yamz/sites/filez/app/api/uploads/copy"
2025-11-18T21:56:40.375205Z  INFO scan_sources: tailwindcss_oxide::scanner: Discovering "/home/yamz/sites/filez/app/api/uploads/[id]"
2025-11-18T21:56:40.375244Z  INFO scan_sources: tailwindcss_oxide::scanner: Discovering "/home/yamz/sites/filez/app/api/uploads/[id]/share"
2025-11-18T21:56:40.375317Z  INFO scan_sources: tailwindcss_oxide::scanner: Discovering "/home/yamz/sites/filez/app/api/uploads/[id]/rename"
2025-11-18T21:56:40.375384Z  INFO scan_sources: tailwindcss_oxide::scanner: Discovering "/home/yamz/sites/filez/app/api/uploads/move"
2025-11-18T21:56:40.375454Z  INFO scan_sources: tailwindcss_oxide::scanner: Discovering "/home/yamz/sites/filez/app/api/folders"
2025-11-18T21:56:40.375492Z  INFO scan_sources: tailwindcss_oxide::scanner: Discovering "/home/yamz/sites/filez/app/api/folders/[id]"
2025-11-18T21:56:40.375574Z  INFO scan_sources: tailwindcss_oxide::scanner: Discovering "/home/yamz/sites/filez/app/api/uploadthing"
2025-11-18T21:56:40.375630Z  INFO scan_sources: tailwindcss_oxide::scanner: Discovering "/home/yamz/sites/filez/app/api/saved-searches"
2025-11-18T21:56:40.375684Z  INFO scan_sources: tailwindcss_oxide::scanner: Discovering "/home/yamz/sites/filez/app/api/versions"
2025-11-18T21:56:40.375732Z  INFO scan_sources: tailwindcss_oxide::scanner: Discovering "/home/yamz/sites/filez/app/api/stream"
2025-11-18T21:56:40.375767Z  INFO scan_sources: tailwindcss_oxide::scanner: Discovering "/home/yamz/sites/filez/app/api/stream/[id]"
2025-11-18T21:56:40.375817Z  INFO scan_sources: tailwindcss_oxide::scanner: Discovering "/home/yamz/sites/filez/app/api/import"
2025-11-18T21:56:40.375855Z  INFO scan_sources: tailwindcss_oxide::scanner: Discovering "/home/yamz/sites/filez/app/api/import/zip"
2025-11-18T21:56:40.375903Z  INFO scan_sources: tailwindcss_oxide::scanner: Discovering "/home/yamz/sites/filez/app/api/import/folder"
2025-11-18T21:56:40.375959Z  INFO scan_sources: tailwindcss_oxide::scanner: Discovering "/home/yamz/sites/filez/app/components"
2025-11-18T21:56:40.376180Z  INFO scan_sources: tailwindcss_oxide::scanner: Discovering "/home/yamz/sites/filez/app/components/ui"
2025-11-18T21:56:40.376370Z  INFO scan_sources: tailwindcss_oxide::scanner: Discovering "/home/yamz/sites/filez/lib"
2025-11-18T21:56:40.376457Z  INFO scan_sources: tailwindcss_oxide::scanner: Discovering "/home/yamz/sites/filez/public"
2025-11-18T21:56:40.376588Z  INFO scan_sources: tailwindcss_oxide::scanner: Discovering "/home/yamz/sites/filez/types"
2025-11-18T21:56:40.376742Z  INFO scan_sources: tailwindcss_oxide::scanner: Discovering "/home/yamz/sites/filez/migrations"
2025-11-18T21:56:40.376832Z  INFO scan_sources: tailwindcss_oxide::scanner: Discovering "/home/yamz/sites/filez/docs"
2025-11-18T21:56:40.377096Z  INFO scan_sources: tailwindcss_oxide::scanner: exit
2025-11-18T21:56:40.377118Z  INFO extract_candidates: tailwindcss_oxide::scanner: enter
2025-11-18T21:56:40.377125Z  INFO extract_candidates:read_all_files: tailwindcss_oxide::scanner: enter
2025-11-18T21:56:40.377130Z  INFO extract_candidates:read_all_files: tailwindcss_oxide::scanner: Reading 0 file(s)
2025-11-18T21:56:40.377138Z  INFO extract_candidates:read_all_files: tailwindcss_oxide::scanner: exit
2025-11-18T21:56:40.377144Z  INFO extract_candidates:parse_all_blobs: tailwindcss_oxide::scanner: enter
2025-11-18T21:56:40.377150Z  INFO extract_candidates:parse_all_blobs:extract: tailwindcss_oxide::scanner: enter
2025-11-18T21:56:40.377157Z  INFO extract_candidates:parse_all_blobs:extract: tailwindcss_oxide::scanner: exit
2025-11-18T21:56:40.377163Z  INFO extract_candidates:parse_all_blobs: tailwindcss_oxide::scanner: exit
2025-11-18T21:56:40.377171Z  INFO extract_candidates: tailwindcss_oxide::scanner: exit
2025-11-18T21:56:40.379517Z  INFO get_files: tailwindcss_oxide::scanner: enter
2025-11-18T21:56:40.379565Z  INFO get_files:scan_sources: tailwindcss_oxide::scanner: enter
2025-11-18T21:56:40.380398Z  INFO get_files:scan_sources: tailwindcss_oxide::scanner: Discovering "/home/yamz/sites/filez/db"
2025-11-18T21:56:40.380602Z  INFO get_files:scan_sources: tailwindcss_oxide::scanner: Discovering "/home/yamz/sites/filez/logs"
2025-11-18T21:56:40.380692Z  INFO get_files:scan_sources: tailwindcss_oxide::scanner: Discovering "/home/yamz/sites/filez/app"
2025-11-18T21:56:40.380754Z  INFO get_files:scan_sources: tailwindcss_oxide::scanner: Discovering "/home/yamz/sites/filez/app/hooks"
2025-11-18T21:56:40.380846Z  INFO get_files:scan_sources: tailwindcss_oxide::scanner: Discovering "/home/yamz/sites/filez/app/share"
2025-11-18T21:56:40.380903Z  INFO get_files:scan_sources: tailwindcss_oxide::scanner: Discovering "/home/yamz/sites/filez/app/share/[token]"
2025-11-18T21:56:40.381005Z  INFO get_files:scan_sources: tailwindcss_oxide::scanner: Discovering "/home/yamz/sites/filez/app/editor"
2025-11-18T21:56:40.381118Z  INFO get_files:scan_sources: tailwindcss_oxide::scanner: Discovering "/home/yamz/sites/filez/app/api"
2025-11-18T21:56:40.381180Z  INFO get_files:scan_sources: tailwindcss_oxide::scanner: Discovering "/home/yamz/sites/filez/app/api/mindmap"
2025-11-18T21:56:40.381231Z  INFO get_files:scan_sources: tailwindcss_oxide::scanner: Discovering "/home/yamz/sites/filez/app/api/mindmap/save"
2025-11-18T21:56:40.381304Z  INFO get_files:scan_sources: tailwindcss_oxide::scanner: Discovering "/home/yamz/sites/filez/app/api/share"
2025-11-18T21:56:40.381360Z  INFO get_files:scan_sources: tailwindcss_oxide::scanner: Discovering "/home/yamz/sites/filez/app/api/share/[token]"
2025-11-18T21:56:40.381427Z  INFO get_files:scan_sources: tailwindcss_oxide::scanner: Discovering "/home/yamz/sites/filez/app/api/uploads"
2025-11-18T21:56:40.381482Z  INFO get_files:scan_sources: tailwindcss_oxide::scanner: Discovering "/home/yamz/sites/filez/app/api/uploads/copy"
2025-11-18T21:56:40.381558Z  INFO get_files:scan_sources: tailwindcss_oxide::scanner: Discovering "/home/yamz/sites/filez/app/api/uploads/[id]"
2025-11-18T21:56:40.381610Z  INFO get_files:scan_sources: tailwindcss_oxide::scanner: Discovering "/home/yamz/sites/filez/app/api/uploads/[id]/share"
2025-11-18T21:56:40.381689Z  INFO get_files:scan_sources: tailwindcss_oxide::scanner: Discovering "/home/yamz/sites/filez/app/api/uploads/[id]/rename"
2025-11-18T21:56:40.381765Z  INFO get_files:scan_sources: tailwindcss_oxide::scanner: Discovering "/home/yamz/sites/filez/app/api/uploads/move"
2025-11-18T21:56:40.381851Z  INFO get_files:scan_sources: tailwindcss_oxide::scanner: Discovering "/home/yamz/sites/filez/app/api/folders"
2025-11-18T21:56:40.381909Z  INFO get_files:scan_sources: tailwindcss_oxide::scanner: Discovering "/home/yamz/sites/filez/app/api/folders/[id]"
2025-11-18T21:56:40.381999Z  INFO get_files:scan_sources: tailwindcss_oxide::scanner: Discovering "/home/yamz/sites/filez/app/api/uploadthing"
2025-11-18T21:56:40.382080Z  INFO get_files:scan_sources: tailwindcss_oxide::scanner: Discovering "/home/yamz/sites/filez/app/api/saved-searches"
2025-11-18T21:56:40.382159Z  INFO get_files:scan_sources: tailwindcss_oxide::scanner: Discovering "/home/yamz/sites/filez/app/api/versions"
2025-11-18T21:56:40.382229Z  INFO get_files:scan_sources: tailwindcss_oxide::scanner: Discovering "/home/yamz/sites/filez/app/api/stream"
2025-11-18T21:56:40.382282Z  INFO get_files:scan_sources: tailwindcss_oxide::scanner: Discovering "/home/yamz/sites/filez/app/api/stream/[id]"
2025-11-18T21:56:40.382347Z  INFO get_files:scan_sources: tailwindcss_oxide::scanner: Discovering "/home/yamz/sites/filez/app/api/import"
2025-11-18T21:56:40.382407Z  INFO get_files:scan_sources: tailwindcss_oxide::scanner: Discovering "/home/yamz/sites/filez/app/api/import/zip"
2025-11-18T21:56:40.382468Z  INFO get_files:scan_sources: tailwindcss_oxide::scanner: Discovering "/home/yamz/sites/filez/app/api/import/folder"
2025-11-18T21:56:40.382548Z  INFO get_files:scan_sources: tailwindcss_oxide::scanner: Discovering "/home/yamz/sites/filez/app/components"
2025-11-18T21:56:40.382770Z  INFO get_files:scan_sources: tailwindcss_oxide::scanner: Discovering "/home/yamz/sites/filez/app/components/ui"
2025-11-18T21:56:40.383036Z  INFO get_files:scan_sources: tailwindcss_oxide::scanner: Discovering "/home/yamz/sites/filez/lib"
2025-11-18T21:56:40.383150Z  INFO get_files:scan_sources: tailwindcss_oxide::scanner: Discovering "/home/yamz/sites/filez/public"
2025-11-18T21:56:40.383296Z  INFO get_files:scan_sources: tailwindcss_oxide::scanner: Discovering "/home/yamz/sites/filez/types"
2025-11-18T21:56:40.383458Z  INFO get_files:scan_sources: tailwindcss_oxide::scanner: Discovering "/home/yamz/sites/filez/migrations"
2025-11-18T21:56:40.383609Z  INFO get_files:scan_sources: tailwindcss_oxide::scanner: Discovering "/home/yamz/sites/filez/docs"
2025-11-18T21:56:40.383886Z  INFO get_files:scan_sources: tailwindcss_oxide::scanner: exit
2025-11-18T21:56:40.384490Z  INFO get_files: tailwindcss_oxide::scanner: exit
2025-11-18T21:56:40.385435Z  INFO get_globs: tailwindcss_oxide::scanner: enter
2025-11-18T21:56:40.385475Z  INFO get_globs: tailwindcss_oxide::scanner: exit
