2025-11-18T21:04:34.082561Z  INFO tailwindcss_oxide::scanner: Provided sources:
2025-11-18T21:04:34.082626Z  INFO tailwindcss_oxide::scanner: Source: PublicSourceEntry { base: "/home/yamz/sites/filez", pattern: "**/*", negated: false }
2025-11-18T21:04:34.082691Z  INFO tailwindcss_oxide::scanner: Optimized sources:
2025-11-18T21:04:34.082697Z  INFO tailwindcss_oxide::scanner: Source: Auto { base: "/home/yamz/sites/filez" }
2025-11-18T21:04:34.085885Z  INFO scan_sources: tailwindcss_oxide::scanner: enter
2025-11-18T21:04:34.086817Z  INFO scan_sources: tailwindcss_oxide::scanner: Discovering "/home/yamz/sites/filez/db"
2025-11-18T21:04:34.086938Z  INFO scan_sources: tailwindcss_oxide::scanner: Discovering "/home/yamz/sites/filez/db/schema.sql"
2025-11-18T21:04:34.086988Z  INFO scan_sources: tailwindcss_oxide::scanner: Discovering "/home/yamz/sites/filez/db/create-database.sql"
2025-11-18T21:04:34.087020Z  INFO scan_sources: tailwindcss_oxide::scanner: Discovering "/home/yamz/sites/filez/db/init.ts"
2025-11-18T21:04:34.087041Z  INFO scan_sources: tailwindcss_oxide::scanner: Discovering "/home/yamz/sites/filez/db/test-connection.ts"
2025-11-18T21:04:34.087063Z  INFO scan_sources: tailwindcss_oxide::scanner: Discovering "/home/yamz/sites/filez/db/add-sharing-columns.ts"
2025-11-18T21:04:34.087104Z  INFO scan_sources: tailwindcss_oxide::scanner: Discovering "/home/yamz/sites/filez/eslint.config.mjs"
2025-11-18T21:04:34.087126Z  INFO scan_sources: tailwindcss_oxide::scanner: Discovering "/home/yamz/sites/filez/postcss.config.mjs"
2025-11-18T21:04:34.087179Z  INFO scan_sources: tailwindcss_oxide::scanner: Discovering "/home/yamz/sites/filez/logs"
2025-11-18T21:04:34.087242Z  INFO scan_sources: tailwindcss_oxide::scanner: Discovering "/home/yamz/sites/filez/app"
2025-11-18T21:04:34.087304Z  INFO scan_sources: tailwindcss_oxide::scanner: Discovering "/home/yamz/sites/filez/app/hooks"
2025-11-18T21:04:34.087357Z  INFO scan_sources: tailwindcss_oxide::scanner: Discovering "/home/yamz/sites/filez/app/hooks/useDialog.ts"
2025-11-18T21:04:34.087387Z  INFO scan_sources: tailwindcss_oxide::scanner: Discovering "/home/yamz/sites/filez/app/layout.tsx"
2025-11-18T21:04:34.087419Z  INFO scan_sources: tailwindcss_oxide::scanner: Discovering "/home/yamz/sites/filez/app/share"
2025-11-18T21:04:34.087472Z  INFO scan_sources: tailwindcss_oxide::scanner: Discovering "/home/yamz/sites/filez/app/share/[token]"
2025-11-18T21:04:34.087517Z  INFO scan_sources: tailwindcss_oxide::scanner: Discovering "/home/yamz/sites/filez/app/share/[token]/page.tsx"
2025-11-18T21:04:34.087547Z  INFO scan_sources: tailwindcss_oxide::scanner: Discovering "/home/yamz/sites/filez/app/globals.css"
2025-11-18T21:04:34.087568Z  INFO scan_sources: tailwindcss_oxide::scanner: Discovering "/home/yamz/sites/filez/app/editor"
2025-11-18T21:04:34.087601Z  INFO scan_sources: tailwindcss_oxide::scanner: Discovering "/home/yamz/sites/filez/app/editor/page.tsx"
2025-11-18T21:04:34.087634Z  INFO scan_sources: tailwindcss_oxide::scanner: Discovering "/home/yamz/sites/filez/app/page.tsx"
2025-11-18T21:04:34.087654Z  INFO scan_sources: tailwindcss_oxide::scanner: Discovering "/home/yamz/sites/filez/app/api"
2025-11-18T21:04:34.087699Z  INFO scan_sources: tailwindcss_oxide::scanner: Discovering "/home/yamz/sites/filez/app/api/mindmap"
2025-11-18T21:04:34.087743Z  INFO scan_sources: tailwindcss_oxide::scanner: Discovering "/home/yamz/sites/filez/app/api/mindmap/save"
2025-11-18T21:04:34.087784Z  INFO scan_sources: tailwindcss_oxide::scanner: Discovering "/home/yamz/sites/filez/app/api/mindmap/save/route.ts"
2025-11-18T21:04:34.087815Z  INFO scan_sources: tailwindcss_oxide::scanner: Discovering "/home/yamz/sites/filez/app/api/share"
2025-11-18T21:04:34.087853Z  INFO scan_sources: tailwindcss_oxide::scanner: Discovering "/home/yamz/sites/filez/app/api/share/[token]"
2025-11-18T21:04:34.087894Z  INFO scan_sources: tailwindcss_oxide::scanner: Discovering "/home/yamz/sites/filez/app/api/share/[token]/route.ts"
2025-11-18T21:04:34.087925Z  INFO scan_sources: tailwindcss_oxide::scanner: Discovering "/home/yamz/sites/filez/app/api/uploads"
2025-11-18T21:04:34.088022Z  INFO scan_sources: tailwindcss_oxide::scanner: Discovering "/home/yamz/sites/filez/app/api/uploads/copy"
2025-11-18T21:04:34.088072Z  INFO scan_sources: tailwindcss_oxide::scanner: Discovering "/home/yamz/sites/filez/app/api/uploads/copy/route.ts"
2025-11-18T21:04:34.088108Z  INFO scan_sources: tailwindcss_oxide::scanner: Discovering "/home/yamz/sites/filez/app/api/uploads/[id]"
2025-11-18T21:04:34.088163Z  INFO scan_sources: tailwindcss_oxide::scanner: Discovering "/home/yamz/sites/filez/app/api/uploads/[id]/share"
2025-11-18T21:04:34.088213Z  INFO scan_sources: tailwindcss_oxide::scanner: Discovering "/home/yamz/sites/filez/app/api/uploads/[id]/share/route.ts"
2025-11-18T21:04:34.088240Z  INFO scan_sources: tailwindcss_oxide::scanner: Discovering "/home/yamz/sites/filez/app/api/uploads/[id]/route.ts"
2025-11-18T21:04:34.088264Z  INFO scan_sources: tailwindcss_oxide::scanner: Discovering "/home/yamz/sites/filez/app/api/uploads/[id]/rename"
2025-11-18T21:04:34.088301Z  INFO scan_sources: tailwindcss_oxide::scanner: Discovering "/home/yamz/sites/filez/app/api/uploads/[id]/rename/route.ts"
2025-11-18T21:04:34.088331Z  INFO scan_sources: tailwindcss_oxide::scanner: Discovering "/home/yamz/sites/filez/app/api/uploads/move"
2025-11-18T21:04:34.088365Z  INFO scan_sources: tailwindcss_oxide::scanner: Discovering "/home/yamz/sites/filez/app/api/uploads/move/route.ts"
2025-11-18T21:04:34.088390Z  INFO scan_sources: tailwindcss_oxide::scanner: Discovering "/home/yamz/sites/filez/app/api/uploads/route.ts"
2025-11-18T21:04:34.088426Z  INFO scan_sources: tailwindcss_oxide::scanner: Discovering "/home/yamz/sites/filez/app/api/folders"
2025-11-18T21:04:34.088479Z  INFO scan_sources: tailwindcss_oxide::scanner: Discovering "/home/yamz/sites/filez/app/api/folders/[id]"
2025-11-18T21:04:34.088527Z  INFO scan_sources: tailwindcss_oxide::scanner: Discovering "/home/yamz/sites/filez/app/api/folders/[id]/route.ts"
2025-11-18T21:04:34.088552Z  INFO scan_sources: tailwindcss_oxide::scanner: Discovering "/home/yamz/sites/filez/app/api/folders/route.ts"
2025-11-18T21:04:34.088579Z  INFO scan_sources: tailwindcss_oxide::scanner: Discovering "/home/yamz/sites/filez/app/api/uploadthing"
2025-11-18T21:04:34.088622Z  INFO scan_sources: tailwindcss_oxide::scanner: Discovering "/home/yamz/sites/filez/app/api/uploadthing/route.ts"
2025-11-18T21:04:34.088648Z  INFO scan_sources: tailwindcss_oxide::scanner: Discovering "/home/yamz/sites/filez/app/api/uploadthing/core.ts"
2025-11-18T21:04:34.088679Z  INFO scan_sources: tailwindcss_oxide::scanner: Discovering "/home/yamz/sites/filez/app/api/saved-searches"
2025-11-18T21:04:34.088726Z  INFO scan_sources: tailwindcss_oxide::scanner: Discovering "/home/yamz/sites/filez/app/api/saved-searches/route.ts"
2025-11-18T21:04:34.088776Z  INFO scan_sources: tailwindcss_oxide::scanner: Discovering "/home/yamz/sites/filez/app/api/versions"
2025-11-18T21:04:34.088817Z  INFO scan_sources: tailwindcss_oxide::scanner: Discovering "/home/yamz/sites/filez/app/api/versions/route.ts"
2025-11-18T21:04:34.088842Z  INFO scan_sources: tailwindcss_oxide::scanner: Discovering "/home/yamz/sites/filez/app/api/stream"
2025-11-18T21:04:34.088882Z  INFO scan_sources: tailwindcss_oxide::scanner: Discovering "/home/yamz/sites/filez/app/api/stream/[id]"
2025-11-18T21:04:34.088927Z  INFO scan_sources: tailwindcss_oxide::scanner: Discovering "/home/yamz/sites/filez/app/api/stream/[id]/route.ts"
2025-11-18T21:04:34.088966Z  INFO scan_sources: tailwindcss_oxide::scanner: Discovering "/home/yamz/sites/filez/app/api/import"
2025-11-18T21:04:34.089057Z  INFO scan_sources: tailwindcss_oxide::scanner: Discovering "/home/yamz/sites/filez/app/api/import/zip"
2025-11-18T21:04:34.089134Z  INFO scan_sources: tailwindcss_oxide::scanner: Discovering "/home/yamz/sites/filez/app/api/import/zip/route.ts"
2025-11-18T21:04:34.089193Z  INFO scan_sources: tailwindcss_oxide::scanner: Discovering "/home/yamz/sites/filez/app/api/import/folder"
2025-11-18T21:04:34.089241Z  INFO scan_sources: tailwindcss_oxide::scanner: Discovering "/home/yamz/sites/filez/app/api/import/folder/route.ts"
2025-11-18T21:04:34.089314Z  INFO scan_sources: tailwindcss_oxide::scanner: Discovering "/home/yamz/sites/filez/app/components"
2025-11-18T21:04:34.089367Z  INFO scan_sources: tailwindcss_oxide::scanner: Discovering "/home/yamz/sites/filez/app/components/FilterBar.tsx"
2025-11-18T21:04:34.089388Z  INFO scan_sources: tailwindcss_oxide::scanner: Discovering "/home/yamz/sites/filez/app/components/AdvancedSearchBar.tsx"
2025-11-18T21:04:34.089406Z  INFO scan_sources: tailwindcss_oxide::scanner: Discovering "/home/yamz/sites/filez/app/components/FolderCard.tsx"
2025-11-18T21:04:34.089432Z  INFO scan_sources: tailwindcss_oxide::scanner: Discovering "/home/yamz/sites/filez/app/components/MindMapEditor.tsx"
2025-11-18T21:04:34.089465Z  INFO scan_sources: tailwindcss_oxide::scanner: Discovering "/home/yamz/sites/filez/app/components/DocumentCard.tsx"
2025-11-18T21:04:34.089485Z  INFO scan_sources: tailwindcss_oxide::scanner: Discovering "/home/yamz/sites/filez/app/components/UploadStatusIndicator.tsx"
2025-11-18T21:04:34.089502Z  INFO scan_sources: tailwindcss_oxide::scanner: Discovering "/home/yamz/sites/filez/app/components/SpreadsheetEditor.tsx"
2025-11-18T21:04:34.089524Z  INFO scan_sources: tailwindcss_oxide::scanner: Discovering "/home/yamz/sites/filez/app/components/DocViewer.tsx"
2025-11-18T21:04:34.089542Z  INFO scan_sources: tailwindcss_oxide::scanner: Discovering "/home/yamz/sites/filez/app/components/ShareFileModal.tsx"
2025-11-18T21:04:34.089564Z  INFO scan_sources: tailwindcss_oxide::scanner: Discovering "/home/yamz/sites/filez/app/components/ImportModal.tsx"
2025-11-18T21:04:34.089582Z  INFO scan_sources: tailwindcss_oxide::scanner: Discovering "/home/yamz/sites/filez/app/components/CodeEditor.tsx"
2025-11-18T21:04:34.089599Z  INFO scan_sources: tailwindcss_oxide::scanner: Discovering "/home/yamz/sites/filez/app/components/EnhancedUploadModal.tsx"
2025-11-18T21:04:34.089619Z  INFO scan_sources: tailwindcss_oxide::scanner: Discovering "/home/yamz/sites/filez/app/components/FileIcon.tsx"
2025-11-18T21:04:34.089636Z  INFO scan_sources: tailwindcss_oxide::scanner: Discovering "/home/yamz/sites/filez/app/components/EpubReaderModal.tsx"
2025-11-18T21:04:34.089653Z  INFO scan_sources: tailwindcss_oxide::scanner: Discovering "/home/yamz/sites/filez/app/components/RenameDialog.tsx"
2025-11-18T21:04:34.089671Z  INFO scan_sources: tailwindcss_oxide::scanner: Discovering "/home/yamz/sites/filez/app/components/DocumentPreviewList.tsx"
2025-11-18T21:04:34.089689Z  INFO scan_sources: tailwindcss_oxide::scanner: Discovering "/home/yamz/sites/filez/app/components/ImageViewer.tsx"
2025-11-18T21:04:34.089714Z  INFO scan_sources: tailwindcss_oxide::scanner: Discovering "/home/yamz/sites/filez/app/components/ui"
2025-11-18T21:04:34.089754Z  INFO scan_sources: tailwindcss_oxide::scanner: Discovering "/home/yamz/sites/filez/app/components/ui/DialogVariants.tsx"
2025-11-18T21:04:34.089780Z  INFO scan_sources: tailwindcss_oxide::scanner: Discovering "/home/yamz/sites/filez/app/components/VersionHistoryModal.tsx"
2025-11-18T21:04:34.089799Z  INFO scan_sources: tailwindcss_oxide::scanner: Discovering "/home/yamz/sites/filez/app/components/DocumentsList.tsx"
2025-11-18T21:04:34.089817Z  INFO scan_sources: tailwindcss_oxide::scanner: Discovering "/home/yamz/sites/filez/app/components/WYSIWYGEditor.tsx"
2025-11-18T21:04:34.089835Z  INFO scan_sources: tailwindcss_oxide::scanner: Discovering "/home/yamz/sites/filez/app/components/PdfViewer.tsx"
2025-11-18T21:04:34.089861Z  INFO scan_sources: tailwindcss_oxide::scanner: Discovering "/home/yamz/sites/filez/app/components/BulkActionsBar.tsx"
2025-11-18T21:04:34.089890Z  INFO scan_sources: tailwindcss_oxide::scanner: Discovering "/home/yamz/sites/filez/app/components/CreateFolderModal.tsx"
2025-11-18T21:04:34.089914Z  INFO scan_sources: tailwindcss_oxide::scanner: Discovering "/home/yamz/sites/filez/app/components/EnhancedDocumentViewer.tsx"
2025-11-18T21:04:34.089966Z  INFO scan_sources: tailwindcss_oxide::scanner: Discovering "/home/yamz/sites/filez/next.config.ts"
2025-11-18T21:04:34.090119Z  INFO scan_sources: tailwindcss_oxide::scanner: Discovering "/home/yamz/sites/filez/tsconfig.json"
2025-11-18T21:04:34.090156Z  INFO scan_sources: tailwindcss_oxide::scanner: Discovering "/home/yamz/sites/filez/.env.example"
2025-11-18T21:04:34.090191Z  INFO scan_sources: tailwindcss_oxide::scanner: Discovering "/home/yamz/sites/filez/lib"
2025-11-18T21:04:34.090261Z  INFO scan_sources: tailwindcss_oxide::scanner: Discovering "/home/yamz/sites/filez/lib/utils.ts"
2025-11-18T21:04:34.090290Z  INFO scan_sources: tailwindcss_oxide::scanner: Discovering "/home/yamz/sites/filez/lib/uploadQueue.ts"
2025-11-18T21:04:34.090308Z  INFO scan_sources: tailwindcss_oxide::scanner: Discovering "/home/yamz/sites/filez/lib/uploadthing.ts"
2025-11-18T21:04:34.090328Z  INFO scan_sources: tailwindcss_oxide::scanner: Discovering "/home/yamz/sites/filez/lib/db.ts"
2025-11-18T21:04:34.090344Z  INFO scan_sources: tailwindcss_oxide::scanner: Discovering "/home/yamz/sites/filez/lib/epub-db.ts"
2025-11-18T21:04:34.090376Z  INFO scan_sources: tailwindcss_oxide::scanner: Discovering "/home/yamz/sites/filez/public"
2025-11-18T21:04:34.090425Z  INFO scan_sources: tailwindcss_oxide::scanner: Discovering "/home/yamz/sites/filez/public/next.svg"
2025-11-18T21:04:34.090444Z  INFO scan_sources: tailwindcss_oxide::scanner: Discovering "/home/yamz/sites/filez/public/globe.svg"
2025-11-18T21:04:34.090475Z  INFO scan_sources: tailwindcss_oxide::scanner: Discovering "/home/yamz/sites/filez/public/vercel.svg"
2025-11-18T21:04:34.090502Z  INFO scan_sources: tailwindcss_oxide::scanner: Discovering "/home/yamz/sites/filez/public/file.svg"
2025-11-18T21:04:34.090532Z  INFO scan_sources: tailwindcss_oxide::scanner: Discovering "/home/yamz/sites/filez/public/window.svg"
2025-11-18T21:04:34.090573Z  INFO scan_sources: tailwindcss_oxide::scanner: Discovering "/home/yamz/sites/filez/package.json"
2025-11-18T21:04:34.090598Z  INFO scan_sources: tailwindcss_oxide::scanner: Discovering "/home/yamz/sites/filez/types"
2025-11-18T21:04:34.090640Z  INFO scan_sources: tailwindcss_oxide::scanner: Discovering "/home/yamz/sites/filez/types/mammoth.d.ts"
2025-11-18T21:04:34.090717Z  INFO scan_sources: tailwindcss_oxide::scanner: Discovering "/home/yamz/sites/filez/README.md"
2025-11-18T21:04:34.090740Z  INFO scan_sources: tailwindcss_oxide::scanner: Discovering "/home/yamz/sites/filez/components.json"
2025-11-18T21:04:34.090779Z  INFO scan_sources: tailwindcss_oxide::scanner: Discovering "/home/yamz/sites/filez/migrations"
2025-11-18T21:04:34.090830Z  INFO scan_sources: tailwindcss_oxide::scanner: Discovering "/home/yamz/sites/filez/migrations/004_add_deleted_at.sql"
2025-11-18T21:04:34.090850Z  INFO scan_sources: tailwindcss_oxide::scanner: Discovering "/home/yamz/sites/filez/migrations/003_add_folders.sql"
2025-11-18T21:04:34.090876Z  INFO scan_sources: tailwindcss_oxide::scanner: Discovering "/home/yamz/sites/filez/docs"
2025-11-18T21:04:34.090914Z  INFO scan_sources: tailwindcss_oxide::scanner: Discovering "/home/yamz/sites/filez/docs/FEATURES.md"
2025-11-18T21:04:34.090932Z  INFO scan_sources: tailwindcss_oxide::scanner: Discovering "/home/yamz/sites/filez/docs/DEPLOYMENT.md"
2025-11-18T21:04:34.090949Z  INFO scan_sources: tailwindcss_oxide::scanner: Discovering "/home/yamz/sites/filez/docs/SETUP_GUIDE.md"
2025-11-18T21:04:34.090967Z  INFO scan_sources: tailwindcss_oxide::scanner: Discovering "/home/yamz/sites/filez/docs/PRODUCTION_DEPLOYMENT.md"
2025-11-18T21:04:34.091001Z  INFO scan_sources: tailwindcss_oxide::scanner: Discovering "/home/yamz/sites/filez/docs/PAPERLESS_UI_IMPLEMENTATION.md"
2025-11-18T21:04:34.091021Z  INFO scan_sources: tailwindcss_oxide::scanner: Discovering "/home/yamz/sites/filez/docs/CHANGELOG.md"
2025-11-18T21:04:34.091044Z  INFO scan_sources: tailwindcss_oxide::scanner: Discovering "/home/yamz/sites/filez/ecosystem.config.js"
2025-11-18T21:04:34.091116Z  INFO scan_sources: tailwindcss_oxide::scanner: Discovering "/home/yamz/sites/filez/start-production.sh"
2025-11-18T21:04:34.091258Z  INFO scan_sources: tailwindcss_oxide::scanner: exit
2025-11-18T21:04:34.091288Z  INFO extract_candidates: tailwindcss_oxide::scanner: enter
2025-11-18T21:04:34.091317Z  INFO extract_candidates:read_all_files: tailwindcss_oxide::scanner: enter
2025-11-18T21:04:34.091324Z  INFO extract_candidates:read_all_files: tailwindcss_oxide::scanner: Reading 81 file(s)
2025-11-18T21:04:34.092059Z  INFO tailwindcss_oxide::scanner: Reading "/home/yamz/sites/filez/db/schema.sql"
2025-11-18T21:04:34.092257Z  INFO tailwindcss_oxide::scanner: Reading "/home/yamz/sites/filez/db/create-database.sql"
2025-11-18T21:04:34.092280Z  INFO tailwindcss_oxide::scanner: Reading "/home/yamz/sites/filez/db/init.ts"
2025-11-18T21:04:34.092294Z  INFO tailwindcss_oxide::scanner: Reading "/home/yamz/sites/filez/db/test-connection.ts"
2025-11-18T21:04:34.092312Z  INFO tailwindcss_oxide::scanner: Reading "/home/yamz/sites/filez/db/add-sharing-columns.ts"
2025-11-18T21:04:34.092126Z  INFO tailwindcss_oxide::scanner: Reading "/home/yamz/sites/filez/app/components/EnhancedUploadModal.tsx"
2025-11-18T21:04:34.092167Z  INFO tailwindcss_oxide::scanner: Reading "/home/yamz/sites/filez/lib/db.ts"
2025-11-18T21:04:34.092221Z  INFO tailwindcss_oxide::scanner: Reading "/home/yamz/sites/filez/app/api/folders/[id]/route.ts"
2025-11-18T21:04:34.092374Z  INFO tailwindcss_oxide::scanner: Reading "/home/yamz/sites/filez/app/api/folders/route.ts"
2025-11-18T21:04:34.092372Z  INFO tailwindcss_oxide::scanner: Reading "/home/yamz/sites/filez/lib/epub-db.ts"
2025-11-18T21:04:34.092391Z  INFO tailwindcss_oxide::scanner: Reading "/home/yamz/sites/filez/app/api/uploadthing/route.ts"
2025-11-18T21:04:34.092402Z  INFO tailwindcss_oxide::scanner: Reading "/home/yamz/sites/filez/public/next.svg"
2025-11-18T21:04:34.092419Z  INFO tailwindcss_oxide::scanner: Reading "/home/yamz/sites/filez/public/globe.svg"
2025-11-18T21:04:34.092439Z  INFO tailwindcss_oxide::scanner: Reading "/home/yamz/sites/filez/public/vercel.svg"
2025-11-18T21:04:34.092463Z  INFO tailwindcss_oxide::scanner: Reading "/home/yamz/sites/filez/public/file.svg"
2025-11-18T21:04:34.092482Z  INFO tailwindcss_oxide::scanner: Reading "/home/yamz/sites/filez/public/window.svg"
2025-11-18T21:04:34.092497Z  INFO tailwindcss_oxide::scanner: Reading "/home/yamz/sites/filez/package.json"
2025-11-18T21:04:34.092532Z  INFO tailwindcss_oxide::scanner: Reading "/home/yamz/sites/filez/types/mammoth.d.ts"
2025-11-18T21:04:34.092553Z  INFO tailwindcss_oxide::scanner: Reading "/home/yamz/sites/filez/README.md"
2025-11-18T21:04:34.092584Z  INFO tailwindcss_oxide::scanner: Reading "/home/yamz/sites/filez/components.json"
2025-11-18T21:04:34.092606Z  INFO tailwindcss_oxide::scanner: Reading "/home/yamz/sites/filez/migrations/004_add_deleted_at.sql"
2025-11-18T21:04:34.092626Z  INFO tailwindcss_oxide::scanner: Reading "/home/yamz/sites/filez/migrations/003_add_folders.sql"
2025-11-18T21:04:34.092650Z  INFO tailwindcss_oxide::scanner: Reading "/home/yamz/sites/filez/docs/FEATURES.md"
2025-11-18T21:04:34.092682Z  INFO tailwindcss_oxide::scanner: Reading "/home/yamz/sites/filez/docs/DEPLOYMENT.md"
2025-11-18T21:04:34.092715Z  INFO tailwindcss_oxide::scanner: Reading "/home/yamz/sites/filez/docs/SETUP_GUIDE.md"
2025-11-18T21:04:34.092743Z  INFO tailwindcss_oxide::scanner: Reading "/home/yamz/sites/filez/docs/PRODUCTION_DEPLOYMENT.md"
2025-11-18T21:04:34.092770Z  INFO tailwindcss_oxide::scanner: Reading "/home/yamz/sites/filez/docs/PAPERLESS_UI_IMPLEMENTATION.md"
2025-11-18T21:04:34.092811Z  INFO tailwindcss_oxide::scanner: Reading "/home/yamz/sites/filez/docs/CHANGELOG.md"
2025-11-18T21:04:34.092847Z  INFO tailwindcss_oxide::scanner: Reading "/home/yamz/sites/filez/ecosystem.config.js"
2025-11-18T21:04:34.092863Z  INFO tailwindcss_oxide::scanner: Reading "/home/yamz/sites/filez/start-production.sh"
2025-11-18T21:04:34.092882Z  INFO tailwindcss_oxide::scanner: Reading "/home/yamz/sites/filez/app/editor/page.tsx"
2025-11-18T21:04:34.092924Z  INFO tailwindcss_oxide::scanner: Reading "/home/yamz/sites/filez/app/page.tsx"
2025-11-18T21:04:34.093027Z  INFO tailwindcss_oxide::scanner: Reading "/home/yamz/sites/filez/app/api/mindmap/save/route.ts"
2025-11-18T21:04:34.093063Z  INFO tailwindcss_oxide::scanner: Reading "/home/yamz/sites/filez/app/api/share/[token]/route.ts"
2025-11-18T21:04:34.093084Z  INFO tailwindcss_oxide::scanner: Reading "/home/yamz/sites/filez/app/api/uploads/copy/route.ts"
2025-11-18T21:04:34.093101Z  INFO tailwindcss_oxide::scanner: Reading "/home/yamz/sites/filez/app/api/uploads/[id]/share/route.ts"
2025-11-18T21:04:34.093119Z  INFO tailwindcss_oxide::scanner: Reading "/home/yamz/sites/filez/app/api/uploads/[id]/route.ts"
2025-11-18T21:04:34.093135Z  INFO tailwindcss_oxide::scanner: Reading "/home/yamz/sites/filez/app/api/uploads/[id]/rename/route.ts"
2025-11-18T21:04:34.093152Z  INFO tailwindcss_oxide::scanner: Reading "/home/yamz/sites/filez/app/api/uploads/move/route.ts"
2025-11-18T21:04:34.093168Z  INFO tailwindcss_oxide::scanner: Reading "/home/yamz/sites/filez/app/api/uploads/route.ts"
2025-11-18T21:04:34.093187Z  INFO tailwindcss_oxide::scanner: Reading "/home/yamz/sites/filez/app/hooks/useDialog.ts"
2025-11-18T21:04:34.093202Z  INFO tailwindcss_oxide::scanner: Reading "/home/yamz/sites/filez/app/layout.tsx"
2025-11-18T21:04:34.093220Z  INFO tailwindcss_oxide::scanner: Reading "/home/yamz/sites/filez/app/share/[token]/page.tsx"
2025-11-18T21:04:34.093238Z  INFO tailwindcss_oxide::scanner: Reading "/home/yamz/sites/filez/app/components/AdvancedSearchBar.tsx"
2025-11-18T21:04:34.093264Z  INFO tailwindcss_oxide::scanner: Reading "/home/yamz/sites/filez/app/components/FolderCard.tsx"
2025-11-18T21:04:34.093311Z  INFO tailwindcss_oxide::scanner: Reading "/home/yamz/sites/filez/app/components/MindMapEditor.tsx"
2025-11-18T21:04:34.093353Z  INFO tailwindcss_oxide::scanner: Reading "/home/yamz/sites/filez/app/components/DocumentCard.tsx"
2025-11-18T21:04:34.093393Z  INFO tailwindcss_oxide::scanner: Reading "/home/yamz/sites/filez/app/components/UploadStatusIndicator.tsx"
2025-11-18T21:04:34.093422Z  INFO tailwindcss_oxide::scanner: Reading "/home/yamz/sites/filez/app/components/SpreadsheetEditor.tsx"
2025-11-18T21:04:34.093458Z  INFO tailwindcss_oxide::scanner: Reading "/home/yamz/sites/filez/app/components/DocViewer.tsx"
2025-11-18T21:04:34.093482Z  INFO tailwindcss_oxide::scanner: Reading "/home/yamz/sites/filez/app/components/ShareFileModal.tsx"
2025-11-18T21:04:34.093530Z  INFO tailwindcss_oxide::scanner: Reading "/home/yamz/sites/filez/app/components/ImportModal.tsx"
2025-11-18T21:04:34.093571Z  INFO tailwindcss_oxide::scanner: Reading "/home/yamz/sites/filez/app/components/CodeEditor.tsx"
2025-11-18T21:04:34.093595Z  INFO tailwindcss_oxide::scanner: Reading "/home/yamz/sites/filez/app/api/versions/route.ts"
2025-11-18T21:04:34.093615Z  INFO tailwindcss_oxide::scanner: Reading "/home/yamz/sites/filez/app/api/stream/[id]/route.ts"
2025-11-18T21:04:34.093634Z  INFO tailwindcss_oxide::scanner: Reading "/home/yamz/sites/filez/app/api/import/zip/route.ts"
2025-11-18T21:04:34.093652Z  INFO tailwindcss_oxide::scanner: Reading "/home/yamz/sites/filez/app/api/import/folder/route.ts"
2025-11-18T21:04:34.093681Z  INFO tailwindcss_oxide::scanner: Reading "/home/yamz/sites/filez/app/components/FilterBar.tsx"
2025-11-18T21:04:34.093716Z  INFO tailwindcss_oxide::scanner: Reading "/home/yamz/sites/filez/app/components/PdfViewer.tsx"
2025-11-18T21:04:34.093737Z  INFO tailwindcss_oxide::scanner: Reading "/home/yamz/sites/filez/app/components/BulkActionsBar.tsx"
2025-11-18T21:04:34.093755Z  INFO tailwindcss_oxide::scanner: Reading "/home/yamz/sites/filez/app/components/CreateFolderModal.tsx"
2025-11-18T21:04:34.093781Z  INFO tailwindcss_oxide::scanner: Reading "/home/yamz/sites/filez/app/components/EnhancedDocumentViewer.tsx"
2025-11-18T21:04:34.093803Z  INFO tailwindcss_oxide::scanner: Reading "/home/yamz/sites/filez/next.config.ts"
2025-11-18T21:04:34.093820Z  INFO tailwindcss_oxide::scanner: Reading "/home/yamz/sites/filez/tsconfig.json"
2025-11-18T21:04:34.093837Z  INFO tailwindcss_oxide::scanner: Reading "/home/yamz/sites/filez/.env.example"
2025-11-18T21:04:34.093854Z  INFO tailwindcss_oxide::scanner: Reading "/home/yamz/sites/filez/lib/utils.ts"
2025-11-18T21:04:34.093886Z  INFO tailwindcss_oxide::scanner: Reading "/home/yamz/sites/filez/lib/uploadQueue.ts"
2025-11-18T21:04:34.093912Z  INFO tailwindcss_oxide::scanner: Reading "/home/yamz/sites/filez/lib/uploadthing.ts"
2025-11-18T21:04:34.093942Z  INFO tailwindcss_oxide::scanner: Reading "/home/yamz/sites/filez/app/components/ImageViewer.tsx"
2025-11-18T21:04:34.094006Z  INFO tailwindcss_oxide::scanner: Reading "/home/yamz/sites/filez/app/components/ui/DialogVariants.tsx"
2025-11-18T21:04:34.094182Z  INFO tailwindcss_oxide::scanner: Reading "/home/yamz/sites/filez/app/components/VersionHistoryModal.tsx"
2025-11-18T21:04:34.094210Z  INFO tailwindcss_oxide::scanner: Reading "/home/yamz/sites/filez/app/components/DocumentsList.tsx"
2025-11-18T21:04:34.094260Z  INFO tailwindcss_oxide::scanner: Reading "/home/yamz/sites/filez/app/components/WYSIWYGEditor.tsx"
2025-11-18T21:04:34.094314Z  INFO tailwindcss_oxide::scanner: Reading "/home/yamz/sites/filez/app/components/EpubReaderModal.tsx"
2025-11-18T21:04:34.094339Z  INFO tailwindcss_oxide::scanner: Reading "/home/yamz/sites/filez/app/components/RenameDialog.tsx"
2025-11-18T21:04:34.094376Z  INFO tailwindcss_oxide::scanner: Reading "/home/yamz/sites/filez/app/components/DocumentPreviewList.tsx"
2025-11-18T21:04:34.094433Z  INFO tailwindcss_oxide::scanner: Reading "/home/yamz/sites/filez/app/components/FileIcon.tsx"
2025-11-18T21:04:34.092329Z  INFO tailwindcss_oxide::scanner: Reading "/home/yamz/sites/filez/eslint.config.mjs"
2025-11-18T21:04:34.092439Z  INFO tailwindcss_oxide::scanner: Reading "/home/yamz/sites/filez/app/api/uploadthing/core.ts"
2025-11-18T21:04:34.094579Z  INFO tailwindcss_oxide::scanner: Reading "/home/yamz/sites/filez/postcss.config.mjs"
2025-11-18T21:04:34.094630Z  INFO tailwindcss_oxide::scanner: Reading "/home/yamz/sites/filez/app/api/saved-searches/route.ts"
2025-11-18T21:04:34.094847Z  INFO extract_candidates:read_all_files: tailwindcss_oxide::scanner: exit
2025-11-18T21:04:34.094907Z  INFO extract_candidates:parse_all_blobs: tailwindcss_oxide::scanner: enter
2025-11-18T21:04:34.094916Z  INFO extract_candidates:parse_all_blobs:extract: tailwindcss_oxide::scanner: enter
2025-11-18T21:04:34.103179Z  INFO extract_candidates:parse_all_blobs:extract: tailwindcss_oxide::scanner: exit
2025-11-18T21:04:34.103270Z  INFO extract_candidates:parse_all_blobs: tailwindcss_oxide::scanner: exit
2025-11-18T21:04:34.103283Z  INFO extract_candidates:read_all_files: tailwindcss_oxide::scanner: enter
2025-11-18T21:04:34.103289Z  INFO extract_candidates:read_all_files: tailwindcss_oxide::scanner: Reading 1 file(s)
2025-11-18T21:04:34.103343Z  INFO extract_candidates:read_all_files: tailwindcss_oxide::scanner: Reading "/home/yamz/sites/filez/app/globals.css"
2025-11-18T21:04:34.103356Z  INFO extract_candidates:read_all_files: tailwindcss_oxide::scanner: exit
2025-11-18T21:04:34.103361Z  INFO extract_candidates:extract_css_variables: tailwindcss_oxide::scanner: enter
2025-11-18T21:04:34.103367Z  INFO extract_candidates:extract_css_variables:extract: tailwindcss_oxide::scanner: enter
2025-11-18T21:04:34.103701Z  INFO extract_candidates:extract_css_variables:extract: tailwindcss_oxide::scanner: exit
2025-11-18T21:04:34.103743Z  INFO extract_candidates:extract_css_variables: tailwindcss_oxide::scanner: exit
2025-11-18T21:04:34.106335Z  INFO extract_candidates: tailwindcss_oxide::scanner: exit
2025-11-18T21:04:34.108807Z  INFO get_files: tailwindcss_oxide::scanner: enter
2025-11-18T21:04:34.108877Z  INFO get_files:scan_sources: tailwindcss_oxide::scanner: enter
2025-11-18T21:04:34.109749Z  INFO get_files:scan_sources: tailwindcss_oxide::scanner: Discovering "/home/yamz/sites/filez/db"
2025-11-18T21:04:34.110032Z  INFO get_files:scan_sources: tailwindcss_oxide::scanner: Discovering "/home/yamz/sites/filez/logs"
2025-11-18T21:04:34.110138Z  INFO get_files:scan_sources: tailwindcss_oxide::scanner: Discovering "/home/yamz/sites/filez/app"
2025-11-18T21:04:34.110193Z  INFO get_files:scan_sources: tailwindcss_oxide::scanner: Discovering "/home/yamz/sites/filez/app/hooks"
2025-11-18T21:04:34.110303Z  INFO get_files:scan_sources: tailwindcss_oxide::scanner: Discovering "/home/yamz/sites/filez/app/share"
2025-11-18T21:04:34.110352Z  INFO get_files:scan_sources: tailwindcss_oxide::scanner: Discovering "/home/yamz/sites/filez/app/share/[token]"
2025-11-18T21:04:34.110427Z  INFO get_files:scan_sources: tailwindcss_oxide::scanner: Discovering "/home/yamz/sites/filez/app/editor"
2025-11-18T21:04:34.110493Z  INFO get_files:scan_sources: tailwindcss_oxide::scanner: Discovering "/home/yamz/sites/filez/app/api"
2025-11-18T21:04:34.110540Z  INFO get_files:scan_sources: tailwindcss_oxide::scanner: Discovering "/home/yamz/sites/filez/app/api/mindmap"
2025-11-18T21:04:34.110582Z  INFO get_files:scan_sources: tailwindcss_oxide::scanner: Discovering "/home/yamz/sites/filez/app/api/mindmap/save"
2025-11-18T21:04:34.110647Z  INFO get_files:scan_sources: tailwindcss_oxide::scanner: Discovering "/home/yamz/sites/filez/app/api/share"
2025-11-18T21:04:34.110690Z  INFO get_files:scan_sources: tailwindcss_oxide::scanner: Discovering "/home/yamz/sites/filez/app/api/share/[token]"
2025-11-18T21:04:34.110748Z  INFO get_files:scan_sources: tailwindcss_oxide::scanner: Discovering "/home/yamz/sites/filez/app/api/uploads"
2025-11-18T21:04:34.110791Z  INFO get_files:scan_sources: tailwindcss_oxide::scanner: Discovering "/home/yamz/sites/filez/app/api/uploads/copy"
2025-11-18T21:04:34.110844Z  INFO get_files:scan_sources: tailwindcss_oxide::scanner: Discovering "/home/yamz/sites/filez/app/api/uploads/[id]"
2025-11-18T21:04:34.110887Z  INFO get_files:scan_sources: tailwindcss_oxide::scanner: Discovering "/home/yamz/sites/filez/app/api/uploads/[id]/share"
2025-11-18T21:04:34.110959Z  INFO get_files:scan_sources: tailwindcss_oxide::scanner: Discovering "/home/yamz/sites/filez/app/api/uploads/[id]/rename"
2025-11-18T21:04:34.111047Z  INFO get_files:scan_sources: tailwindcss_oxide::scanner: Discovering "/home/yamz/sites/filez/app/api/uploads/move"
2025-11-18T21:04:34.111142Z  INFO get_files:scan_sources: tailwindcss_oxide::scanner: Discovering "/home/yamz/sites/filez/app/api/folders"
2025-11-18T21:04:34.111192Z  INFO get_files:scan_sources: tailwindcss_oxide::scanner: Discovering "/home/yamz/sites/filez/app/api/folders/[id]"
2025-11-18T21:04:34.111270Z  INFO get_files:scan_sources: tailwindcss_oxide::scanner: Discovering "/home/yamz/sites/filez/app/api/uploadthing"
2025-11-18T21:04:34.111344Z  INFO get_files:scan_sources: tailwindcss_oxide::scanner: Discovering "/home/yamz/sites/filez/app/api/saved-searches"
2025-11-18T21:04:34.111409Z  INFO get_files:scan_sources: tailwindcss_oxide::scanner: Discovering "/home/yamz/sites/filez/app/api/versions"
2025-11-18T21:04:34.111472Z  INFO get_files:scan_sources: tailwindcss_oxide::scanner: Discovering "/home/yamz/sites/filez/app/api/stream"
2025-11-18T21:04:34.111516Z  INFO get_files:scan_sources: tailwindcss_oxide::scanner: Discovering "/home/yamz/sites/filez/app/api/stream/[id]"
2025-11-18T21:04:34.111579Z  INFO get_files:scan_sources: tailwindcss_oxide::scanner: Discovering "/home/yamz/sites/filez/app/api/import"
2025-11-18T21:04:34.111626Z  INFO get_files:scan_sources: tailwindcss_oxide::scanner: Discovering "/home/yamz/sites/filez/app/api/import/zip"
2025-11-18T21:04:34.111684Z  INFO get_files:scan_sources: tailwindcss_oxide::scanner: Discovering "/home/yamz/sites/filez/app/api/import/folder"
2025-11-18T21:04:34.111756Z  INFO get_files:scan_sources: tailwindcss_oxide::scanner: Discovering "/home/yamz/sites/filez/app/components"
2025-11-18T21:04:34.112004Z  INFO get_files:scan_sources: tailwindcss_oxide::scanner: Discovering "/home/yamz/sites/filez/app/components/ui"
2025-11-18T21:04:34.112254Z  INFO get_files:scan_sources: tailwindcss_oxide::scanner: Discovering "/home/yamz/sites/filez/lib"
2025-11-18T21:04:34.112366Z  INFO get_files:scan_sources: tailwindcss_oxide::scanner: Discovering "/home/yamz/sites/filez/public"
2025-11-18T21:04:34.112495Z  INFO get_files:scan_sources: tailwindcss_oxide::scanner: Discovering "/home/yamz/sites/filez/types"
2025-11-18T21:04:34.112658Z  INFO get_files:scan_sources: tailwindcss_oxide::scanner: Discovering "/home/yamz/sites/filez/migrations"
2025-11-18T21:04:34.112738Z  INFO get_files:scan_sources: tailwindcss_oxide::scanner: Discovering "/home/yamz/sites/filez/docs"
2025-11-18T21:04:34.113033Z  INFO get_files:scan_sources: tailwindcss_oxide::scanner: exit
2025-11-18T21:04:34.113217Z  INFO get_files: tailwindcss_oxide::scanner: exit
2025-11-18T21:04:34.113647Z  INFO get_globs: tailwindcss_oxide::scanner: enter
2025-11-18T21:04:34.113676Z  INFO get_globs:scan_sources: tailwindcss_oxide::scanner: enter
2025-11-18T21:04:34.114549Z  INFO get_globs:scan_sources: tailwindcss_oxide::scanner: Discovering "/home/yamz/sites/filez/db"
2025-11-18T21:04:34.114775Z  INFO get_globs:scan_sources: tailwindcss_oxide::scanner: Discovering "/home/yamz/sites/filez/logs"
2025-11-18T21:04:34.114860Z  INFO get_globs:scan_sources: tailwindcss_oxide::scanner: Discovering "/home/yamz/sites/filez/app"
2025-11-18T21:04:34.114910Z  INFO get_globs:scan_sources: tailwindcss_oxide::scanner: Discovering "/home/yamz/sites/filez/app/hooks"
2025-11-18T21:04:34.115004Z  INFO get_globs:scan_sources: tailwindcss_oxide::scanner: Discovering "/home/yamz/sites/filez/app/share"
2025-11-18T21:04:34.115057Z  INFO get_globs:scan_sources: tailwindcss_oxide::scanner: Discovering "/home/yamz/sites/filez/app/share/[token]"
2025-11-18T21:04:34.115137Z  INFO get_globs:scan_sources: tailwindcss_oxide::scanner: Discovering "/home/yamz/sites/filez/app/editor"
2025-11-18T21:04:34.115228Z  INFO get_globs:scan_sources: tailwindcss_oxide::scanner: Discovering "/home/yamz/sites/filez/app/api"
2025-11-18T21:04:34.115285Z  INFO get_globs:scan_sources: tailwindcss_oxide::scanner: Discovering "/home/yamz/sites/filez/app/api/mindmap"
2025-11-18T21:04:34.115334Z  INFO get_globs:scan_sources: tailwindcss_oxide::scanner: Discovering "/home/yamz/sites/filez/app/api/mindmap/save"
2025-11-18T21:04:34.115405Z  INFO get_globs:scan_sources: tailwindcss_oxide::scanner: Discovering "/home/yamz/sites/filez/app/api/share"
2025-11-18T21:04:34.115456Z  INFO get_globs:scan_sources: tailwindcss_oxide::scanner: Discovering "/home/yamz/sites/filez/app/api/share/[token]"
2025-11-18T21:04:34.115518Z  INFO get_globs:scan_sources: tailwindcss_oxide::scanner: Discovering "/home/yamz/sites/filez/app/api/uploads"
2025-11-18T21:04:34.115570Z  INFO get_globs:scan_sources: tailwindcss_oxide::scanner: Discovering "/home/yamz/sites/filez/app/api/uploads/copy"
2025-11-18T21:04:34.115627Z  INFO get_globs:scan_sources: tailwindcss_oxide::scanner: Discovering "/home/yamz/sites/filez/app/api/uploads/[id]"
2025-11-18T21:04:34.115672Z  INFO get_globs:scan_sources: tailwindcss_oxide::scanner: Discovering "/home/yamz/sites/filez/app/api/uploads/[id]/share"
2025-11-18T21:04:34.115765Z  INFO get_globs:scan_sources: tailwindcss_oxide::scanner: Discovering "/home/yamz/sites/filez/app/api/uploads/[id]/rename"
2025-11-18T21:04:34.115837Z  INFO get_globs:scan_sources: tailwindcss_oxide::scanner: Discovering "/home/yamz/sites/filez/app/api/uploads/move"
2025-11-18T21:04:34.115920Z  INFO get_globs:scan_sources: tailwindcss_oxide::scanner: Discovering "/home/yamz/sites/filez/app/api/folders"
2025-11-18T21:04:34.115989Z  INFO get_globs:scan_sources: tailwindcss_oxide::scanner: Discovering "/home/yamz/sites/filez/app/api/folders/[id]"
2025-11-18T21:04:34.116069Z  INFO get_globs:scan_sources: tailwindcss_oxide::scanner: Discovering "/home/yamz/sites/filez/app/api/uploadthing"
2025-11-18T21:04:34.116139Z  INFO get_globs:scan_sources: tailwindcss_oxide::scanner: Discovering "/home/yamz/sites/filez/app/api/saved-searches"
2025-11-18T21:04:34.116210Z  INFO get_globs:scan_sources: tailwindcss_oxide::scanner: Discovering "/home/yamz/sites/filez/app/api/versions"
2025-11-18T21:04:34.116280Z  INFO get_globs:scan_sources: tailwindcss_oxide::scanner: Discovering "/home/yamz/sites/filez/app/api/stream"
2025-11-18T21:04:34.116326Z  INFO get_globs:scan_sources: tailwindcss_oxide::scanner: Discovering "/home/yamz/sites/filez/app/api/stream/[id]"
2025-11-18T21:04:34.116423Z  INFO get_globs:scan_sources: tailwindcss_oxide::scanner: Discovering "/home/yamz/sites/filez/app/api/import"
2025-11-18T21:04:34.116482Z  INFO get_globs:scan_sources: tailwindcss_oxide::scanner: Discovering "/home/yamz/sites/filez/app/api/import/zip"
2025-11-18T21:04:34.116550Z  INFO get_globs:scan_sources: tailwindcss_oxide::scanner: Discovering "/home/yamz/sites/filez/app/api/import/folder"
2025-11-18T21:04:34.116631Z  INFO get_globs:scan_sources: tailwindcss_oxide::scanner: Discovering "/home/yamz/sites/filez/app/components"
2025-11-18T21:04:34.116859Z  INFO get_globs:scan_sources: tailwindcss_oxide::scanner: Discovering "/home/yamz/sites/filez/app/components/ui"
2025-11-18T21:04:34.117258Z  INFO get_globs:scan_sources: tailwindcss_oxide::scanner: Discovering "/home/yamz/sites/filez/lib"
2025-11-18T21:04:34.117382Z  INFO get_globs:scan_sources: tailwindcss_oxide::scanner: Discovering "/home/yamz/sites/filez/public"
2025-11-18T21:04:34.117519Z  INFO get_globs:scan_sources: tailwindcss_oxide::scanner: Discovering "/home/yamz/sites/filez/types"
2025-11-18T21:04:34.117672Z  INFO get_globs:scan_sources: tailwindcss_oxide::scanner: Discovering "/home/yamz/sites/filez/migrations"
2025-11-18T21:04:34.117783Z  INFO get_globs:scan_sources: tailwindcss_oxide::scanner: Discovering "/home/yamz/sites/filez/docs"
2025-11-18T21:04:34.118238Z  INFO get_globs:scan_sources: tailwindcss_oxide::scanner: exit
2025-11-18T21:04:34.122734Z  INFO get_globs: tailwindcss_oxide::scanner: exit
2025-11-18T21:08:30.775928Z  INFO scan_sources: tailwindcss_oxide::scanner: enter
2025-11-18T21:08:30.776672Z  INFO scan_sources: tailwindcss_oxide::scanner: Discovering "/home/yamz/sites/filez/db"
2025-11-18T21:08:30.776862Z  INFO scan_sources: tailwindcss_oxide::scanner: Discovering "/home/yamz/sites/filez/logs"
2025-11-18T21:08:30.776925Z  INFO scan_sources: tailwindcss_oxide::scanner: Discovering "/home/yamz/sites/filez/app"
2025-11-18T21:08:30.776970Z  INFO scan_sources: tailwindcss_oxide::scanner: Discovering "/home/yamz/sites/filez/app/hooks"
2025-11-18T21:08:30.777344Z  INFO scan_sources: tailwindcss_oxide::scanner: Discovering "/home/yamz/sites/filez/app/share"
2025-11-18T21:08:30.777486Z  INFO scan_sources: tailwindcss_oxide::scanner: Discovering "/home/yamz/sites/filez/app/share/[token]"
2025-11-18T21:08:30.777663Z  INFO scan_sources: tailwindcss_oxide::scanner: Discovering "/home/yamz/sites/filez/app/editor"
2025-11-18T21:08:30.777787Z  INFO scan_sources: tailwindcss_oxide::scanner: Discovering "/home/yamz/sites/filez/app/api"
2025-11-18T21:08:30.777874Z  INFO scan_sources: tailwindcss_oxide::scanner: Discovering "/home/yamz/sites/filez/app/api/mindmap"
2025-11-18T21:08:30.777956Z  INFO scan_sources: tailwindcss_oxide::scanner: Discovering "/home/yamz/sites/filez/app/api/mindmap/save"
2025-11-18T21:08:30.778068Z  INFO scan_sources: tailwindcss_oxide::scanner: Discovering "/home/yamz/sites/filez/app/api/share"
2025-11-18T21:08:30.778203Z  INFO scan_sources: tailwindcss_oxide::scanner: Discovering "/home/yamz/sites/filez/app/api/share/[token]"
2025-11-18T21:08:30.778342Z  INFO scan_sources: tailwindcss_oxide::scanner: Discovering "/home/yamz/sites/filez/app/api/uploads"
2025-11-18T21:08:30.778460Z  INFO scan_sources: tailwindcss_oxide::scanner: Discovering "/home/yamz/sites/filez/app/api/uploads/copy"
2025-11-18T21:08:30.778600Z  INFO scan_sources: tailwindcss_oxide::scanner: Discovering "/home/yamz/sites/filez/app/api/uploads/[id]"
2025-11-18T21:08:30.778745Z  INFO scan_sources: tailwindcss_oxide::scanner: Discovering "/home/yamz/sites/filez/app/api/uploads/[id]/share"
2025-11-18T21:08:30.778870Z  INFO scan_sources: tailwindcss_oxide::scanner: Discovering "/home/yamz/sites/filez/app/api/uploads/[id]/rename"
2025-11-18T21:08:30.778967Z  INFO scan_sources: tailwindcss_oxide::scanner: Discovering "/home/yamz/sites/filez/app/api/uploads/move"
2025-11-18T21:08:30.779121Z  INFO scan_sources: tailwindcss_oxide::scanner: Discovering "/home/yamz/sites/filez/app/api/folders"
2025-11-18T21:08:30.779228Z  INFO scan_sources: tailwindcss_oxide::scanner: Discovering "/home/yamz/sites/filez/app/api/folders/[id]"
2025-11-18T21:08:30.779363Z  INFO scan_sources: tailwindcss_oxide::scanner: Discovering "/home/yamz/sites/filez/app/api/uploadthing"
2025-11-18T21:08:30.779463Z  INFO scan_sources: tailwindcss_oxide::scanner: Discovering "/home/yamz/sites/filez/app/api/saved-searches"
2025-11-18T21:08:30.779560Z  INFO scan_sources: tailwindcss_oxide::scanner: Discovering "/home/yamz/sites/filez/app/api/versions"
2025-11-18T21:08:30.779664Z  INFO scan_sources: tailwindcss_oxide::scanner: Discovering "/home/yamz/sites/filez/app/api/stream"
2025-11-18T21:08:30.779751Z  INFO scan_sources: tailwindcss_oxide::scanner: Discovering "/home/yamz/sites/filez/app/api/stream/[id]"
2025-11-18T21:08:30.779857Z  INFO scan_sources: tailwindcss_oxide::scanner: Discovering "/home/yamz/sites/filez/app/api/import"
2025-11-18T21:08:30.779938Z  INFO scan_sources: tailwindcss_oxide::scanner: Discovering "/home/yamz/sites/filez/app/api/import/zip"
2025-11-18T21:08:30.780054Z  INFO scan_sources: tailwindcss_oxide::scanner: Discovering "/home/yamz/sites/filez/app/api/import/folder"
2025-11-18T21:08:30.780208Z  INFO scan_sources: tailwindcss_oxide::scanner: Discovering "/home/yamz/sites/filez/app/components"
2025-11-18T21:08:30.780517Z  INFO scan_sources: tailwindcss_oxide::scanner: Discovering "/home/yamz/sites/filez/app/components/ui"
2025-11-18T21:08:30.780876Z  INFO scan_sources: tailwindcss_oxide::scanner: Discovering "/home/yamz/sites/filez/lib"
2025-11-18T21:08:30.781100Z  INFO scan_sources: tailwindcss_oxide::scanner: Discovering "/home/yamz/sites/filez/public"
2025-11-18T21:08:30.781324Z  INFO scan_sources: tailwindcss_oxide::scanner: Discovering "/home/yamz/sites/filez/package.json"
2025-11-18T21:08:30.781473Z  INFO scan_sources: tailwindcss_oxide::scanner: Discovering "/home/yamz/sites/filez/types"
2025-11-18T21:08:30.781754Z  INFO scan_sources: tailwindcss_oxide::scanner: Discovering "/home/yamz/sites/filez/migrations"
2025-11-18T21:08:30.781925Z  INFO scan_sources: tailwindcss_oxide::scanner: Discovering "/home/yamz/sites/filez/docs"
2025-11-18T21:08:30.782294Z  INFO scan_sources: tailwindcss_oxide::scanner: exit
2025-11-18T21:08:30.782402Z  INFO extract_candidates: tailwindcss_oxide::scanner: enter
2025-11-18T21:08:30.782481Z  INFO extract_candidates:read_all_files: tailwindcss_oxide::scanner: enter
2025-11-18T21:08:30.782556Z  INFO extract_candidates:read_all_files: tailwindcss_oxide::scanner: Reading 1 file(s)
2025-11-18T21:08:30.782661Z  INFO extract_candidates:read_all_files: tailwindcss_oxide::scanner: Reading "/home/yamz/sites/filez/package.json"
2025-11-18T21:08:30.782771Z  INFO extract_candidates:read_all_files: tailwindcss_oxide::scanner: exit
2025-11-18T21:08:30.782786Z  INFO extract_candidates:parse_all_blobs: tailwindcss_oxide::scanner: enter
2025-11-18T21:08:30.782793Z  INFO extract_candidates:parse_all_blobs:extract: tailwindcss_oxide::scanner: enter
2025-11-18T21:08:30.783134Z  INFO extract_candidates:parse_all_blobs:extract: tailwindcss_oxide::scanner: exit
2025-11-18T21:08:30.783160Z  INFO extract_candidates:parse_all_blobs: tailwindcss_oxide::scanner: exit
2025-11-18T21:08:30.783268Z  INFO extract_candidates: tailwindcss_oxide::scanner: exit
2025-11-18T21:08:30.785371Z  INFO get_files: tailwindcss_oxide::scanner: enter
2025-11-18T21:08:30.785423Z  INFO get_files:scan_sources: tailwindcss_oxide::scanner: enter
2025-11-18T21:08:30.786133Z  INFO get_files:scan_sources: tailwindcss_oxide::scanner: Discovering "/home/yamz/sites/filez/db"
2025-11-18T21:08:30.786373Z  INFO get_files:scan_sources: tailwindcss_oxide::scanner: Discovering "/home/yamz/sites/filez/logs"
2025-11-18T21:08:30.786466Z  INFO get_files:scan_sources: tailwindcss_oxide::scanner: Discovering "/home/yamz/sites/filez/app"
2025-11-18T21:08:30.786515Z  INFO get_files:scan_sources: tailwindcss_oxide::scanner: Discovering "/home/yamz/sites/filez/app/hooks"
2025-11-18T21:08:30.786583Z  INFO get_files:scan_sources: tailwindcss_oxide::scanner: Discovering "/home/yamz/sites/filez/app/share"
2025-11-18T21:08:30.786640Z  INFO get_files:scan_sources: tailwindcss_oxide::scanner: Discovering "/home/yamz/sites/filez/app/share/[token]"
2025-11-18T21:08:30.786711Z  INFO get_files:scan_sources: tailwindcss_oxide::scanner: Discovering "/home/yamz/sites/filez/app/editor"
2025-11-18T21:08:30.786866Z  INFO get_files:scan_sources: tailwindcss_oxide::scanner: Discovering "/home/yamz/sites/filez/app/api"
2025-11-18T21:08:30.786928Z  INFO get_files:scan_sources: tailwindcss_oxide::scanner: Discovering "/home/yamz/sites/filez/app/api/mindmap"
2025-11-18T21:08:30.786989Z  INFO get_files:scan_sources: tailwindcss_oxide::scanner: Discovering "/home/yamz/sites/filez/app/api/mindmap/save"
2025-11-18T21:08:30.787053Z  INFO get_files:scan_sources: tailwindcss_oxide::scanner: Discovering "/home/yamz/sites/filez/app/api/share"
2025-11-18T21:08:30.787091Z  INFO get_files:scan_sources: tailwindcss_oxide::scanner: Discovering "/home/yamz/sites/filez/app/api/share/[token]"
2025-11-18T21:08:30.787151Z  INFO get_files:scan_sources: tailwindcss_oxide::scanner: Discovering "/home/yamz/sites/filez/app/api/uploads"
2025-11-18T21:08:30.787192Z  INFO get_files:scan_sources: tailwindcss_oxide::scanner: Discovering "/home/yamz/sites/filez/app/api/uploads/copy"
2025-11-18T21:08:30.787243Z  INFO get_files:scan_sources: tailwindcss_oxide::scanner: Discovering "/home/yamz/sites/filez/app/api/uploads/[id]"
2025-11-18T21:08:30.787282Z  INFO get_files:scan_sources: tailwindcss_oxide::scanner: Discovering "/home/yamz/sites/filez/app/api/uploads/[id]/share"
2025-11-18T21:08:30.787351Z  INFO get_files:scan_sources: tailwindcss_oxide::scanner: Discovering "/home/yamz/sites/filez/app/api/uploads/[id]/rename"
2025-11-18T21:08:30.787416Z  INFO get_files:scan_sources: tailwindcss_oxide::scanner: Discovering "/home/yamz/sites/filez/app/api/uploads/move"
2025-11-18T21:08:30.787501Z  INFO get_files:scan_sources: tailwindcss_oxide::scanner: Discovering "/home/yamz/sites/filez/app/api/folders"
2025-11-18T21:08:30.787548Z  INFO get_files:scan_sources: tailwindcss_oxide::scanner: Discovering "/home/yamz/sites/filez/app/api/folders/[id]"
2025-11-18T21:08:30.787611Z  INFO get_files:scan_sources: tailwindcss_oxide::scanner: Discovering "/home/yamz/sites/filez/app/api/uploadthing"
2025-11-18T21:08:30.787670Z  INFO get_files:scan_sources: tailwindcss_oxide::scanner: Discovering "/home/yamz/sites/filez/app/api/saved-searches"
2025-11-18T21:08:30.787747Z  INFO get_files:scan_sources: tailwindcss_oxide::scanner: Discovering "/home/yamz/sites/filez/app/api/versions"
2025-11-18T21:08:30.787811Z  INFO get_files:scan_sources: tailwindcss_oxide::scanner: Discovering "/home/yamz/sites/filez/app/api/stream"
2025-11-18T21:08:30.787848Z  INFO get_files:scan_sources: tailwindcss_oxide::scanner: Discovering "/home/yamz/sites/filez/app/api/stream/[id]"
2025-11-18T21:08:30.787904Z  INFO get_files:scan_sources: tailwindcss_oxide::scanner: Discovering "/home/yamz/sites/filez/app/api/import"
2025-11-18T21:08:30.787946Z  INFO get_files:scan_sources: tailwindcss_oxide::scanner: Discovering "/home/yamz/sites/filez/app/api/import/zip"
2025-11-18T21:08:30.788047Z  INFO get_files:scan_sources: tailwindcss_oxide::scanner: Discovering "/home/yamz/sites/filez/app/api/import/folder"
2025-11-18T21:08:30.788116Z  INFO get_files:scan_sources: tailwindcss_oxide::scanner: Discovering "/home/yamz/sites/filez/app/components"
2025-11-18T21:08:30.788389Z  INFO get_files:scan_sources: tailwindcss_oxide::scanner: Discovering "/home/yamz/sites/filez/app/components/ui"
2025-11-18T21:08:30.788601Z  INFO get_files:scan_sources: tailwindcss_oxide::scanner: Discovering "/home/yamz/sites/filez/lib"
2025-11-18T21:08:30.788692Z  INFO get_files:scan_sources: tailwindcss_oxide::scanner: Discovering "/home/yamz/sites/filez/public"
2025-11-18T21:08:30.788809Z  INFO get_files:scan_sources: tailwindcss_oxide::scanner: Discovering "/home/yamz/sites/filez/types"
2025-11-18T21:08:30.788943Z  INFO get_files:scan_sources: tailwindcss_oxide::scanner: Discovering "/home/yamz/sites/filez/migrations"
2025-11-18T21:08:30.789076Z  INFO get_files:scan_sources: tailwindcss_oxide::scanner: Discovering "/home/yamz/sites/filez/docs"
2025-11-18T21:08:30.789354Z  INFO get_files:scan_sources: tailwindcss_oxide::scanner: exit
2025-11-18T21:08:30.789691Z  INFO get_files: tailwindcss_oxide::scanner: exit
2025-11-18T21:08:30.790350Z  INFO get_globs: tailwindcss_oxide::scanner: enter
2025-11-18T21:08:30.790392Z  INFO get_globs: tailwindcss_oxide::scanner: exit
2025-11-18T21:12:34.249347Z  INFO scan_sources: tailwindcss_oxide::scanner: enter
2025-11-18T21:12:34.250545Z  INFO scan_sources: tailwindcss_oxide::scanner: Discovering "/home/yamz/sites/filez/db"
2025-11-18T21:12:34.250839Z  INFO scan_sources: tailwindcss_oxide::scanner: Discovering "/home/yamz/sites/filez/logs"
2025-11-18T21:12:34.250944Z  INFO scan_sources: tailwindcss_oxide::scanner: Discovering "/home/yamz/sites/filez/app"
2025-11-18T21:12:34.251030Z  INFO scan_sources: tailwindcss_oxide::scanner: Discovering "/home/yamz/sites/filez/app/hooks"
2025-11-18T21:12:34.251119Z  INFO scan_sources: tailwindcss_oxide::scanner: Discovering "/home/yamz/sites/filez/app/share"
2025-11-18T21:12:34.251174Z  INFO scan_sources: tailwindcss_oxide::scanner: Discovering "/home/yamz/sites/filez/app/share/[token]"
2025-11-18T21:12:34.251344Z  INFO scan_sources: tailwindcss_oxide::scanner: Discovering "/home/yamz/sites/filez/app/editor"
2025-11-18T21:12:34.251440Z  INFO scan_sources: tailwindcss_oxide::scanner: Discovering "/home/yamz/sites/filez/app/api"
2025-11-18T21:12:34.251497Z  INFO scan_sources: tailwindcss_oxide::scanner: Discovering "/home/yamz/sites/filez/app/api/mindmap"
2025-11-18T21:12:34.251553Z  INFO scan_sources: tailwindcss_oxide::scanner: Discovering "/home/yamz/sites/filez/app/api/mindmap/save"
2025-11-18T21:12:34.251643Z  INFO scan_sources: tailwindcss_oxide::scanner: Discovering "/home/yamz/sites/filez/app/api/share"
2025-11-18T21:12:34.251701Z  INFO scan_sources: tailwindcss_oxide::scanner: Discovering "/home/yamz/sites/filez/app/api/share/[token]"
2025-11-18T21:12:34.251780Z  INFO scan_sources: tailwindcss_oxide::scanner: Discovering "/home/yamz/sites/filez/app/api/uploads"
2025-11-18T21:12:34.251833Z  INFO scan_sources: tailwindcss_oxide::scanner: Discovering "/home/yamz/sites/filez/app/api/uploads/copy"
2025-11-18T21:12:34.251904Z  INFO scan_sources: tailwindcss_oxide::scanner: Discovering "/home/yamz/sites/filez/app/api/uploads/[id]"
2025-11-18T21:12:34.251956Z  INFO scan_sources: tailwindcss_oxide::scanner: Discovering "/home/yamz/sites/filez/app/api/uploads/[id]/share"
2025-11-18T21:12:34.252059Z  INFO scan_sources: tailwindcss_oxide::scanner: Discovering "/home/yamz/sites/filez/app/api/uploads/[id]/rename"
2025-11-18T21:12:34.252138Z  INFO scan_sources: tailwindcss_oxide::scanner: Discovering "/home/yamz/sites/filez/app/api/uploads/move"
2025-11-18T21:12:34.252217Z  INFO scan_sources: tailwindcss_oxide::scanner: Discovering "/home/yamz/sites/filez/app/api/folders"
2025-11-18T21:12:34.252263Z  INFO scan_sources: tailwindcss_oxide::scanner: Discovering "/home/yamz/sites/filez/app/api/folders/[id]"
2025-11-18T21:12:34.252342Z  INFO scan_sources: tailwindcss_oxide::scanner: Discovering "/home/yamz/sites/filez/app/api/uploadthing"
2025-11-18T21:12:34.252415Z  INFO scan_sources: tailwindcss_oxide::scanner: Discovering "/home/yamz/sites/filez/app/api/saved-searches"
2025-11-18T21:12:34.252488Z  INFO scan_sources: tailwindcss_oxide::scanner: Discovering "/home/yamz/sites/filez/app/api/versions"
2025-11-18T21:12:34.252556Z  INFO scan_sources: tailwindcss_oxide::scanner: Discovering "/home/yamz/sites/filez/app/api/stream"
2025-11-18T21:12:34.252602Z  INFO scan_sources: tailwindcss_oxide::scanner: Discovering "/home/yamz/sites/filez/app/api/stream/[id]"
2025-11-18T21:12:34.252671Z  INFO scan_sources: tailwindcss_oxide::scanner: Discovering "/home/yamz/sites/filez/app/api/import"
2025-11-18T21:12:34.252721Z  INFO scan_sources: tailwindcss_oxide::scanner: Discovering "/home/yamz/sites/filez/app/api/import/zip"
2025-11-18T21:12:34.252787Z  INFO scan_sources: tailwindcss_oxide::scanner: Discovering "/home/yamz/sites/filez/app/api/import/folder"
2025-11-18T21:12:34.252886Z  INFO scan_sources: tailwindcss_oxide::scanner: Discovering "/home/yamz/sites/filez/app/components"
2025-11-18T21:12:34.253159Z  INFO scan_sources: tailwindcss_oxide::scanner: Discovering "/home/yamz/sites/filez/app/components/ui"
2025-11-18T21:12:34.253412Z  INFO scan_sources: tailwindcss_oxide::scanner: Discovering "/home/yamz/sites/filez/lib"
2025-11-18T21:12:34.253550Z  INFO scan_sources: tailwindcss_oxide::scanner: Discovering "/home/yamz/sites/filez/public"
2025-11-18T21:12:34.253696Z  INFO scan_sources: tailwindcss_oxide::scanner: Discovering "/home/yamz/sites/filez/types"
2025-11-18T21:12:34.253855Z  INFO scan_sources: tailwindcss_oxide::scanner: Discovering "/home/yamz/sites/filez/migrations"
2025-11-18T21:12:34.253949Z  INFO scan_sources: tailwindcss_oxide::scanner: Discovering "/home/yamz/sites/filez/docs"
2025-11-18T21:12:34.254280Z  INFO scan_sources: tailwindcss_oxide::scanner: exit
2025-11-18T21:12:34.254312Z  INFO extract_candidates: tailwindcss_oxide::scanner: enter
2025-11-18T21:12:34.254321Z  INFO extract_candidates:read_all_files: tailwindcss_oxide::scanner: enter
2025-11-18T21:12:34.254326Z  INFO extract_candidates:read_all_files: tailwindcss_oxide::scanner: Reading 0 file(s)
2025-11-18T21:12:34.254333Z  INFO extract_candidates:read_all_files: tailwindcss_oxide::scanner: exit
2025-11-18T21:12:34.254339Z  INFO extract_candidates:parse_all_blobs: tailwindcss_oxide::scanner: enter
2025-11-18T21:12:34.254345Z  INFO extract_candidates:parse_all_blobs:extract: tailwindcss_oxide::scanner: enter
2025-11-18T21:12:34.254351Z  INFO extract_candidates:parse_all_blobs:extract: tailwindcss_oxide::scanner: exit
2025-11-18T21:12:34.254357Z  INFO extract_candidates:parse_all_blobs: tailwindcss_oxide::scanner: exit
2025-11-18T21:12:34.254364Z  INFO extract_candidates: tailwindcss_oxide::scanner: exit
2025-11-18T21:12:34.256904Z  INFO get_files: tailwindcss_oxide::scanner: enter
2025-11-18T21:12:34.256996Z  INFO get_files:scan_sources: tailwindcss_oxide::scanner: enter
2025-11-18T21:12:34.257936Z  INFO get_files:scan_sources: tailwindcss_oxide::scanner: Discovering "/home/yamz/sites/filez/db"
2025-11-18T21:12:34.258209Z  INFO get_files:scan_sources: tailwindcss_oxide::scanner: Discovering "/home/yamz/sites/filez/logs"
2025-11-18T21:12:34.258305Z  INFO get_files:scan_sources: tailwindcss_oxide::scanner: Discovering "/home/yamz/sites/filez/app"
2025-11-18T21:12:34.258362Z  INFO get_files:scan_sources: tailwindcss_oxide::scanner: Discovering "/home/yamz/sites/filez/app/hooks"
2025-11-18T21:12:34.258452Z  INFO get_files:scan_sources: tailwindcss_oxide::scanner: Discovering "/home/yamz/sites/filez/app/share"
2025-11-18T21:12:34.258509Z  INFO get_files:scan_sources: tailwindcss_oxide::scanner: Discovering "/home/yamz/sites/filez/app/share/[token]"
2025-11-18T21:12:34.258597Z  INFO get_files:scan_sources: tailwindcss_oxide::scanner: Discovering "/home/yamz/sites/filez/app/editor"
2025-11-18T21:12:34.258675Z  INFO get_files:scan_sources: tailwindcss_oxide::scanner: Discovering "/home/yamz/sites/filez/app/api"
2025-11-18T21:12:34.258729Z  INFO get_files:scan_sources: tailwindcss_oxide::scanner: Discovering "/home/yamz/sites/filez/app/api/mindmap"
2025-11-18T21:12:34.258784Z  INFO get_files:scan_sources: tailwindcss_oxide::scanner: Discovering "/home/yamz/sites/filez/app/api/mindmap/save"
2025-11-18T21:12:34.258856Z  INFO get_files:scan_sources: tailwindcss_oxide::scanner: Discovering "/home/yamz/sites/filez/app/api/share"
2025-11-18T21:12:34.258913Z  INFO get_files:scan_sources: tailwindcss_oxide::scanner: Discovering "/home/yamz/sites/filez/app/api/share/[token]"
2025-11-18T21:12:34.259007Z  INFO get_files:scan_sources: tailwindcss_oxide::scanner: Discovering "/home/yamz/sites/filez/app/api/uploads"
2025-11-18T21:12:34.259061Z  INFO get_files:scan_sources: tailwindcss_oxide::scanner: Discovering "/home/yamz/sites/filez/app/api/uploads/copy"
2025-11-18T21:12:34.259124Z  INFO get_files:scan_sources: tailwindcss_oxide::scanner: Discovering "/home/yamz/sites/filez/app/api/uploads/[id]"
2025-11-18T21:12:34.259203Z  INFO get_files:scan_sources: tailwindcss_oxide::scanner: Discovering "/home/yamz/sites/filez/app/api/uploads/[id]/share"
2025-11-18T21:12:34.259312Z  INFO get_files:scan_sources: tailwindcss_oxide::scanner: Discovering "/home/yamz/sites/filez/app/api/uploads/[id]/rename"
2025-11-18T21:12:34.259389Z  INFO get_files:scan_sources: tailwindcss_oxide::scanner: Discovering "/home/yamz/sites/filez/app/api/uploads/move"
2025-11-18T21:12:34.259473Z  INFO get_files:scan_sources: tailwindcss_oxide::scanner: Discovering "/home/yamz/sites/filez/app/api/folders"
2025-11-18T21:12:34.259537Z  INFO get_files:scan_sources: tailwindcss_oxide::scanner: Discovering "/home/yamz/sites/filez/app/api/folders/[id]"
2025-11-18T21:12:34.259626Z  INFO get_files:scan_sources: tailwindcss_oxide::scanner: Discovering "/home/yamz/sites/filez/app/api/uploadthing"
2025-11-18T21:12:34.259720Z  INFO get_files:scan_sources: tailwindcss_oxide::scanner: Discovering "/home/yamz/sites/filez/app/api/saved-searches"
2025-11-18T21:12:34.259799Z  INFO get_files:scan_sources: tailwindcss_oxide::scanner: Discovering "/home/yamz/sites/filez/app/api/versions"
2025-11-18T21:12:34.259872Z  INFO get_files:scan_sources: tailwindcss_oxide::scanner: Discovering "/home/yamz/sites/filez/app/api/stream"
2025-11-18T21:12:34.259918Z  INFO get_files:scan_sources: tailwindcss_oxide::scanner: Discovering "/home/yamz/sites/filez/app/api/stream/[id]"
2025-11-18T21:12:34.260015Z  INFO get_files:scan_sources: tailwindcss_oxide::scanner: Discovering "/home/yamz/sites/filez/app/api/import"
2025-11-18T21:12:34.260080Z  INFO get_files:scan_sources: tailwindcss_oxide::scanner: Discovering "/home/yamz/sites/filez/app/api/import/zip"
2025-11-18T21:12:34.260147Z  INFO get_files:scan_sources: tailwindcss_oxide::scanner: Discovering "/home/yamz/sites/filez/app/api/import/folder"
2025-11-18T21:12:34.260226Z  INFO get_files:scan_sources: tailwindcss_oxide::scanner: Discovering "/home/yamz/sites/filez/app/components"
2025-11-18T21:12:34.260461Z  INFO get_files:scan_sources: tailwindcss_oxide::scanner: Discovering "/home/yamz/sites/filez/app/components/ui"
2025-11-18T21:12:34.260734Z  INFO get_files:scan_sources: tailwindcss_oxide::scanner: Discovering "/home/yamz/sites/filez/lib"
2025-11-18T21:12:34.260862Z  INFO get_files:scan_sources: tailwindcss_oxide::scanner: Discovering "/home/yamz/sites/filez/public"
2025-11-18T21:12:34.261040Z  INFO get_files:scan_sources: tailwindcss_oxide::scanner: Discovering "/home/yamz/sites/filez/types"
2025-11-18T21:12:34.261204Z  INFO get_files:scan_sources: tailwindcss_oxide::scanner: Discovering "/home/yamz/sites/filez/migrations"
2025-11-18T21:12:34.261296Z  INFO get_files:scan_sources: tailwindcss_oxide::scanner: Discovering "/home/yamz/sites/filez/docs"
2025-11-18T21:12:34.261613Z  INFO get_files:scan_sources: tailwindcss_oxide::scanner: exit
2025-11-18T21:12:34.261859Z  INFO get_files: tailwindcss_oxide::scanner: exit
2025-11-18T21:12:34.262207Z  INFO get_globs: tailwindcss_oxide::scanner: enter
2025-11-18T21:12:34.262247Z  INFO get_globs: tailwindcss_oxide::scanner: exit
2025-11-18T21:15:30.843591Z  INFO scan_sources: tailwindcss_oxide::scanner: enter
2025-11-18T21:15:30.844442Z  INFO scan_sources: tailwindcss_oxide::scanner: Discovering "/home/yamz/sites/filez/db"
2025-11-18T21:15:30.844596Z  INFO scan_sources: tailwindcss_oxide::scanner: Discovering "/home/yamz/sites/filez/logs"
2025-11-18T21:15:30.844656Z  INFO scan_sources: tailwindcss_oxide::scanner: Discovering "/home/yamz/sites/filez/app"
2025-11-18T21:15:30.844696Z  INFO scan_sources: tailwindcss_oxide::scanner: Discovering "/home/yamz/sites/filez/app/hooks"
2025-11-18T21:15:30.844753Z  INFO scan_sources: tailwindcss_oxide::scanner: Discovering "/home/yamz/sites/filez/app/share"
2025-11-18T21:15:30.844793Z  INFO scan_sources: tailwindcss_oxide::scanner: Discovering "/home/yamz/sites/filez/app/share/[token]"
2025-11-18T21:15:30.844852Z  INFO scan_sources: tailwindcss_oxide::scanner: Discovering "/home/yamz/sites/filez/app/editor"
2025-11-18T21:15:30.844920Z  INFO scan_sources: tailwindcss_oxide::scanner: Discovering "/home/yamz/sites/filez/app/api"
2025-11-18T21:15:30.844959Z  INFO scan_sources: tailwindcss_oxide::scanner: Discovering "/home/yamz/sites/filez/app/api/mindmap"
2025-11-18T21:15:30.845012Z  INFO scan_sources: tailwindcss_oxide::scanner: Discovering "/home/yamz/sites/filez/app/api/mindmap/save"
2025-11-18T21:15:30.845064Z  INFO scan_sources: tailwindcss_oxide::scanner: Discovering "/home/yamz/sites/filez/app/api/share"
2025-11-18T21:15:30.845093Z  INFO scan_sources: tailwindcss_oxide::scanner: Discovering "/home/yamz/sites/filez/app/api/share/[token]"
2025-11-18T21:15:30.845164Z  INFO scan_sources: tailwindcss_oxide::scanner: Discovering "/home/yamz/sites/filez/app/api/uploads"
2025-11-18T21:15:30.845214Z  INFO scan_sources: tailwindcss_oxide::scanner: Discovering "/home/yamz/sites/filez/app/api/uploads/copy"
2025-11-18T21:15:30.845289Z  INFO scan_sources: tailwindcss_oxide::scanner: Discovering "/home/yamz/sites/filez/app/api/uploads/[id]"
2025-11-18T21:15:30.845343Z  INFO scan_sources: tailwindcss_oxide::scanner: Discovering "/home/yamz/sites/filez/app/api/uploads/[id]/share"
2025-11-18T21:15:30.845431Z  INFO scan_sources: tailwindcss_oxide::scanner: Discovering "/home/yamz/sites/filez/app/api/uploads/[id]/rename"
2025-11-18T21:15:30.845492Z  INFO scan_sources: tailwindcss_oxide::scanner: Discovering "/home/yamz/sites/filez/app/api/uploads/move"
2025-11-18T21:15:30.845558Z  INFO scan_sources: tailwindcss_oxide::scanner: Discovering "/home/yamz/sites/filez/app/api/folders"
2025-11-18T21:15:30.845597Z  INFO scan_sources: tailwindcss_oxide::scanner: Discovering "/home/yamz/sites/filez/app/api/folders/[id]"
2025-11-18T21:15:30.845686Z  INFO scan_sources: tailwindcss_oxide::scanner: Discovering "/home/yamz/sites/filez/app/api/uploadthing"
2025-11-18T21:15:30.845769Z  INFO scan_sources: tailwindcss_oxide::scanner: Discovering "/home/yamz/sites/filez/app/api/saved-searches"
2025-11-18T21:15:30.845831Z  INFO scan_sources: tailwindcss_oxide::scanner: Discovering "/home/yamz/sites/filez/app/api/versions"
2025-11-18T21:15:30.845883Z  INFO scan_sources: tailwindcss_oxide::scanner: Discovering "/home/yamz/sites/filez/app/api/stream"
2025-11-18T21:15:30.845928Z  INFO scan_sources: tailwindcss_oxide::scanner: Discovering "/home/yamz/sites/filez/app/api/stream/[id]"
2025-11-18T21:15:30.846031Z  INFO scan_sources: tailwindcss_oxide::scanner: Discovering "/home/yamz/sites/filez/app/api/import"
2025-11-18T21:15:30.846103Z  INFO scan_sources: tailwindcss_oxide::scanner: Discovering "/home/yamz/sites/filez/app/api/import/zip"
2025-11-18T21:15:30.846167Z  INFO scan_sources: tailwindcss_oxide::scanner: Discovering "/home/yamz/sites/filez/app/api/import/folder"
2025-11-18T21:15:30.846252Z  INFO scan_sources: tailwindcss_oxide::scanner: Discovering "/home/yamz/sites/filez/app/components"
2025-11-18T21:15:30.846462Z  INFO scan_sources: tailwindcss_oxide::scanner: Discovering "/home/yamz/sites/filez/app/components/ui"
2025-11-18T21:15:30.846657Z  INFO scan_sources: tailwindcss_oxide::scanner: Discovering "/home/yamz/sites/filez/lib"
2025-11-18T21:15:30.846754Z  INFO scan_sources: tailwindcss_oxide::scanner: Discovering "/home/yamz/sites/filez/public"
2025-11-18T21:15:30.846862Z  INFO scan_sources: tailwindcss_oxide::scanner: Discovering "/home/yamz/sites/filez/package.json"
2025-11-18T21:15:30.846891Z  INFO scan_sources: tailwindcss_oxide::scanner: Discovering "/home/yamz/sites/filez/types"
2025-11-18T21:15:30.847032Z  INFO scan_sources: tailwindcss_oxide::scanner: Discovering "/home/yamz/sites/filez/migrations"
2025-11-18T21:15:30.847100Z  INFO scan_sources: tailwindcss_oxide::scanner: Discovering "/home/yamz/sites/filez/docs"
2025-11-18T21:15:30.847346Z  INFO scan_sources: tailwindcss_oxide::scanner: exit
2025-11-18T21:15:30.847364Z  INFO extract_candidates: tailwindcss_oxide::scanner: enter
2025-11-18T21:15:30.847371Z  INFO extract_candidates:read_all_files: tailwindcss_oxide::scanner: enter
2025-11-18T21:15:30.847377Z  INFO extract_candidates:read_all_files: tailwindcss_oxide::scanner: Reading 1 file(s)
2025-11-18T21:15:30.847437Z  INFO extract_candidates:read_all_files: tailwindcss_oxide::scanner: Reading "/home/yamz/sites/filez/package.json"
2025-11-18T21:15:30.847454Z  INFO extract_candidates:read_all_files: tailwindcss_oxide::scanner: exit
2025-11-18T21:15:30.847460Z  INFO extract_candidates:parse_all_blobs: tailwindcss_oxide::scanner: enter
2025-11-18T21:15:30.847468Z  INFO extract_candidates:parse_all_blobs:extract: tailwindcss_oxide::scanner: enter
2025-11-18T21:15:30.848009Z  INFO extract_candidates:parse_all_blobs:extract: tailwindcss_oxide::scanner: exit
2025-11-18T21:15:30.848028Z  INFO extract_candidates:parse_all_blobs: tailwindcss_oxide::scanner: exit
2025-11-18T21:15:30.848370Z  INFO extract_candidates: tailwindcss_oxide::scanner: exit
2025-11-18T21:15:30.850825Z  INFO get_files: tailwindcss_oxide::scanner: enter
2025-11-18T21:15:30.850879Z  INFO get_files:scan_sources: tailwindcss_oxide::scanner: enter
2025-11-18T21:15:30.851653Z  INFO get_files:scan_sources: tailwindcss_oxide::scanner: Discovering "/home/yamz/sites/filez/db"
2025-11-18T21:15:30.851810Z  INFO get_files:scan_sources: tailwindcss_oxide::scanner: Discovering "/home/yamz/sites/filez/logs"
2025-11-18T21:15:30.851867Z  INFO get_files:scan_sources: tailwindcss_oxide::scanner: Discovering "/home/yamz/sites/filez/app"
2025-11-18T21:15:30.851904Z  INFO get_files:scan_sources: tailwindcss_oxide::scanner: Discovering "/home/yamz/sites/filez/app/hooks"
2025-11-18T21:15:30.851958Z  INFO get_files:scan_sources: tailwindcss_oxide::scanner: Discovering "/home/yamz/sites/filez/app/share"
2025-11-18T21:15:30.852009Z  INFO get_files:scan_sources: tailwindcss_oxide::scanner: Discovering "/home/yamz/sites/filez/app/share/[token]"
2025-11-18T21:15:30.852067Z  INFO get_files:scan_sources: tailwindcss_oxide::scanner: Discovering "/home/yamz/sites/filez/app/editor"
2025-11-18T21:15:30.852117Z  INFO get_files:scan_sources: tailwindcss_oxide::scanner: Discovering "/home/yamz/sites/filez/app/api"
2025-11-18T21:15:30.852151Z  INFO get_files:scan_sources: tailwindcss_oxide::scanner: Discovering "/home/yamz/sites/filez/app/api/mindmap"
2025-11-18T21:15:30.852187Z  INFO get_files:scan_sources: tailwindcss_oxide::scanner: Discovering "/home/yamz/sites/filez/app/api/mindmap/save"
2025-11-18T21:15:30.852239Z  INFO get_files:scan_sources: tailwindcss_oxide::scanner: Discovering "/home/yamz/sites/filez/app/api/share"
2025-11-18T21:15:30.852270Z  INFO get_files:scan_sources: tailwindcss_oxide::scanner: Discovering "/home/yamz/sites/filez/app/api/share/[token]"
2025-11-18T21:15:30.852316Z  INFO get_files:scan_sources: tailwindcss_oxide::scanner: Discovering "/home/yamz/sites/filez/app/api/uploads"
2025-11-18T21:15:30.852349Z  INFO get_files:scan_sources: tailwindcss_oxide::scanner: Discovering "/home/yamz/sites/filez/app/api/uploads/copy"
2025-11-18T21:15:30.852392Z  INFO get_files:scan_sources: tailwindcss_oxide::scanner: Discovering "/home/yamz/sites/filez/app/api/uploads/[id]"
2025-11-18T21:15:30.852423Z  INFO get_files:scan_sources: tailwindcss_oxide::scanner: Discovering "/home/yamz/sites/filez/app/api/uploads/[id]/share"
2025-11-18T21:15:30.852490Z  INFO get_files:scan_sources: tailwindcss_oxide::scanner: Discovering "/home/yamz/sites/filez/app/api/uploads/[id]/rename"
2025-11-18T21:15:30.852560Z  INFO get_files:scan_sources: tailwindcss_oxide::scanner: Discovering "/home/yamz/sites/filez/app/api/uploads/move"
2025-11-18T21:15:30.852632Z  INFO get_files:scan_sources: tailwindcss_oxide::scanner: Discovering "/home/yamz/sites/filez/app/api/folders"
2025-11-18T21:15:30.852684Z  INFO get_files:scan_sources: tailwindcss_oxide::scanner: Discovering "/home/yamz/sites/filez/app/api/folders/[id]"
2025-11-18T21:15:30.852754Z  INFO get_files:scan_sources: tailwindcss_oxide::scanner: Discovering "/home/yamz/sites/filez/app/api/uploadthing"
2025-11-18T21:15:30.852813Z  INFO get_files:scan_sources: tailwindcss_oxide::scanner: Discovering "/home/yamz/sites/filez/app/api/saved-searches"
2025-11-18T21:15:30.852868Z  INFO get_files:scan_sources: tailwindcss_oxide::scanner: Discovering "/home/yamz/sites/filez/app/api/versions"
2025-11-18T21:15:30.852935Z  INFO get_files:scan_sources: tailwindcss_oxide::scanner: Discovering "/home/yamz/sites/filez/app/api/stream"
2025-11-18T21:15:30.852970Z  INFO get_files:scan_sources: tailwindcss_oxide::scanner: Discovering "/home/yamz/sites/filez/app/api/stream/[id]"
2025-11-18T21:15:30.853055Z  INFO get_files:scan_sources: tailwindcss_oxide::scanner: Discovering "/home/yamz/sites/filez/app/api/import"
2025-11-18T21:15:30.853105Z  INFO get_files:scan_sources: tailwindcss_oxide::scanner: Discovering "/home/yamz/sites/filez/app/api/import/zip"
2025-11-18T21:15:30.853161Z  INFO get_files:scan_sources: tailwindcss_oxide::scanner: Discovering "/home/yamz/sites/filez/app/api/import/folder"
2025-11-18T21:15:30.853247Z  INFO get_files:scan_sources: tailwindcss_oxide::scanner: Discovering "/home/yamz/sites/filez/app/components"
2025-11-18T21:15:30.853466Z  INFO get_files:scan_sources: tailwindcss_oxide::scanner: Discovering "/home/yamz/sites/filez/app/components/ui"
2025-11-18T21:15:30.853704Z  INFO get_files:scan_sources: tailwindcss_oxide::scanner: Discovering "/home/yamz/sites/filez/lib"
2025-11-18T21:15:30.853804Z  INFO get_files:scan_sources: tailwindcss_oxide::scanner: Discovering "/home/yamz/sites/filez/public"
2025-11-18T21:15:30.853957Z  INFO get_files:scan_sources: tailwindcss_oxide::scanner: Discovering "/home/yamz/sites/filez/types"
2025-11-18T21:15:30.854107Z  INFO get_files:scan_sources: tailwindcss_oxide::scanner: Discovering "/home/yamz/sites/filez/migrations"
2025-11-18T21:15:30.854165Z  INFO get_files:scan_sources: tailwindcss_oxide::scanner: Discovering "/home/yamz/sites/filez/docs"
2025-11-18T21:15:30.854378Z  INFO get_files:scan_sources: tailwindcss_oxide::scanner: exit
2025-11-18T21:15:30.854813Z  INFO get_files: tailwindcss_oxide::scanner: exit
2025-11-18T21:15:30.855105Z  INFO get_globs: tailwindcss_oxide::scanner: enter
2025-11-18T21:15:30.855122Z  INFO get_globs: tailwindcss_oxide::scanner: exit
2025-11-18T21:22:30.963722Z  INFO scan_sources: tailwindcss_oxide::scanner: enter
2025-11-18T21:22:30.964846Z  INFO scan_sources: tailwindcss_oxide::scanner: Discovering "/home/yamz/sites/filez/db"
2025-11-18T21:22:30.965113Z  INFO scan_sources: tailwindcss_oxide::scanner: Discovering "/home/yamz/sites/filez/logs"
2025-11-18T21:22:30.965211Z  INFO scan_sources: tailwindcss_oxide::scanner: Discovering "/home/yamz/sites/filez/app"
2025-11-18T21:22:30.965277Z  INFO scan_sources: tailwindcss_oxide::scanner: Discovering "/home/yamz/sites/filez/app/hooks"
2025-11-18T21:22:30.965376Z  INFO scan_sources: tailwindcss_oxide::scanner: Discovering "/home/yamz/sites/filez/app/share"
2025-11-18T21:22:30.965431Z  INFO scan_sources: tailwindcss_oxide::scanner: Discovering "/home/yamz/sites/filez/app/share/[token]"
2025-11-18T21:22:30.965527Z  INFO scan_sources: tailwindcss_oxide::scanner: Discovering "/home/yamz/sites/filez/app/editor"
2025-11-18T21:22:30.965623Z  INFO scan_sources: tailwindcss_oxide::scanner: Discovering "/home/yamz/sites/filez/app/api"
2025-11-18T21:22:30.965675Z  INFO scan_sources: tailwindcss_oxide::scanner: Discovering "/home/yamz/sites/filez/app/api/mindmap"
2025-11-18T21:22:30.965727Z  INFO scan_sources: tailwindcss_oxide::scanner: Discovering "/home/yamz/sites/filez/app/api/mindmap/save"
2025-11-18T21:22:30.965803Z  INFO scan_sources: tailwindcss_oxide::scanner: Discovering "/home/yamz/sites/filez/app/api/share"
2025-11-18T21:22:30.965853Z  INFO scan_sources: tailwindcss_oxide::scanner: Discovering "/home/yamz/sites/filez/app/api/share/[token]"
2025-11-18T21:22:30.965925Z  INFO scan_sources: tailwindcss_oxide::scanner: Discovering "/home/yamz/sites/filez/app/api/uploads"
2025-11-18T21:22:30.966276Z  INFO scan_sources: tailwindcss_oxide::scanner: Discovering "/home/yamz/sites/filez/app/api/uploads/copy"
2025-11-18T21:22:30.966411Z  INFO scan_sources: tailwindcss_oxide::scanner: Discovering "/home/yamz/sites/filez/app/api/uploads/[id]"
2025-11-18T21:22:30.966462Z  INFO scan_sources: tailwindcss_oxide::scanner: Discovering "/home/yamz/sites/filez/app/api/uploads/[id]/share"
2025-11-18T21:22:30.966566Z  INFO scan_sources: tailwindcss_oxide::scanner: Discovering "/home/yamz/sites/filez/app/api/uploads/[id]/rename"
2025-11-18T21:22:30.966641Z  INFO scan_sources: tailwindcss_oxide::scanner: Discovering "/home/yamz/sites/filez/app/api/uploads/move"
2025-11-18T21:22:30.966731Z  INFO scan_sources: tailwindcss_oxide::scanner: Discovering "/home/yamz/sites/filez/app/api/folders"
2025-11-18T21:22:30.966780Z  INFO scan_sources: tailwindcss_oxide::scanner: Discovering "/home/yamz/sites/filez/app/api/folders/[id]"
2025-11-18T21:22:30.966852Z  INFO scan_sources: tailwindcss_oxide::scanner: Discovering "/home/yamz/sites/filez/app/api/uploadthing"
2025-11-18T21:22:30.966925Z  INFO scan_sources: tailwindcss_oxide::scanner: Discovering "/home/yamz/sites/filez/app/api/saved-searches"
2025-11-18T21:22:30.967033Z  INFO scan_sources: tailwindcss_oxide::scanner: Discovering "/home/yamz/sites/filez/app/api/versions"
2025-11-18T21:22:30.967114Z  INFO scan_sources: tailwindcss_oxide::scanner: Discovering "/home/yamz/sites/filez/app/api/stream"
2025-11-18T21:22:30.967168Z  INFO scan_sources: tailwindcss_oxide::scanner: Discovering "/home/yamz/sites/filez/app/api/stream/[id]"
2025-11-18T21:22:30.967241Z  INFO scan_sources: tailwindcss_oxide::scanner: Discovering "/home/yamz/sites/filez/app/api/import"
2025-11-18T21:22:30.967314Z  INFO scan_sources: tailwindcss_oxide::scanner: Discovering "/home/yamz/sites/filez/app/api/import/zip"
2025-11-18T21:22:30.967381Z  INFO scan_sources: tailwindcss_oxide::scanner: Discovering "/home/yamz/sites/filez/app/api/import/folder"
2025-11-18T21:22:30.967469Z  INFO scan_sources: tailwindcss_oxide::scanner: Discovering "/home/yamz/sites/filez/app/components"
2025-11-18T21:22:30.967618Z  INFO scan_sources: tailwindcss_oxide::scanner: Discovering "/home/yamz/sites/filez/app/components/ImportModal.tsx"
2025-11-18T21:22:30.967715Z  INFO scan_sources: tailwindcss_oxide::scanner: Discovering "/home/yamz/sites/filez/app/components/ui"
2025-11-18T21:22:30.967954Z  INFO scan_sources: tailwindcss_oxide::scanner: Discovering "/home/yamz/sites/filez/lib"
2025-11-18T21:22:30.968213Z  INFO scan_sources: tailwindcss_oxide::scanner: Discovering "/home/yamz/sites/filez/public"
2025-11-18T21:22:30.968382Z  INFO scan_sources: tailwindcss_oxide::scanner: Discovering "/home/yamz/sites/filez/types"
2025-11-18T21:22:30.968526Z  INFO scan_sources: tailwindcss_oxide::scanner: Discovering "/home/yamz/sites/filez/migrations"
2025-11-18T21:22:30.968623Z  INFO scan_sources: tailwindcss_oxide::scanner: Discovering "/home/yamz/sites/filez/docs"
2025-11-18T21:22:30.968929Z  INFO scan_sources: tailwindcss_oxide::scanner: exit
2025-11-18T21:22:30.968951Z  INFO extract_candidates: tailwindcss_oxide::scanner: enter
2025-11-18T21:22:30.968958Z  INFO extract_candidates:read_all_files: tailwindcss_oxide::scanner: enter
2025-11-18T21:22:30.968964Z  INFO extract_candidates:read_all_files: tailwindcss_oxide::scanner: Reading 1 file(s)
2025-11-18T21:22:30.969059Z  INFO extract_candidates:read_all_files: tailwindcss_oxide::scanner: Reading "/home/yamz/sites/filez/app/components/ImportModal.tsx"
2025-11-18T21:22:30.969080Z  INFO extract_candidates:read_all_files: tailwindcss_oxide::scanner: exit
2025-11-18T21:22:30.969088Z  INFO extract_candidates:parse_all_blobs: tailwindcss_oxide::scanner: enter
2025-11-18T21:22:30.969093Z  INFO extract_candidates:parse_all_blobs:extract: tailwindcss_oxide::scanner: enter
2025-11-18T21:22:30.970115Z  INFO extract_candidates:parse_all_blobs:extract: tailwindcss_oxide::scanner: exit
2025-11-18T21:22:30.970164Z  INFO extract_candidates:parse_all_blobs: tailwindcss_oxide::scanner: exit
2025-11-18T21:22:30.970750Z  INFO extract_candidates: tailwindcss_oxide::scanner: exit
2025-11-18T21:22:30.974932Z  INFO get_files: tailwindcss_oxide::scanner: enter
2025-11-18T21:22:30.975080Z  INFO get_files:scan_sources: tailwindcss_oxide::scanner: enter
2025-11-18T21:22:30.977284Z  INFO get_files:scan_sources: tailwindcss_oxide::scanner: Discovering "/home/yamz/sites/filez/db"
2025-11-18T21:22:30.978143Z  INFO get_files:scan_sources: tailwindcss_oxide::scanner: Discovering "/home/yamz/sites/filez/logs"
2025-11-18T21:22:30.978274Z  INFO get_files:scan_sources: tailwindcss_oxide::scanner: Discovering "/home/yamz/sites/filez/app"
2025-11-18T21:22:30.978341Z  INFO get_files:scan_sources: tailwindcss_oxide::scanner: Discovering "/home/yamz/sites/filez/app/hooks"
2025-11-18T21:22:30.978436Z  INFO get_files:scan_sources: tailwindcss_oxide::scanner: Discovering "/home/yamz/sites/filez/app/share"
2025-11-18T21:22:30.978494Z  INFO get_files:scan_sources: tailwindcss_oxide::scanner: Discovering "/home/yamz/sites/filez/app/share/[token]"
2025-11-18T21:22:30.978598Z  INFO get_files:scan_sources: tailwindcss_oxide::scanner: Discovering "/home/yamz/sites/filez/app/editor"
2025-11-18T21:22:30.978689Z  INFO get_files:scan_sources: tailwindcss_oxide::scanner: Discovering "/home/yamz/sites/filez/app/api"
2025-11-18T21:22:30.978752Z  INFO get_files:scan_sources: tailwindcss_oxide::scanner: Discovering "/home/yamz/sites/filez/app/api/mindmap"
2025-11-18T21:22:30.978818Z  INFO get_files:scan_sources: tailwindcss_oxide::scanner: Discovering "/home/yamz/sites/filez/app/api/mindmap/save"
2025-11-18T21:22:30.978901Z  INFO get_files:scan_sources: tailwindcss_oxide::scanner: Discovering "/home/yamz/sites/filez/app/api/share"
2025-11-18T21:22:30.978952Z  INFO get_files:scan_sources: tailwindcss_oxide::scanner: Discovering "/home/yamz/sites/filez/app/api/share/[token]"
2025-11-18T21:22:30.980541Z  INFO get_files:scan_sources: tailwindcss_oxide::scanner: Discovering "/home/yamz/sites/filez/app/api/uploads"
2025-11-18T21:22:30.980805Z  INFO get_files:scan_sources: tailwindcss_oxide::scanner: Discovering "/home/yamz/sites/filez/app/api/uploads/copy"
2025-11-18T21:22:30.981027Z  INFO get_files:scan_sources: tailwindcss_oxide::scanner: Discovering "/home/yamz/sites/filez/app/api/uploads/[id]"
2025-11-18T21:22:30.981201Z  INFO get_files:scan_sources: tailwindcss_oxide::scanner: Discovering "/home/yamz/sites/filez/app/api/uploads/[id]/share"
2025-11-18T21:22:30.981394Z  INFO get_files:scan_sources: tailwindcss_oxide::scanner: Discovering "/home/yamz/sites/filez/app/api/uploads/[id]/rename"
2025-11-18T21:22:30.981648Z  INFO get_files:scan_sources: tailwindcss_oxide::scanner: Discovering "/home/yamz/sites/filez/app/api/uploads/move"
2025-11-18T21:22:30.981765Z  INFO get_files:scan_sources: tailwindcss_oxide::scanner: Discovering "/home/yamz/sites/filez/app/api/folders"
2025-11-18T21:22:30.981824Z  INFO get_files:scan_sources: tailwindcss_oxide::scanner: Discovering "/home/yamz/sites/filez/app/api/folders/[id]"
2025-11-18T21:22:30.981912Z  INFO get_files:scan_sources: tailwindcss_oxide::scanner: Discovering "/home/yamz/sites/filez/app/api/uploadthing"
2025-11-18T21:22:30.982017Z  INFO get_files:scan_sources: tailwindcss_oxide::scanner: Discovering "/home/yamz/sites/filez/app/api/saved-searches"
2025-11-18T21:22:30.982101Z  INFO get_files:scan_sources: tailwindcss_oxide::scanner: Discovering "/home/yamz/sites/filez/app/api/versions"
2025-11-18T21:22:30.982165Z  INFO get_files:scan_sources: tailwindcss_oxide::scanner: Discovering "/home/yamz/sites/filez/app/api/stream"
2025-11-18T21:22:30.982215Z  INFO get_files:scan_sources: tailwindcss_oxide::scanner: Discovering "/home/yamz/sites/filez/app/api/stream/[id]"
2025-11-18T21:22:30.982283Z  INFO get_files:scan_sources: tailwindcss_oxide::scanner: Discovering "/home/yamz/sites/filez/app/api/import"
2025-11-18T21:22:30.983748Z  INFO get_files:scan_sources: tailwindcss_oxide::scanner: Discovering "/home/yamz/sites/filez/app/api/import/zip"
2025-11-18T21:22:30.983867Z  INFO get_files:scan_sources: tailwindcss_oxide::scanner: Discovering "/home/yamz/sites/filez/app/api/import/folder"
2025-11-18T21:22:30.984511Z  INFO get_files:scan_sources: tailwindcss_oxide::scanner: Discovering "/home/yamz/sites/filez/app/components"
2025-11-18T21:22:30.984775Z  INFO get_files:scan_sources: tailwindcss_oxide::scanner: Discovering "/home/yamz/sites/filez/app/components/ui"
2025-11-18T21:22:30.985768Z  INFO get_files:scan_sources: tailwindcss_oxide::scanner: Discovering "/home/yamz/sites/filez/lib"
2025-11-18T21:22:30.985930Z  INFO get_files:scan_sources: tailwindcss_oxide::scanner: Discovering "/home/yamz/sites/filez/public"
2025-11-18T21:22:30.986110Z  INFO get_files:scan_sources: tailwindcss_oxide::scanner: Discovering "/home/yamz/sites/filez/types"
2025-11-18T21:22:30.986267Z  INFO get_files:scan_sources: tailwindcss_oxide::scanner: Discovering "/home/yamz/sites/filez/migrations"
2025-11-18T21:22:30.987031Z  INFO get_files:scan_sources: tailwindcss_oxide::scanner: Discovering "/home/yamz/sites/filez/docs"
2025-11-18T21:22:30.987401Z  INFO get_files:scan_sources: tailwindcss_oxide::scanner: exit
2025-11-18T21:22:30.988279Z  INFO get_files: tailwindcss_oxide::scanner: exit
2025-11-18T21:22:30.988580Z  INFO get_globs: tailwindcss_oxide::scanner: enter
2025-11-18T21:22:30.988603Z  INFO get_globs: tailwindcss_oxide::scanner: exit
2025-11-18T21:29:31.010274Z  INFO scan_sources: tailwindcss_oxide::scanner: enter
2025-11-18T21:29:31.012028Z  INFO scan_sources: tailwindcss_oxide::scanner: Discovering "/home/yamz/sites/filez/db"
2025-11-18T21:29:31.014346Z  INFO scan_sources: tailwindcss_oxide::scanner: Discovering "/home/yamz/sites/filez/logs"
2025-11-18T21:29:31.014449Z  INFO scan_sources: tailwindcss_oxide::scanner: Discovering "/home/yamz/sites/filez/app"
2025-11-18T21:29:31.014507Z  INFO scan_sources: tailwindcss_oxide::scanner: Discovering "/home/yamz/sites/filez/app/hooks"
2025-11-18T21:29:31.014597Z  INFO scan_sources: tailwindcss_oxide::scanner: Discovering "/home/yamz/sites/filez/app/share"
2025-11-18T21:29:31.014640Z  INFO scan_sources: tailwindcss_oxide::scanner: Discovering "/home/yamz/sites/filez/app/share/[token]"
2025-11-18T21:29:31.014719Z  INFO scan_sources: tailwindcss_oxide::scanner: Discovering "/home/yamz/sites/filez/app/editor"
2025-11-18T21:29:31.014785Z  INFO scan_sources: tailwindcss_oxide::scanner: Discovering "/home/yamz/sites/filez/app/api"
2025-11-18T21:29:31.014839Z  INFO scan_sources: tailwindcss_oxide::scanner: Discovering "/home/yamz/sites/filez/app/api/mindmap"
2025-11-18T21:29:31.014897Z  INFO scan_sources: tailwindcss_oxide::scanner: Discovering "/home/yamz/sites/filez/app/api/mindmap/save"
2025-11-18T21:29:31.014965Z  INFO scan_sources: tailwindcss_oxide::scanner: Discovering "/home/yamz/sites/filez/app/api/share"
2025-11-18T21:29:31.015020Z  INFO scan_sources: tailwindcss_oxide::scanner: Discovering "/home/yamz/sites/filez/app/api/share/[token]"
2025-11-18T21:29:31.015081Z  INFO scan_sources: tailwindcss_oxide::scanner: Discovering "/home/yamz/sites/filez/app/api/uploads"
2025-11-18T21:29:31.015157Z  INFO scan_sources: tailwindcss_oxide::scanner: Discovering "/home/yamz/sites/filez/app/api/uploads/copy"
2025-11-18T21:29:31.015261Z  INFO scan_sources: tailwindcss_oxide::scanner: Discovering "/home/yamz/sites/filez/app/api/uploads/[id]"
2025-11-18T21:29:31.015327Z  INFO scan_sources: tailwindcss_oxide::scanner: Discovering "/home/yamz/sites/filez/app/api/uploads/[id]/share"
2025-11-18T21:29:31.015406Z  INFO scan_sources: tailwindcss_oxide::scanner: Discovering "/home/yamz/sites/filez/app/api/uploads/[id]/rename"
2025-11-18T21:29:31.015478Z  INFO scan_sources: tailwindcss_oxide::scanner: Discovering "/home/yamz/sites/filez/app/api/uploads/move"
2025-11-18T21:29:31.015554Z  INFO scan_sources: tailwindcss_oxide::scanner: Discovering "/home/yamz/sites/filez/app/api/folders"
2025-11-18T21:29:31.015600Z  INFO scan_sources: tailwindcss_oxide::scanner: Discovering "/home/yamz/sites/filez/app/api/folders/[id]"
2025-11-18T21:29:31.015676Z  INFO scan_sources: tailwindcss_oxide::scanner: Discovering "/home/yamz/sites/filez/app/api/uploadthing"
2025-11-18T21:29:31.015749Z  INFO scan_sources: tailwindcss_oxide::scanner: Discovering "/home/yamz/sites/filez/app/api/saved-searches"
2025-11-18T21:29:31.015819Z  INFO scan_sources: tailwindcss_oxide::scanner: Discovering "/home/yamz/sites/filez/app/api/versions"
2025-11-18T21:29:31.015880Z  INFO scan_sources: tailwindcss_oxide::scanner: Discovering "/home/yamz/sites/filez/app/api/stream"
2025-11-18T21:29:31.015943Z  INFO scan_sources: tailwindcss_oxide::scanner: Discovering "/home/yamz/sites/filez/app/api/stream/[id]"
2025-11-18T21:29:31.020303Z  INFO scan_sources: tailwindcss_oxide::scanner: Discovering "/home/yamz/sites/filez/app/api/import"
2025-11-18T21:29:31.020554Z  INFO scan_sources: tailwindcss_oxide::scanner: Discovering "/home/yamz/sites/filez/app/api/import/zip"
2025-11-18T21:29:31.020740Z  INFO scan_sources: tailwindcss_oxide::scanner: Discovering "/home/yamz/sites/filez/app/api/import/folder"
2025-11-18T21:29:31.023320Z  INFO scan_sources: tailwindcss_oxide::scanner: Discovering "/home/yamz/sites/filez/app/components"
2025-11-18T21:29:31.023535Z  INFO scan_sources: tailwindcss_oxide::scanner: Discovering "/home/yamz/sites/filez/app/components/EnhancedUploadModal.tsx"
2025-11-18T21:29:31.023615Z  INFO scan_sources: tailwindcss_oxide::scanner: Discovering "/home/yamz/sites/filez/app/components/ui"
2025-11-18T21:29:31.023858Z  INFO scan_sources: tailwindcss_oxide::scanner: Discovering "/home/yamz/sites/filez/lib"
2025-11-18T21:29:31.023963Z  INFO scan_sources: tailwindcss_oxide::scanner: Discovering "/home/yamz/sites/filez/public"
2025-11-18T21:29:31.024119Z  INFO scan_sources: tailwindcss_oxide::scanner: Discovering "/home/yamz/sites/filez/types"
2025-11-18T21:29:31.024270Z  INFO scan_sources: tailwindcss_oxide::scanner: Discovering "/home/yamz/sites/filez/migrations"
2025-11-18T21:29:31.024342Z  INFO scan_sources: tailwindcss_oxide::scanner: Discovering "/home/yamz/sites/filez/docs"
2025-11-18T21:29:31.024663Z  INFO scan_sources: tailwindcss_oxide::scanner: exit
2025-11-18T21:29:31.024685Z  INFO extract_candidates: tailwindcss_oxide::scanner: enter
2025-11-18T21:29:31.024693Z  INFO extract_candidates:read_all_files: tailwindcss_oxide::scanner: enter
2025-11-18T21:29:31.024698Z  INFO extract_candidates:read_all_files: tailwindcss_oxide::scanner: Reading 1 file(s)
2025-11-18T21:29:31.024762Z  INFO extract_candidates:read_all_files: tailwindcss_oxide::scanner: Reading "/home/yamz/sites/filez/app/components/EnhancedUploadModal.tsx"
2025-11-18T21:29:31.024775Z  INFO extract_candidates:read_all_files: tailwindcss_oxide::scanner: exit
2025-11-18T21:29:31.024781Z  INFO extract_candidates:parse_all_blobs: tailwindcss_oxide::scanner: enter
2025-11-18T21:29:31.024787Z  INFO extract_candidates:parse_all_blobs:extract: tailwindcss_oxide::scanner: enter
2025-11-18T21:29:31.030176Z  INFO extract_candidates:parse_all_blobs:extract: tailwindcss_oxide::scanner: exit
2025-11-18T21:29:31.030239Z  INFO extract_candidates:parse_all_blobs: tailwindcss_oxide::scanner: exit
2025-11-18T21:29:31.032082Z  INFO extract_candidates: tailwindcss_oxide::scanner: exit
2025-11-18T21:29:31.041700Z  INFO get_files: tailwindcss_oxide::scanner: enter
2025-11-18T21:29:31.045016Z  INFO get_files:scan_sources: tailwindcss_oxide::scanner: enter
2025-11-18T21:29:31.049075Z  INFO get_files:scan_sources: tailwindcss_oxide::scanner: Discovering "/home/yamz/sites/filez/db"
2025-11-18T21:29:31.049431Z  INFO get_files:scan_sources: tailwindcss_oxide::scanner: Discovering "/home/yamz/sites/filez/logs"
2025-11-18T21:29:31.049505Z  INFO get_files:scan_sources: tailwindcss_oxide::scanner: Discovering "/home/yamz/sites/filez/app"
2025-11-18T21:29:31.049559Z  INFO get_files:scan_sources: tailwindcss_oxide::scanner: Discovering "/home/yamz/sites/filez/app/hooks"
2025-11-18T21:29:31.049684Z  INFO get_files:scan_sources: tailwindcss_oxide::scanner: Discovering "/home/yamz/sites/filez/app/share"
2025-11-18T21:29:31.049740Z  INFO get_files:scan_sources: tailwindcss_oxide::scanner: Discovering "/home/yamz/sites/filez/app/share/[token]"
2025-11-18T21:29:31.049894Z  INFO get_files:scan_sources: tailwindcss_oxide::scanner: Discovering "/home/yamz/sites/filez/app/editor"
2025-11-18T21:29:31.050006Z  INFO get_files:scan_sources: tailwindcss_oxide::scanner: Discovering "/home/yamz/sites/filez/app/api"
2025-11-18T21:29:31.050067Z  INFO get_files:scan_sources: tailwindcss_oxide::scanner: Discovering "/home/yamz/sites/filez/app/api/mindmap"
2025-11-18T21:29:31.050152Z  INFO get_files:scan_sources: tailwindcss_oxide::scanner: Discovering "/home/yamz/sites/filez/app/api/mindmap/save"
2025-11-18T21:29:31.050244Z  INFO get_files:scan_sources: tailwindcss_oxide::scanner: Discovering "/home/yamz/sites/filez/app/api/share"
2025-11-18T21:29:31.050295Z  INFO get_files:scan_sources: tailwindcss_oxide::scanner: Discovering "/home/yamz/sites/filez/app/api/share/[token]"
2025-11-18T21:29:31.050376Z  INFO get_files:scan_sources: tailwindcss_oxide::scanner: Discovering "/home/yamz/sites/filez/app/api/uploads"
2025-11-18T21:29:31.050423Z  INFO get_files:scan_sources: tailwindcss_oxide::scanner: Discovering "/home/yamz/sites/filez/app/api/uploads/copy"
2025-11-18T21:29:31.050488Z  INFO get_files:scan_sources: tailwindcss_oxide::scanner: Discovering "/home/yamz/sites/filez/app/api/uploads/[id]"
2025-11-18T21:29:31.050532Z  INFO get_files:scan_sources: tailwindcss_oxide::scanner: Discovering "/home/yamz/sites/filez/app/api/uploads/[id]/share"
2025-11-18T21:29:31.050599Z  INFO get_files:scan_sources: tailwindcss_oxide::scanner: Discovering "/home/yamz/sites/filez/app/api/uploads/[id]/rename"
2025-11-18T21:29:31.050660Z  INFO get_files:scan_sources: tailwindcss_oxide::scanner: Discovering "/home/yamz/sites/filez/app/api/uploads/move"
2025-11-18T21:29:31.050742Z  INFO get_files:scan_sources: tailwindcss_oxide::scanner: Discovering "/home/yamz/sites/filez/app/api/folders"
2025-11-18T21:29:31.050807Z  INFO get_files:scan_sources: tailwindcss_oxide::scanner: Discovering "/home/yamz/sites/filez/app/api/folders/[id]"
2025-11-18T21:29:31.050877Z  INFO get_files:scan_sources: tailwindcss_oxide::scanner: Discovering "/home/yamz/sites/filez/app/api/uploadthing"
2025-11-18T21:29:31.050936Z  INFO get_files:scan_sources: tailwindcss_oxide::scanner: Discovering "/home/yamz/sites/filez/app/api/saved-searches"
2025-11-18T21:29:31.051022Z  INFO get_files:scan_sources: tailwindcss_oxide::scanner: Discovering "/home/yamz/sites/filez/app/api/versions"
2025-11-18T21:29:31.051089Z  INFO get_files:scan_sources: tailwindcss_oxide::scanner: Discovering "/home/yamz/sites/filez/app/api/stream"
2025-11-18T21:29:31.051131Z  INFO get_files:scan_sources: tailwindcss_oxide::scanner: Discovering "/home/yamz/sites/filez/app/api/stream/[id]"
2025-11-18T21:29:31.051186Z  INFO get_files:scan_sources: tailwindcss_oxide::scanner: Discovering "/home/yamz/sites/filez/app/api/import"
2025-11-18T21:29:31.051225Z  INFO get_files:scan_sources: tailwindcss_oxide::scanner: Discovering "/home/yamz/sites/filez/app/api/import/zip"
2025-11-18T21:29:31.051277Z  INFO get_files:scan_sources: tailwindcss_oxide::scanner: Discovering "/home/yamz/sites/filez/app/api/import/folder"
2025-11-18T21:29:31.051340Z  INFO get_files:scan_sources: tailwindcss_oxide::scanner: Discovering "/home/yamz/sites/filez/app/components"
2025-11-18T21:29:31.051531Z  INFO get_files:scan_sources: tailwindcss_oxide::scanner: Discovering "/home/yamz/sites/filez/app/components/ui"
2025-11-18T21:29:31.051719Z  INFO get_files:scan_sources: tailwindcss_oxide::scanner: Discovering "/home/yamz/sites/filez/lib"
2025-11-18T21:29:31.051804Z  INFO get_files:scan_sources: tailwindcss_oxide::scanner: Discovering "/home/yamz/sites/filez/public"
2025-11-18T21:29:31.051925Z  INFO get_files:scan_sources: tailwindcss_oxide::scanner: Discovering "/home/yamz/sites/filez/types"
2025-11-18T21:29:31.058187Z  INFO get_files:scan_sources: tailwindcss_oxide::scanner: Discovering "/home/yamz/sites/filez/migrations"
2025-11-18T21:29:31.058310Z  INFO get_files:scan_sources: tailwindcss_oxide::scanner: Discovering "/home/yamz/sites/filez/docs"
2025-11-18T21:29:31.058563Z  INFO get_files:scan_sources: tailwindcss_oxide::scanner: exit
2025-11-18T21:29:31.064125Z  INFO get_files: tailwindcss_oxide::scanner: exit
2025-11-18T21:29:31.064486Z  INFO get_globs: tailwindcss_oxide::scanner: enter
2025-11-18T21:29:31.064524Z  INFO get_globs: tailwindcss_oxide::scanner: exit
