2025-11-18T22:21:26.301726Z  INFO tailwindcss_oxide::scanner: Provided sources:
2025-11-18T22:21:26.301776Z  INFO tailwindcss_oxide::scanner: Source: PublicSourceEntry { base: "/home/yamz/sites/filez", pattern: "**/*", negated: false }
2025-11-18T22:21:26.301846Z  INFO tailwindcss_oxide::scanner: Optimized sources:
2025-11-18T22:21:26.301851Z  INFO tailwindcss_oxide::scanner: Source: Auto { base: "/home/yamz/sites/filez" }
2025-11-18T22:21:26.304307Z  INFO scan_sources: tailwindcss_oxide::scanner: enter
2025-11-18T22:21:26.304966Z  INFO scan_sources: tailwindcss_oxide::scanner: Discovering "/home/yamz/sites/filez/db"
2025-11-18T22:21:26.305053Z  INFO scan_sources: tailwindcss_oxide::scanner: Discovering "/home/yamz/sites/filez/db/schema.sql"
2025-11-18T22:21:26.305071Z  INFO scan_sources: tailwindcss_oxide::scanner: Discovering "/home/yamz/sites/filez/db/create-database.sql"
2025-11-18T22:21:26.305086Z  INFO scan_sources: tailwindcss_oxide::scanner: Discovering "/home/yamz/sites/filez/db/init.ts"
2025-11-18T22:21:26.305113Z  INFO scan_sources: tailwindcss_oxide::scanner: Discovering "/home/yamz/sites/filez/eslint.config.mjs"
2025-11-18T22:21:26.305128Z  INFO scan_sources: tailwindcss_oxide::scanner: Discovering "/home/yamz/sites/filez/postcss.config.mjs"
2025-11-18T22:21:26.305164Z  INFO scan_sources: tailwindcss_oxide::scanner: Discovering "/home/yamz/sites/filez/logs"
2025-11-18T22:21:26.305207Z  INFO scan_sources: tailwindcss_oxide::scanner: Discovering "/home/yamz/sites/filez/app"
2025-11-18T22:21:26.305243Z  INFO scan_sources: tailwindcss_oxide::scanner: Discovering "/home/yamz/sites/filez/app/hooks"
2025-11-18T22:21:26.305273Z  INFO scan_sources: tailwindcss_oxide::scanner: Discovering "/home/yamz/sites/filez/app/hooks/useDialog.ts"
2025-11-18T22:21:26.305293Z  INFO scan_sources: tailwindcss_oxide::scanner: Discovering "/home/yamz/sites/filez/app/layout.tsx"
2025-11-18T22:21:26.305308Z  INFO scan_sources: tailwindcss_oxide::scanner: Discovering "/home/yamz/sites/filez/app/share"
2025-11-18T22:21:26.305341Z  INFO scan_sources: tailwindcss_oxide::scanner: Discovering "/home/yamz/sites/filez/app/share/[token]"
2025-11-18T22:21:26.305373Z  INFO scan_sources: tailwindcss_oxide::scanner: Discovering "/home/yamz/sites/filez/app/share/[token]/page.tsx"
2025-11-18T22:21:26.305394Z  INFO scan_sources: tailwindcss_oxide::scanner: Discovering "/home/yamz/sites/filez/app/globals.css"
2025-11-18T22:21:26.305410Z  INFO scan_sources: tailwindcss_oxide::scanner: Discovering "/home/yamz/sites/filez/app/editor"
2025-11-18T22:21:26.305436Z  INFO scan_sources: tailwindcss_oxide::scanner: Discovering "/home/yamz/sites/filez/app/editor/page.tsx"
2025-11-18T22:21:26.305457Z  INFO scan_sources: tailwindcss_oxide::scanner: Discovering "/home/yamz/sites/filez/app/page.tsx"
2025-11-18T22:21:26.305472Z  INFO scan_sources: tailwindcss_oxide::scanner: Discovering "/home/yamz/sites/filez/app/api"
2025-11-18T22:21:26.305646Z  INFO scan_sources: tailwindcss_oxide::scanner: Discovering "/home/yamz/sites/filez/app/api/mindmap"
2025-11-18T22:21:26.305691Z  INFO scan_sources: tailwindcss_oxide::scanner: Discovering "/home/yamz/sites/filez/app/api/mindmap/save"
2025-11-18T22:21:26.305722Z  INFO scan_sources: tailwindcss_oxide::scanner: Discovering "/home/yamz/sites/filez/app/api/mindmap/save/route.ts"
2025-11-18T22:21:26.305748Z  INFO scan_sources: tailwindcss_oxide::scanner: Discovering "/home/yamz/sites/filez/app/api/share"
2025-11-18T22:21:26.305778Z  INFO scan_sources: tailwindcss_oxide::scanner: Discovering "/home/yamz/sites/filez/app/api/share/[token]"
2025-11-18T22:21:26.305808Z  INFO scan_sources: tailwindcss_oxide::scanner: Discovering "/home/yamz/sites/filez/app/api/share/[token]/route.ts"
2025-11-18T22:21:26.305830Z  INFO scan_sources: tailwindcss_oxide::scanner: Discovering "/home/yamz/sites/filez/app/api/uploads"
2025-11-18T22:21:26.305861Z  INFO scan_sources: tailwindcss_oxide::scanner: Discovering "/home/yamz/sites/filez/app/api/uploads/copy"
2025-11-18T22:21:26.305890Z  INFO scan_sources: tailwindcss_oxide::scanner: Discovering "/home/yamz/sites/filez/app/api/uploads/copy/route.ts"
2025-11-18T22:21:26.305924Z  INFO scan_sources: tailwindcss_oxide::scanner: Discovering "/home/yamz/sites/filez/app/api/uploads/[id]"
2025-11-18T22:21:26.305956Z  INFO scan_sources: tailwindcss_oxide::scanner: Discovering "/home/yamz/sites/filez/app/api/uploads/[id]/share"
2025-11-18T22:21:26.306003Z  INFO scan_sources: tailwindcss_oxide::scanner: Discovering "/home/yamz/sites/filez/app/api/uploads/[id]/share/route.ts"
2025-11-18T22:21:26.306021Z  INFO scan_sources: tailwindcss_oxide::scanner: Discovering "/home/yamz/sites/filez/app/api/uploads/[id]/route.ts"
2025-11-18T22:21:26.306037Z  INFO scan_sources: tailwindcss_oxide::scanner: Discovering "/home/yamz/sites/filez/app/api/uploads/[id]/rename"
2025-11-18T22:21:26.306065Z  INFO scan_sources: tailwindcss_oxide::scanner: Discovering "/home/yamz/sites/filez/app/api/uploads/[id]/rename/route.ts"
2025-11-18T22:21:26.306088Z  INFO scan_sources: tailwindcss_oxide::scanner: Discovering "/home/yamz/sites/filez/app/api/uploads/move"
2025-11-18T22:21:26.306114Z  INFO scan_sources: tailwindcss_oxide::scanner: Discovering "/home/yamz/sites/filez/app/api/uploads/move/route.ts"
2025-11-18T22:21:26.306132Z  INFO scan_sources: tailwindcss_oxide::scanner: Discovering "/home/yamz/sites/filez/app/api/uploads/route.ts"
2025-11-18T22:21:26.306152Z  INFO scan_sources: tailwindcss_oxide::scanner: Discovering "/home/yamz/sites/filez/app/api/folders"
2025-11-18T22:21:26.306181Z  INFO scan_sources: tailwindcss_oxide::scanner: Discovering "/home/yamz/sites/filez/app/api/folders/[id]"
2025-11-18T22:21:26.306206Z  INFO scan_sources: tailwindcss_oxide::scanner: Discovering "/home/yamz/sites/filez/app/api/folders/[id]/route.ts"
2025-11-18T22:21:26.306223Z  INFO scan_sources: tailwindcss_oxide::scanner: Discovering "/home/yamz/sites/filez/app/api/folders/route.ts"
2025-11-18T22:21:26.306241Z  INFO scan_sources: tailwindcss_oxide::scanner: Discovering "/home/yamz/sites/filez/app/api/uploadthing"
2025-11-18T22:21:26.306268Z  INFO scan_sources: tailwindcss_oxide::scanner: Discovering "/home/yamz/sites/filez/app/api/uploadthing/route.ts"
2025-11-18T22:21:26.306280Z  INFO scan_sources: tailwindcss_oxide::scanner: Discovering "/home/yamz/sites/filez/app/api/uploadthing/core.ts"
2025-11-18T22:21:26.306299Z  INFO scan_sources: tailwindcss_oxide::scanner: Discovering "/home/yamz/sites/filez/app/api/saved-searches"
2025-11-18T22:21:26.306325Z  INFO scan_sources: tailwindcss_oxide::scanner: Discovering "/home/yamz/sites/filez/app/api/saved-searches/route.ts"
2025-11-18T22:21:26.306347Z  INFO scan_sources: tailwindcss_oxide::scanner: Discovering "/home/yamz/sites/filez/app/api/versions"
2025-11-18T22:21:26.306374Z  INFO scan_sources: tailwindcss_oxide::scanner: Discovering "/home/yamz/sites/filez/app/api/versions/route.ts"
2025-11-18T22:21:26.306392Z  INFO scan_sources: tailwindcss_oxide::scanner: Discovering "/home/yamz/sites/filez/app/api/stream"
2025-11-18T22:21:26.306421Z  INFO scan_sources: tailwindcss_oxide::scanner: Discovering "/home/yamz/sites/filez/app/api/stream/[id]"
2025-11-18T22:21:26.306448Z  INFO scan_sources: tailwindcss_oxide::scanner: Discovering "/home/yamz/sites/filez/app/api/stream/[id]/route.ts"
2025-11-18T22:21:26.306468Z  INFO scan_sources: tailwindcss_oxide::scanner: Discovering "/home/yamz/sites/filez/app/api/import"
2025-11-18T22:21:26.306498Z  INFO scan_sources: tailwindcss_oxide::scanner: Discovering "/home/yamz/sites/filez/app/api/import/zip"
2025-11-18T22:21:26.306525Z  INFO scan_sources: tailwindcss_oxide::scanner: Discovering "/home/yamz/sites/filez/app/api/import/zip/route.ts"
2025-11-18T22:21:26.306543Z  INFO scan_sources: tailwindcss_oxide::scanner: Discovering "/home/yamz/sites/filez/app/api/import/folder"
2025-11-18T22:21:26.306569Z  INFO scan_sources: tailwindcss_oxide::scanner: Discovering "/home/yamz/sites/filez/app/api/import/folder/route.ts"
2025-11-18T22:21:26.306594Z  INFO scan_sources: tailwindcss_oxide::scanner: Discovering "/home/yamz/sites/filez/app/components"
2025-11-18T22:21:26.306633Z  INFO scan_sources: tailwindcss_oxide::scanner: Discovering "/home/yamz/sites/filez/app/components/FilterBar.tsx"
2025-11-18T22:21:26.306652Z  INFO scan_sources: tailwindcss_oxide::scanner: Discovering "/home/yamz/sites/filez/app/components/AdvancedSearchBar.tsx"
2025-11-18T22:21:26.306665Z  INFO scan_sources: tailwindcss_oxide::scanner: Discovering "/home/yamz/sites/filez/app/components/FolderCard.tsx"
2025-11-18T22:21:26.306679Z  INFO scan_sources: tailwindcss_oxide::scanner: Discovering "/home/yamz/sites/filez/app/components/MindMapEditor.tsx"
2025-11-18T22:21:26.306691Z  INFO scan_sources: tailwindcss_oxide::scanner: Discovering "/home/yamz/sites/filez/app/components/DocumentCard.tsx"
2025-11-18T22:21:26.306705Z  INFO scan_sources: tailwindcss_oxide::scanner: Discovering "/home/yamz/sites/filez/app/components/UploadStatusIndicator.tsx"
2025-11-18T22:21:26.306719Z  INFO scan_sources: tailwindcss_oxide::scanner: Discovering "/home/yamz/sites/filez/app/components/SpreadsheetEditor.tsx"
2025-11-18T22:21:26.306732Z  INFO scan_sources: tailwindcss_oxide::scanner: Discovering "/home/yamz/sites/filez/app/components/DocViewer.tsx"
2025-11-18T22:21:26.306745Z  INFO scan_sources: tailwindcss_oxide::scanner: Discovering "/home/yamz/sites/filez/app/components/ShareFileModal.tsx"
2025-11-18T22:21:26.306756Z  INFO scan_sources: tailwindcss_oxide::scanner: Discovering "/home/yamz/sites/filez/app/components/ImportModal.tsx"
2025-11-18T22:21:26.306769Z  INFO scan_sources: tailwindcss_oxide::scanner: Discovering "/home/yamz/sites/filez/app/components/CodeEditor.tsx"
2025-11-18T22:21:26.306781Z  INFO scan_sources: tailwindcss_oxide::scanner: Discovering "/home/yamz/sites/filez/app/components/EnhancedUploadModal.tsx"
2025-11-18T22:21:26.306792Z  INFO scan_sources: tailwindcss_oxide::scanner: Discovering "/home/yamz/sites/filez/app/components/FileIcon.tsx"
2025-11-18T22:21:26.306804Z  INFO scan_sources: tailwindcss_oxide::scanner: Discovering "/home/yamz/sites/filez/app/components/EpubReaderModal.tsx"
2025-11-18T22:21:26.306816Z  INFO scan_sources: tailwindcss_oxide::scanner: Discovering "/home/yamz/sites/filez/app/components/RenameDialog.tsx"
2025-11-18T22:21:26.306829Z  INFO scan_sources: tailwindcss_oxide::scanner: Discovering "/home/yamz/sites/filez/app/components/DocumentPreviewList.tsx"
2025-11-18T22:21:26.306841Z  INFO scan_sources: tailwindcss_oxide::scanner: Discovering "/home/yamz/sites/filez/app/components/ImageViewer.tsx"
2025-11-18T22:21:26.306856Z  INFO scan_sources: tailwindcss_oxide::scanner: Discovering "/home/yamz/sites/filez/app/components/ui"
2025-11-18T22:21:26.306884Z  INFO scan_sources: tailwindcss_oxide::scanner: Discovering "/home/yamz/sites/filez/app/components/ui/DialogVariants.tsx"
2025-11-18T22:21:26.306900Z  INFO scan_sources: tailwindcss_oxide::scanner: Discovering "/home/yamz/sites/filez/app/components/VersionHistoryModal.tsx"
2025-11-18T22:21:26.306914Z  INFO scan_sources: tailwindcss_oxide::scanner: Discovering "/home/yamz/sites/filez/app/components/DocumentsList.tsx"
2025-11-18T22:21:26.306925Z  INFO scan_sources: tailwindcss_oxide::scanner: Discovering "/home/yamz/sites/filez/app/components/WYSIWYGEditor.tsx"
2025-11-18T22:21:26.306937Z  INFO scan_sources: tailwindcss_oxide::scanner: Discovering "/home/yamz/sites/filez/app/components/PdfViewer.tsx"
2025-11-18T22:21:26.306949Z  INFO scan_sources: tailwindcss_oxide::scanner: Discovering "/home/yamz/sites/filez/app/components/BulkActionsBar.tsx"
2025-11-18T22:21:26.306960Z  INFO scan_sources: tailwindcss_oxide::scanner: Discovering "/home/yamz/sites/filez/app/components/CreateFolderModal.tsx"
2025-11-18T22:21:26.306987Z  INFO scan_sources: tailwindcss_oxide::scanner: Discovering "/home/yamz/sites/filez/app/components/EnhancedDocumentViewer.tsx"
2025-11-18T22:21:26.307008Z  INFO scan_sources: tailwindcss_oxide::scanner: Discovering "/home/yamz/sites/filez/next.config.ts"
2025-11-18T22:21:26.307050Z  INFO scan_sources: tailwindcss_oxide::scanner: Discovering "/home/yamz/sites/filez/tsconfig.json"
2025-11-18T22:21:26.307067Z  INFO scan_sources: tailwindcss_oxide::scanner: Discovering "/home/yamz/sites/filez/.env.example"
2025-11-18T22:21:26.307087Z  INFO scan_sources: tailwindcss_oxide::scanner: Discovering "/home/yamz/sites/filez/lib"
2025-11-18T22:21:26.307121Z  INFO scan_sources: tailwindcss_oxide::scanner: Discovering "/home/yamz/sites/filez/lib/utils.ts"
2025-11-18T22:21:26.307135Z  INFO scan_sources: tailwindcss_oxide::scanner: Discovering "/home/yamz/sites/filez/lib/uploadQueue.ts"
2025-11-18T22:21:26.307146Z  INFO scan_sources: tailwindcss_oxide::scanner: Discovering "/home/yamz/sites/filez/lib/uploadthing.ts"
2025-11-18T22:21:26.307159Z  INFO scan_sources: tailwindcss_oxide::scanner: Discovering "/home/yamz/sites/filez/lib/db.ts"
2025-11-18T22:21:26.307170Z  INFO scan_sources: tailwindcss_oxide::scanner: Discovering "/home/yamz/sites/filez/lib/epub-db.ts"
2025-11-18T22:21:26.307189Z  INFO scan_sources: tailwindcss_oxide::scanner: Discovering "/home/yamz/sites/filez/public"
2025-11-18T22:21:26.307219Z  INFO scan_sources: tailwindcss_oxide::scanner: Discovering "/home/yamz/sites/filez/public/next.svg"
2025-11-18T22:21:26.307231Z  INFO scan_sources: tailwindcss_oxide::scanner: Discovering "/home/yamz/sites/filez/public/globe.svg"
2025-11-18T22:21:26.307244Z  INFO scan_sources: tailwindcss_oxide::scanner: Discovering "/home/yamz/sites/filez/public/vercel.svg"
2025-11-18T22:21:26.307255Z  INFO scan_sources: tailwindcss_oxide::scanner: Discovering "/home/yamz/sites/filez/public/file.svg"
2025-11-18T22:21:26.307290Z  INFO scan_sources: tailwindcss_oxide::scanner: Discovering "/home/yamz/sites/filez/public/window.svg"
2025-11-18T22:21:26.307317Z  INFO scan_sources: tailwindcss_oxide::scanner: Discovering "/home/yamz/sites/filez/PRODUCTION_READY_SUMMARY.md"
2025-11-18T22:21:26.307344Z  INFO scan_sources: tailwindcss_oxide::scanner: Discovering "/home/yamz/sites/filez/package.json"
2025-11-18T22:21:26.307373Z  INFO scan_sources: tailwindcss_oxide::scanner: Discovering "/home/yamz/sites/filez/types"
2025-11-18T22:21:26.307414Z  INFO scan_sources: tailwindcss_oxide::scanner: Discovering "/home/yamz/sites/filez/types/mammoth.d.ts"
2025-11-18T22:21:26.307476Z  INFO scan_sources: tailwindcss_oxide::scanner: Discovering "/home/yamz/sites/filez/README.md"
2025-11-18T22:21:26.307494Z  INFO scan_sources: tailwindcss_oxide::scanner: Discovering "/home/yamz/sites/filez/PRODUCTION_CHECKLIST.md"
2025-11-18T22:21:26.307517Z  INFO scan_sources: tailwindcss_oxide::scanner: Discovering "/home/yamz/sites/filez/components.json"
2025-11-18T22:21:26.307536Z  INFO scan_sources: tailwindcss_oxide::scanner: Discovering "/home/yamz/sites/filez/.env.production"
2025-11-18T22:21:26.307573Z  INFO scan_sources: tailwindcss_oxide::scanner: Discovering "/home/yamz/sites/filez/migrations"
2025-11-18T22:21:26.307616Z  INFO scan_sources: tailwindcss_oxide::scanner: Discovering "/home/yamz/sites/filez/migrations/004_add_deleted_at.sql"
2025-11-18T22:21:26.307636Z  INFO scan_sources: tailwindcss_oxide::scanner: Discovering "/home/yamz/sites/filez/migrations/003_add_folders.sql"
2025-11-18T22:21:26.307661Z  INFO scan_sources: tailwindcss_oxide::scanner: Discovering "/home/yamz/sites/filez/docs"
2025-11-18T22:21:26.307696Z  INFO scan_sources: tailwindcss_oxide::scanner: Discovering "/home/yamz/sites/filez/docs/FEATURES.md"
2025-11-18T22:21:26.307714Z  INFO scan_sources: tailwindcss_oxide::scanner: Discovering "/home/yamz/sites/filez/docs/DEPLOYMENT.md"
2025-11-18T22:21:26.307730Z  INFO scan_sources: tailwindcss_oxide::scanner: Discovering "/home/yamz/sites/filez/docs/SETUP_GUIDE.md"
2025-11-18T22:21:26.307746Z  INFO scan_sources: tailwindcss_oxide::scanner: Discovering "/home/yamz/sites/filez/docs/PRODUCTION_DEPLOYMENT.md"
2025-11-18T22:21:26.307764Z  INFO scan_sources: tailwindcss_oxide::scanner: Discovering "/home/yamz/sites/filez/docs/PAPERLESS_UI_IMPLEMENTATION.md"
2025-11-18T22:21:26.307780Z  INFO scan_sources: tailwindcss_oxide::scanner: Discovering "/home/yamz/sites/filez/docs/CHANGELOG.md"
2025-11-18T22:21:26.307799Z  INFO scan_sources: tailwindcss_oxide::scanner: Discovering "/home/yamz/sites/filez/ecosystem.config.js"
2025-11-18T22:21:26.307820Z  INFO scan_sources: tailwindcss_oxide::scanner: Discovering "/home/yamz/sites/filez/deploy-production.sh"
2025-11-18T22:21:26.307879Z  INFO scan_sources: tailwindcss_oxide::scanner: Discovering "/home/yamz/sites/filez/start-production.sh"
2025-11-18T22:21:26.307949Z  INFO scan_sources: tailwindcss_oxide::scanner: exit
2025-11-18T22:21:26.307960Z  INFO extract_candidates: tailwindcss_oxide::scanner: enter
2025-11-18T22:21:26.307993Z  INFO extract_candidates:read_all_files: tailwindcss_oxide::scanner: enter
2025-11-18T22:21:26.307999Z  INFO extract_candidates:read_all_files: tailwindcss_oxide::scanner: Reading 83 file(s)
2025-11-18T22:21:26.308447Z  INFO tailwindcss_oxide::scanner: Reading "/home/yamz/sites/filez/db/schema.sql"
2025-11-18T22:21:26.308498Z  INFO tailwindcss_oxide::scanner: Reading "/home/yamz/sites/filez/db/create-database.sql"
2025-11-18T22:21:26.308491Z  INFO tailwindcss_oxide::scanner: Reading "/home/yamz/sites/filez/app/components/RenameDialog.tsx"
2025-11-18T22:21:26.308513Z  INFO tailwindcss_oxide::scanner: Reading "/home/yamz/sites/filez/db/init.ts"
2025-11-18T22:21:26.308527Z  INFO tailwindcss_oxide::scanner: Reading "/home/yamz/sites/filez/eslint.config.mjs"
2025-11-18T22:21:26.308544Z  INFO tailwindcss_oxide::scanner: Reading "/home/yamz/sites/filez/postcss.config.mjs"
2025-11-18T22:21:26.308565Z  INFO tailwindcss_oxide::scanner: Reading "/home/yamz/sites/filez/public/vercel.svg"
2025-11-18T22:21:26.308573Z  INFO tailwindcss_oxide::scanner: Reading "/home/yamz/sites/filez/app/hooks/useDialog.ts"
2025-11-18T22:21:26.308587Z  INFO tailwindcss_oxide::scanner: Reading "/home/yamz/sites/filez/public/file.svg"
2025-11-18T22:21:26.308598Z  INFO tailwindcss_oxide::scanner: Reading "/home/yamz/sites/filez/app/layout.tsx"
2025-11-18T22:21:26.308544Z  INFO tailwindcss_oxide::scanner: Reading "/home/yamz/sites/filez/app/components/DocumentPreviewList.tsx"
2025-11-18T22:21:26.308601Z  INFO tailwindcss_oxide::scanner: Reading "/home/yamz/sites/filez/public/window.svg"
2025-11-18T22:21:26.308639Z  INFO tailwindcss_oxide::scanner: Reading "/home/yamz/sites/filez/app/share/[token]/page.tsx"
2025-11-18T22:21:26.308643Z  INFO tailwindcss_oxide::scanner: Reading "/home/yamz/sites/filez/PRODUCTION_READY_SUMMARY.md"
2025-11-18T22:21:26.308661Z  INFO tailwindcss_oxide::scanner: Reading "/home/yamz/sites/filez/app/editor/page.tsx"
2025-11-18T22:21:26.308667Z  INFO tailwindcss_oxide::scanner: Reading "/home/yamz/sites/filez/package.json"
2025-11-18T22:21:26.308687Z  INFO tailwindcss_oxide::scanner: Reading "/home/yamz/sites/filez/types/mammoth.d.ts"
2025-11-18T22:21:26.308704Z  INFO tailwindcss_oxide::scanner: Reading "/home/yamz/sites/filez/README.md"
2025-11-18T22:21:26.308708Z  INFO tailwindcss_oxide::scanner: Reading "/home/yamz/sites/filez/app/page.tsx"
2025-11-18T22:21:26.308729Z  INFO tailwindcss_oxide::scanner: Reading "/home/yamz/sites/filez/PRODUCTION_CHECKLIST.md"
2025-11-18T22:21:26.308752Z  INFO tailwindcss_oxide::scanner: Reading "/home/yamz/sites/filez/components.json"
2025-11-18T22:21:26.308755Z  INFO tailwindcss_oxide::scanner: Reading "/home/yamz/sites/filez/app/api/mindmap/save/route.ts"
2025-11-18T22:21:26.308767Z  INFO tailwindcss_oxide::scanner: Reading "/home/yamz/sites/filez/.env.production"
2025-11-18T22:21:26.308772Z  INFO tailwindcss_oxide::scanner: Reading "/home/yamz/sites/filez/app/api/share/[token]/route.ts"
2025-11-18T22:21:26.308782Z  INFO tailwindcss_oxide::scanner: Reading "/home/yamz/sites/filez/migrations/004_add_deleted_at.sql"
2025-11-18T22:21:26.308788Z  INFO tailwindcss_oxide::scanner: Reading "/home/yamz/sites/filez/app/api/uploads/copy/route.ts"
2025-11-18T22:21:26.308797Z  INFO tailwindcss_oxide::scanner: Reading "/home/yamz/sites/filez/migrations/003_add_folders.sql"
2025-11-18T22:21:26.308805Z  INFO tailwindcss_oxide::scanner: Reading "/home/yamz/sites/filez/app/api/uploads/[id]/share/route.ts"
2025-11-18T22:21:26.308813Z  INFO tailwindcss_oxide::scanner: Reading "/home/yamz/sites/filez/docs/FEATURES.md"
2025-11-18T22:21:26.308821Z  INFO tailwindcss_oxide::scanner: Reading "/home/yamz/sites/filez/app/api/uploads/[id]/route.ts"
2025-11-18T22:21:26.308839Z  INFO tailwindcss_oxide::scanner: Reading "/home/yamz/sites/filez/docs/DEPLOYMENT.md"
2025-11-18T22:21:26.308843Z  INFO tailwindcss_oxide::scanner: Reading "/home/yamz/sites/filez/app/api/uploads/[id]/rename/route.ts"
2025-11-18T22:21:26.308859Z  INFO tailwindcss_oxide::scanner: Reading "/home/yamz/sites/filez/docs/SETUP_GUIDE.md"
2025-11-18T22:21:26.308892Z  INFO tailwindcss_oxide::scanner: Reading "/home/yamz/sites/filez/docs/PRODUCTION_DEPLOYMENT.md"
2025-11-18T22:21:26.308915Z  INFO tailwindcss_oxide::scanner: Reading "/home/yamz/sites/filez/docs/PAPERLESS_UI_IMPLEMENTATION.md"
2025-11-18T22:21:26.308952Z  INFO tailwindcss_oxide::scanner: Reading "/home/yamz/sites/filez/docs/CHANGELOG.md"
2025-11-18T22:21:26.309013Z  INFO tailwindcss_oxide::scanner: Reading "/home/yamz/sites/filez/ecosystem.config.js"
2025-11-18T22:21:26.309029Z  INFO tailwindcss_oxide::scanner: Reading "/home/yamz/sites/filez/deploy-production.sh"
2025-11-18T22:21:26.309043Z  INFO tailwindcss_oxide::scanner: Reading "/home/yamz/sites/filez/start-production.sh"
2025-11-18T22:21:26.309059Z  INFO tailwindcss_oxide::scanner: Reading "/home/yamz/sites/filez/app/api/uploadthing/route.ts"
2025-11-18T22:21:26.309074Z  INFO tailwindcss_oxide::scanner: Reading "/home/yamz/sites/filez/app/api/uploadthing/core.ts"
2025-11-18T22:21:26.309089Z  INFO tailwindcss_oxide::scanner: Reading "/home/yamz/sites/filez/app/api/saved-searches/route.ts"
2025-11-18T22:21:26.309106Z  INFO tailwindcss_oxide::scanner: Reading "/home/yamz/sites/filez/app/api/versions/route.ts"
2025-11-18T22:21:26.309125Z  INFO tailwindcss_oxide::scanner: Reading "/home/yamz/sites/filez/app/api/stream/[id]/route.ts"
2025-11-18T22:21:26.309144Z  INFO tailwindcss_oxide::scanner: Reading "/home/yamz/sites/filez/app/api/import/zip/route.ts"
2025-11-18T22:21:26.309159Z  INFO tailwindcss_oxide::scanner: Reading "/home/yamz/sites/filez/app/api/import/folder/route.ts"
2025-11-18T22:21:26.309186Z  INFO tailwindcss_oxide::scanner: Reading "/home/yamz/sites/filez/app/components/FilterBar.tsx"
2025-11-18T22:21:26.309207Z  INFO tailwindcss_oxide::scanner: Reading "/home/yamz/sites/filez/app/components/AdvancedSearchBar.tsx"
2025-11-18T22:21:26.309227Z  INFO tailwindcss_oxide::scanner: Reading "/home/yamz/sites/filez/app/components/FolderCard.tsx"
2025-11-18T22:21:26.309276Z  INFO tailwindcss_oxide::scanner: Reading "/home/yamz/sites/filez/app/components/MindMapEditor.tsx"
2025-11-18T22:21:26.309316Z  INFO tailwindcss_oxide::scanner: Reading "/home/yamz/sites/filez/app/components/DocumentCard.tsx"
2025-11-18T22:21:26.309350Z  INFO tailwindcss_oxide::scanner: Reading "/home/yamz/sites/filez/app/components/UploadStatusIndicator.tsx"
2025-11-18T22:21:26.309370Z  INFO tailwindcss_oxide::scanner: Reading "/home/yamz/sites/filez/app/components/SpreadsheetEditor.tsx"
2025-11-18T22:21:26.309399Z  INFO tailwindcss_oxide::scanner: Reading "/home/yamz/sites/filez/app/components/DocViewer.tsx"
2025-11-18T22:21:26.309417Z  INFO tailwindcss_oxide::scanner: Reading "/home/yamz/sites/filez/app/components/ShareFileModal.tsx"
2025-11-18T22:21:26.309444Z  INFO tailwindcss_oxide::scanner: Reading "/home/yamz/sites/filez/app/components/ImportModal.tsx"
2025-11-18T22:21:26.309472Z  INFO tailwindcss_oxide::scanner: Reading "/home/yamz/sites/filez/app/components/CodeEditor.tsx"
2025-11-18T22:21:26.309495Z  INFO tailwindcss_oxide::scanner: Reading "/home/yamz/sites/filez/app/components/EnhancedUploadModal.tsx"
2025-11-18T22:21:26.309521Z  INFO tailwindcss_oxide::scanner: Reading "/home/yamz/sites/filez/app/components/FileIcon.tsx"
2025-11-18T22:21:26.309549Z  INFO tailwindcss_oxide::scanner: Reading "/home/yamz/sites/filez/app/components/EpubReaderModal.tsx"
2025-11-18T22:21:26.309577Z  INFO tailwindcss_oxide::scanner: Reading "/home/yamz/sites/filez/app/api/uploads/route.ts"
2025-11-18T22:21:26.309593Z  INFO tailwindcss_oxide::scanner: Reading "/home/yamz/sites/filez/app/api/folders/[id]/route.ts"
2025-11-18T22:21:26.309609Z  INFO tailwindcss_oxide::scanner: Reading "/home/yamz/sites/filez/app/api/folders/route.ts"
2025-11-18T22:21:26.309633Z  INFO tailwindcss_oxide::scanner: Reading "/home/yamz/sites/filez/app/components/EnhancedDocumentViewer.tsx"
2025-11-18T22:21:26.309648Z  INFO tailwindcss_oxide::scanner: Reading "/home/yamz/sites/filez/next.config.ts"
2025-11-18T22:21:26.309665Z  INFO tailwindcss_oxide::scanner: Reading "/home/yamz/sites/filez/tsconfig.json"
2025-11-18T22:21:26.309681Z  INFO tailwindcss_oxide::scanner: Reading "/home/yamz/sites/filez/.env.example"
2025-11-18T22:21:26.309695Z  INFO tailwindcss_oxide::scanner: Reading "/home/yamz/sites/filez/lib/utils.ts"
2025-11-18T22:21:26.309712Z  INFO tailwindcss_oxide::scanner: Reading "/home/yamz/sites/filez/lib/uploadQueue.ts"
2025-11-18T22:21:26.309733Z  INFO tailwindcss_oxide::scanner: Reading "/home/yamz/sites/filez/lib/uploadthing.ts"
2025-11-18T22:21:26.309747Z  INFO tailwindcss_oxide::scanner: Reading "/home/yamz/sites/filez/lib/db.ts"
2025-11-18T22:21:26.309762Z  INFO tailwindcss_oxide::scanner: Reading "/home/yamz/sites/filez/lib/epub-db.ts"
2025-11-18T22:21:26.309789Z  INFO tailwindcss_oxide::scanner: Reading "/home/yamz/sites/filez/public/next.svg"
2025-11-18T22:21:26.309808Z  INFO tailwindcss_oxide::scanner: Reading "/home/yamz/sites/filez/public/globe.svg"
2025-11-18T22:21:26.309830Z  INFO tailwindcss_oxide::scanner: Reading "/home/yamz/sites/filez/app/components/DocumentsList.tsx"
2025-11-18T22:21:26.309879Z  INFO tailwindcss_oxide::scanner: Reading "/home/yamz/sites/filez/app/components/WYSIWYGEditor.tsx"
2025-11-18T22:21:26.309921Z  INFO tailwindcss_oxide::scanner: Reading "/home/yamz/sites/filez/app/components/PdfViewer.tsx"
2025-11-18T22:21:26.309939Z  INFO tailwindcss_oxide::scanner: Reading "/home/yamz/sites/filez/app/components/BulkActionsBar.tsx"
2025-11-18T22:21:26.309955Z  INFO tailwindcss_oxide::scanner: Reading "/home/yamz/sites/filez/app/components/CreateFolderModal.tsx"
2025-11-18T22:21:26.309988Z  INFO tailwindcss_oxide::scanner: Reading "/home/yamz/sites/filez/app/components/ImageViewer.tsx"
2025-11-18T22:21:26.310056Z  INFO tailwindcss_oxide::scanner: Reading "/home/yamz/sites/filez/app/components/VersionHistoryModal.tsx"
2025-11-18T22:21:26.310134Z  INFO tailwindcss_oxide::scanner: Reading "/home/yamz/sites/filez/app/components/ui/DialogVariants.tsx"
2025-11-18T22:21:26.308859Z  INFO tailwindcss_oxide::scanner: Reading "/home/yamz/sites/filez/app/api/uploads/move/route.ts"
2025-11-18T22:21:26.310238Z  INFO extract_candidates:read_all_files: tailwindcss_oxide::scanner: exit
2025-11-18T22:21:26.310263Z  INFO extract_candidates:parse_all_blobs: tailwindcss_oxide::scanner: enter
2025-11-18T22:21:26.310269Z  INFO extract_candidates:parse_all_blobs:extract: tailwindcss_oxide::scanner: enter
2025-11-18T22:21:26.318008Z  INFO extract_candidates:parse_all_blobs:extract: tailwindcss_oxide::scanner: exit
2025-11-18T22:21:26.318076Z  INFO extract_candidates:parse_all_blobs: tailwindcss_oxide::scanner: exit
2025-11-18T22:21:26.318085Z  INFO extract_candidates:read_all_files: tailwindcss_oxide::scanner: enter
2025-11-18T22:21:26.318091Z  INFO extract_candidates:read_all_files: tailwindcss_oxide::scanner: Reading 1 file(s)
2025-11-18T22:21:26.318134Z  INFO extract_candidates:read_all_files: tailwindcss_oxide::scanner: Reading "/home/yamz/sites/filez/app/globals.css"
2025-11-18T22:21:26.318145Z  INFO extract_candidates:read_all_files: tailwindcss_oxide::scanner: exit
2025-11-18T22:21:26.318151Z  INFO extract_candidates:extract_css_variables: tailwindcss_oxide::scanner: enter
2025-11-18T22:21:26.318156Z  INFO extract_candidates:extract_css_variables:extract: tailwindcss_oxide::scanner: enter
2025-11-18T22:21:26.318354Z  INFO extract_candidates:extract_css_variables:extract: tailwindcss_oxide::scanner: exit
2025-11-18T22:21:26.318369Z  INFO extract_candidates:extract_css_variables: tailwindcss_oxide::scanner: exit
2025-11-18T22:21:26.320220Z  INFO extract_candidates: tailwindcss_oxide::scanner: exit
2025-11-18T22:21:26.322788Z  INFO get_files: tailwindcss_oxide::scanner: enter
2025-11-18T22:21:26.322831Z  INFO get_files:scan_sources: tailwindcss_oxide::scanner: enter
2025-11-18T22:21:26.323611Z  INFO get_files:scan_sources: tailwindcss_oxide::scanner: Discovering "/home/yamz/sites/filez/db"
2025-11-18T22:21:26.323786Z  INFO get_files:scan_sources: tailwindcss_oxide::scanner: Discovering "/home/yamz/sites/filez/logs"
2025-11-18T22:21:26.323850Z  INFO get_files:scan_sources: tailwindcss_oxide::scanner: Discovering "/home/yamz/sites/filez/app"
2025-11-18T22:21:26.323894Z  INFO get_files:scan_sources: tailwindcss_oxide::scanner: Discovering "/home/yamz/sites/filez/app/hooks"
2025-11-18T22:21:26.323968Z  INFO get_files:scan_sources: tailwindcss_oxide::scanner: Discovering "/home/yamz/sites/filez/app/share"
2025-11-18T22:21:26.324171Z  INFO get_files:scan_sources: tailwindcss_oxide::scanner: Discovering "/home/yamz/sites/filez/app/share/[token]"
2025-11-18T22:21:26.324265Z  INFO get_files:scan_sources: tailwindcss_oxide::scanner: Discovering "/home/yamz/sites/filez/app/editor"
2025-11-18T22:21:26.324349Z  INFO get_files:scan_sources: tailwindcss_oxide::scanner: Discovering "/home/yamz/sites/filez/app/api"
2025-11-18T22:21:26.324414Z  INFO get_files:scan_sources: tailwindcss_oxide::scanner: Discovering "/home/yamz/sites/filez/app/api/mindmap"
2025-11-18T22:21:26.324467Z  INFO get_files:scan_sources: tailwindcss_oxide::scanner: Discovering "/home/yamz/sites/filez/app/api/mindmap/save"
2025-11-18T22:21:26.324542Z  INFO get_files:scan_sources: tailwindcss_oxide::scanner: Discovering "/home/yamz/sites/filez/app/api/share"
2025-11-18T22:21:26.324595Z  INFO get_files:scan_sources: tailwindcss_oxide::scanner: Discovering "/home/yamz/sites/filez/app/api/share/[token]"
2025-11-18T22:21:26.324668Z  INFO get_files:scan_sources: tailwindcss_oxide::scanner: Discovering "/home/yamz/sites/filez/app/api/uploads"
2025-11-18T22:21:26.324718Z  INFO get_files:scan_sources: tailwindcss_oxide::scanner: Discovering "/home/yamz/sites/filez/app/api/uploads/copy"
2025-11-18T22:21:26.324781Z  INFO get_files:scan_sources: tailwindcss_oxide::scanner: Discovering "/home/yamz/sites/filez/app/api/uploads/[id]"
2025-11-18T22:21:26.324829Z  INFO get_files:scan_sources: tailwindcss_oxide::scanner: Discovering "/home/yamz/sites/filez/app/api/uploads/[id]/share"
2025-11-18T22:21:26.324899Z  INFO get_files:scan_sources: tailwindcss_oxide::scanner: Discovering "/home/yamz/sites/filez/app/api/uploads/[id]/rename"
2025-11-18T22:21:26.324963Z  INFO get_files:scan_sources: tailwindcss_oxide::scanner: Discovering "/home/yamz/sites/filez/app/api/uploads/move"
2025-11-18T22:21:26.325067Z  INFO get_files:scan_sources: tailwindcss_oxide::scanner: Discovering "/home/yamz/sites/filez/app/api/folders"
2025-11-18T22:21:26.325116Z  INFO get_files:scan_sources: tailwindcss_oxide::scanner: Discovering "/home/yamz/sites/filez/app/api/folders/[id]"
2025-11-18T22:21:26.325187Z  INFO get_files:scan_sources: tailwindcss_oxide::scanner: Discovering "/home/yamz/sites/filez/app/api/uploadthing"
2025-11-18T22:21:26.325255Z  INFO get_files:scan_sources: tailwindcss_oxide::scanner: Discovering "/home/yamz/sites/filez/app/api/saved-searches"
2025-11-18T22:21:26.325323Z  INFO get_files:scan_sources: tailwindcss_oxide::scanner: Discovering "/home/yamz/sites/filez/app/api/versions"
2025-11-18T22:21:26.325383Z  INFO get_files:scan_sources: tailwindcss_oxide::scanner: Discovering "/home/yamz/sites/filez/app/api/stream"
2025-11-18T22:21:26.325422Z  INFO get_files:scan_sources: tailwindcss_oxide::scanner: Discovering "/home/yamz/sites/filez/app/api/stream/[id]"
2025-11-18T22:21:26.325483Z  INFO get_files:scan_sources: tailwindcss_oxide::scanner: Discovering "/home/yamz/sites/filez/app/api/import"
2025-11-18T22:21:26.325541Z  INFO get_files:scan_sources: tailwindcss_oxide::scanner: Discovering "/home/yamz/sites/filez/app/api/import/zip"
2025-11-18T22:21:26.325608Z  INFO get_files:scan_sources: tailwindcss_oxide::scanner: Discovering "/home/yamz/sites/filez/app/api/import/folder"
2025-11-18T22:21:26.325688Z  INFO get_files:scan_sources: tailwindcss_oxide::scanner: Discovering "/home/yamz/sites/filez/app/components"
2025-11-18T22:21:26.325939Z  INFO get_files:scan_sources: tailwindcss_oxide::scanner: Discovering "/home/yamz/sites/filez/app/components/ui"
2025-11-18T22:21:26.326195Z  INFO get_files:scan_sources: tailwindcss_oxide::scanner: Discovering "/home/yamz/sites/filez/lib"
2025-11-18T22:21:26.326306Z  INFO get_files:scan_sources: tailwindcss_oxide::scanner: Discovering "/home/yamz/sites/filez/public"
2025-11-18T22:21:26.326422Z  INFO get_files:scan_sources: tailwindcss_oxide::scanner: Discovering "/home/yamz/sites/filez/types"
2025-11-18T22:21:26.326565Z  INFO get_files:scan_sources: tailwindcss_oxide::scanner: Discovering "/home/yamz/sites/filez/migrations"
2025-11-18T22:21:26.326649Z  INFO get_files:scan_sources: tailwindcss_oxide::scanner: Discovering "/home/yamz/sites/filez/docs"
2025-11-18T22:21:26.326892Z  INFO get_files:scan_sources: tailwindcss_oxide::scanner: exit
2025-11-18T22:21:26.327119Z  INFO get_files: tailwindcss_oxide::scanner: exit
2025-11-18T22:21:26.327564Z  INFO get_globs: tailwindcss_oxide::scanner: enter
2025-11-18T22:21:26.327579Z  INFO get_globs:scan_sources: tailwindcss_oxide::scanner: enter
2025-11-18T22:21:26.328271Z  INFO get_globs:scan_sources: tailwindcss_oxide::scanner: Discovering "/home/yamz/sites/filez/db"
2025-11-18T22:21:26.328465Z  INFO get_globs:scan_sources: tailwindcss_oxide::scanner: Discovering "/home/yamz/sites/filez/logs"
2025-11-18T22:21:26.328552Z  INFO get_globs:scan_sources: tailwindcss_oxide::scanner: Discovering "/home/yamz/sites/filez/app"
2025-11-18T22:21:26.328604Z  INFO get_globs:scan_sources: tailwindcss_oxide::scanner: Discovering "/home/yamz/sites/filez/app/hooks"
2025-11-18T22:21:26.328684Z  INFO get_globs:scan_sources: tailwindcss_oxide::scanner: Discovering "/home/yamz/sites/filez/app/share"
2025-11-18T22:21:26.328728Z  INFO get_globs:scan_sources: tailwindcss_oxide::scanner: Discovering "/home/yamz/sites/filez/app/share/[token]"
2025-11-18T22:21:26.328810Z  INFO get_globs:scan_sources: tailwindcss_oxide::scanner: Discovering "/home/yamz/sites/filez/app/editor"
2025-11-18T22:21:26.328890Z  INFO get_globs:scan_sources: tailwindcss_oxide::scanner: Discovering "/home/yamz/sites/filez/app/api"
2025-11-18T22:21:26.328941Z  INFO get_globs:scan_sources: tailwindcss_oxide::scanner: Discovering "/home/yamz/sites/filez/app/api/mindmap"
2025-11-18T22:21:26.329009Z  INFO get_globs:scan_sources: tailwindcss_oxide::scanner: Discovering "/home/yamz/sites/filez/app/api/mindmap/save"
2025-11-18T22:21:26.329090Z  INFO get_globs:scan_sources: tailwindcss_oxide::scanner: Discovering "/home/yamz/sites/filez/app/api/share"
2025-11-18T22:21:26.329143Z  INFO get_globs:scan_sources: tailwindcss_oxide::scanner: Discovering "/home/yamz/sites/filez/app/api/share/[token]"
2025-11-18T22:21:26.329207Z  INFO get_globs:scan_sources: tailwindcss_oxide::scanner: Discovering "/home/yamz/sites/filez/app/api/uploads"
2025-11-18T22:21:26.329261Z  INFO get_globs:scan_sources: tailwindcss_oxide::scanner: Discovering "/home/yamz/sites/filez/app/api/uploads/copy"
2025-11-18T22:21:26.329320Z  INFO get_globs:scan_sources: tailwindcss_oxide::scanner: Discovering "/home/yamz/sites/filez/app/api/uploads/[id]"
2025-11-18T22:21:26.329369Z  INFO get_globs:scan_sources: tailwindcss_oxide::scanner: Discovering "/home/yamz/sites/filez/app/api/uploads/[id]/share"
2025-11-18T22:21:26.329440Z  INFO get_globs:scan_sources: tailwindcss_oxide::scanner: Discovering "/home/yamz/sites/filez/app/api/uploads/[id]/rename"
2025-11-18T22:21:26.329506Z  INFO get_globs:scan_sources: tailwindcss_oxide::scanner: Discovering "/home/yamz/sites/filez/app/api/uploads/move"
2025-11-18T22:21:26.329583Z  INFO get_globs:scan_sources: tailwindcss_oxide::scanner: Discovering "/home/yamz/sites/filez/app/api/folders"
2025-11-18T22:21:26.329639Z  INFO get_globs:scan_sources: tailwindcss_oxide::scanner: Discovering "/home/yamz/sites/filez/app/api/folders/[id]"
2025-11-18T22:21:26.329710Z  INFO get_globs:scan_sources: tailwindcss_oxide::scanner: Discovering "/home/yamz/sites/filez/app/api/uploadthing"
2025-11-18T22:21:26.329770Z  INFO get_globs:scan_sources: tailwindcss_oxide::scanner: Discovering "/home/yamz/sites/filez/app/api/saved-searches"
2025-11-18T22:21:26.329845Z  INFO get_globs:scan_sources: tailwindcss_oxide::scanner: Discovering "/home/yamz/sites/filez/app/api/versions"
2025-11-18T22:21:26.329903Z  INFO get_globs:scan_sources: tailwindcss_oxide::scanner: Discovering "/home/yamz/sites/filez/app/api/stream"
2025-11-18T22:21:26.329946Z  INFO get_globs:scan_sources: tailwindcss_oxide::scanner: Discovering "/home/yamz/sites/filez/app/api/stream/[id]"
2025-11-18T22:21:26.330018Z  INFO get_globs:scan_sources: tailwindcss_oxide::scanner: Discovering "/home/yamz/sites/filez/app/api/import"
2025-11-18T22:21:26.330059Z  INFO get_globs:scan_sources: tailwindcss_oxide::scanner: Discovering "/home/yamz/sites/filez/app/api/import/zip"
2025-11-18T22:21:26.330110Z  INFO get_globs:scan_sources: tailwindcss_oxide::scanner: Discovering "/home/yamz/sites/filez/app/api/import/folder"
2025-11-18T22:21:26.330169Z  INFO get_globs:scan_sources: tailwindcss_oxide::scanner: Discovering "/home/yamz/sites/filez/app/components"
2025-11-18T22:21:26.330356Z  INFO get_globs:scan_sources: tailwindcss_oxide::scanner: Discovering "/home/yamz/sites/filez/app/components/ui"
2025-11-18T22:21:26.330547Z  INFO get_globs:scan_sources: tailwindcss_oxide::scanner: Discovering "/home/yamz/sites/filez/lib"
2025-11-18T22:21:26.330633Z  INFO get_globs:scan_sources: tailwindcss_oxide::scanner: Discovering "/home/yamz/sites/filez/public"
2025-11-18T22:21:26.330763Z  INFO get_globs:scan_sources: tailwindcss_oxide::scanner: Discovering "/home/yamz/sites/filez/types"
2025-11-18T22:21:26.330909Z  INFO get_globs:scan_sources: tailwindcss_oxide::scanner: Discovering "/home/yamz/sites/filez/migrations"
2025-11-18T22:21:26.330984Z  INFO get_globs:scan_sources: tailwindcss_oxide::scanner: Discovering "/home/yamz/sites/filez/docs"
2025-11-18T22:21:26.331184Z  INFO get_globs:scan_sources: tailwindcss_oxide::scanner: exit
2025-11-18T22:21:26.335344Z  INFO get_globs: tailwindcss_oxide::scanner: exit
2025-11-18T22:21:39.963575Z  INFO scan_sources: tailwindcss_oxide::scanner: enter
2025-11-18T22:21:39.964346Z  INFO scan_sources: tailwindcss_oxide::scanner: Discovering "/home/yamz/sites/filez/db"
2025-11-18T22:21:39.964514Z  INFO scan_sources: tailwindcss_oxide::scanner: Discovering "/home/yamz/sites/filez/logs"
2025-11-18T22:21:39.964571Z  INFO scan_sources: tailwindcss_oxide::scanner: Discovering "/home/yamz/sites/filez/app"
2025-11-18T22:21:39.964607Z  INFO scan_sources: tailwindcss_oxide::scanner: Discovering "/home/yamz/sites/filez/app/hooks"
2025-11-18T22:21:39.964664Z  INFO scan_sources: tailwindcss_oxide::scanner: Discovering "/home/yamz/sites/filez/app/share"
2025-11-18T22:21:39.964697Z  INFO scan_sources: tailwindcss_oxide::scanner: Discovering "/home/yamz/sites/filez/app/share/[token]"
2025-11-18T22:21:39.964753Z  INFO scan_sources: tailwindcss_oxide::scanner: Discovering "/home/yamz/sites/filez/app/editor"
2025-11-18T22:21:39.964805Z  INFO scan_sources: tailwindcss_oxide::scanner: Discovering "/home/yamz/sites/filez/app/api"
2025-11-18T22:21:39.964840Z  INFO scan_sources: tailwindcss_oxide::scanner: Discovering "/home/yamz/sites/filez/app/api/mindmap"
2025-11-18T22:21:39.964877Z  INFO scan_sources: tailwindcss_oxide::scanner: Discovering "/home/yamz/sites/filez/app/api/mindmap/save"
2025-11-18T22:21:39.964925Z  INFO scan_sources: tailwindcss_oxide::scanner: Discovering "/home/yamz/sites/filez/app/api/share"
2025-11-18T22:21:39.964957Z  INFO scan_sources: tailwindcss_oxide::scanner: Discovering "/home/yamz/sites/filez/app/api/share/[token]"
2025-11-18T22:21:39.965014Z  INFO scan_sources: tailwindcss_oxide::scanner: Discovering "/home/yamz/sites/filez/app/api/uploads"
2025-11-18T22:21:39.965046Z  INFO scan_sources: tailwindcss_oxide::scanner: Discovering "/home/yamz/sites/filez/app/api/uploads/copy"
2025-11-18T22:21:39.965086Z  INFO scan_sources: tailwindcss_oxide::scanner: Discovering "/home/yamz/sites/filez/app/api/uploads/[id]"
2025-11-18T22:21:39.965118Z  INFO scan_sources: tailwindcss_oxide::scanner: Discovering "/home/yamz/sites/filez/app/api/uploads/[id]/share"
2025-11-18T22:21:39.965185Z  INFO scan_sources: tailwindcss_oxide::scanner: Discovering "/home/yamz/sites/filez/app/api/uploads/[id]/rename"
2025-11-18T22:21:39.965229Z  INFO scan_sources: tailwindcss_oxide::scanner: Discovering "/home/yamz/sites/filez/app/api/uploads/move"
2025-11-18T22:21:39.965279Z  INFO scan_sources: tailwindcss_oxide::scanner: Discovering "/home/yamz/sites/filez/app/api/folders"
2025-11-18T22:21:39.965309Z  INFO scan_sources: tailwindcss_oxide::scanner: Discovering "/home/yamz/sites/filez/app/api/folders/[id]"
2025-11-18T22:21:39.965362Z  INFO scan_sources: tailwindcss_oxide::scanner: Discovering "/home/yamz/sites/filez/app/api/uploadthing"
2025-11-18T22:21:39.965436Z  INFO scan_sources: tailwindcss_oxide::scanner: Discovering "/home/yamz/sites/filez/app/api/saved-searches"
2025-11-18T22:21:39.965490Z  INFO scan_sources: tailwindcss_oxide::scanner: Discovering "/home/yamz/sites/filez/app/api/versions"
2025-11-18T22:21:39.965530Z  INFO scan_sources: tailwindcss_oxide::scanner: Discovering "/home/yamz/sites/filez/app/api/stream"
2025-11-18T22:21:39.965560Z  INFO scan_sources: tailwindcss_oxide::scanner: Discovering "/home/yamz/sites/filez/app/api/stream/[id]"
2025-11-18T22:21:39.965604Z  INFO scan_sources: tailwindcss_oxide::scanner: Discovering "/home/yamz/sites/filez/app/api/import"
2025-11-18T22:21:39.965635Z  INFO scan_sources: tailwindcss_oxide::scanner: Discovering "/home/yamz/sites/filez/app/api/import/zip"
2025-11-18T22:21:39.965675Z  INFO scan_sources: tailwindcss_oxide::scanner: Discovering "/home/yamz/sites/filez/app/api/import/folder"
2025-11-18T22:21:39.965722Z  INFO scan_sources: tailwindcss_oxide::scanner: Discovering "/home/yamz/sites/filez/app/components"
2025-11-18T22:21:39.965879Z  INFO scan_sources: tailwindcss_oxide::scanner: Discovering "/home/yamz/sites/filez/app/components/ui"
2025-11-18T22:21:39.966108Z  INFO scan_sources: tailwindcss_oxide::scanner: Discovering "/home/yamz/sites/filez/lib"
2025-11-18T22:21:39.966212Z  INFO scan_sources: tailwindcss_oxide::scanner: Discovering "/home/yamz/sites/filez/public"
2025-11-18T22:21:39.966354Z  INFO scan_sources: tailwindcss_oxide::scanner: Discovering "/home/yamz/sites/filez/types"
2025-11-18T22:21:39.966511Z  INFO scan_sources: tailwindcss_oxide::scanner: Discovering "/home/yamz/sites/filez/migrations"
2025-11-18T22:21:39.966575Z  INFO scan_sources: tailwindcss_oxide::scanner: Discovering "/home/yamz/sites/filez/docs"
2025-11-18T22:21:39.966796Z  INFO scan_sources: tailwindcss_oxide::scanner: exit
2025-11-18T22:21:39.966813Z  INFO extract_candidates: tailwindcss_oxide::scanner: enter
2025-11-18T22:21:39.966820Z  INFO extract_candidates:read_all_files: tailwindcss_oxide::scanner: enter
2025-11-18T22:21:39.966825Z  INFO extract_candidates:read_all_files: tailwindcss_oxide::scanner: Reading 0 file(s)
2025-11-18T22:21:39.966832Z  INFO extract_candidates:read_all_files: tailwindcss_oxide::scanner: exit
2025-11-18T22:21:39.966838Z  INFO extract_candidates:parse_all_blobs: tailwindcss_oxide::scanner: enter
2025-11-18T22:21:39.966844Z  INFO extract_candidates:parse_all_blobs:extract: tailwindcss_oxide::scanner: enter
2025-11-18T22:21:39.966850Z  INFO extract_candidates:parse_all_blobs:extract: tailwindcss_oxide::scanner: exit
2025-11-18T22:21:39.966856Z  INFO extract_candidates:parse_all_blobs: tailwindcss_oxide::scanner: exit
2025-11-18T22:21:39.966863Z  INFO extract_candidates: tailwindcss_oxide::scanner: exit
2025-11-18T22:21:39.969156Z  INFO get_files: tailwindcss_oxide::scanner: enter
2025-11-18T22:21:39.969196Z  INFO get_files:scan_sources: tailwindcss_oxide::scanner: enter
2025-11-18T22:21:39.969804Z  INFO get_files:scan_sources: tailwindcss_oxide::scanner: Discovering "/home/yamz/sites/filez/db"
2025-11-18T22:21:39.969987Z  INFO get_files:scan_sources: tailwindcss_oxide::scanner: Discovering "/home/yamz/sites/filez/logs"
2025-11-18T22:21:39.970046Z  INFO get_files:scan_sources: tailwindcss_oxide::scanner: Discovering "/home/yamz/sites/filez/app"
2025-11-18T22:21:39.970096Z  INFO get_files:scan_sources: tailwindcss_oxide::scanner: Discovering "/home/yamz/sites/filez/app/hooks"
2025-11-18T22:21:39.970179Z  INFO get_files:scan_sources: tailwindcss_oxide::scanner: Discovering "/home/yamz/sites/filez/app/share"
2025-11-18T22:21:39.970218Z  INFO get_files:scan_sources: tailwindcss_oxide::scanner: Discovering "/home/yamz/sites/filez/app/share/[token]"
2025-11-18T22:21:39.970274Z  INFO get_files:scan_sources: tailwindcss_oxide::scanner: Discovering "/home/yamz/sites/filez/app/editor"
2025-11-18T22:21:39.970335Z  INFO get_files:scan_sources: tailwindcss_oxide::scanner: Discovering "/home/yamz/sites/filez/app/api"
2025-11-18T22:21:39.970373Z  INFO get_files:scan_sources: tailwindcss_oxide::scanner: Discovering "/home/yamz/sites/filez/app/api/mindmap"
2025-11-18T22:21:39.970407Z  INFO get_files:scan_sources: tailwindcss_oxide::scanner: Discovering "/home/yamz/sites/filez/app/api/mindmap/save"
2025-11-18T22:21:39.970454Z  INFO get_files:scan_sources: tailwindcss_oxide::scanner: Discovering "/home/yamz/sites/filez/app/api/share"
2025-11-18T22:21:39.970484Z  INFO get_files:scan_sources: tailwindcss_oxide::scanner: Discovering "/home/yamz/sites/filez/app/api/share/[token]"
2025-11-18T22:21:39.970529Z  INFO get_files:scan_sources: tailwindcss_oxide::scanner: Discovering "/home/yamz/sites/filez/app/api/uploads"
2025-11-18T22:21:39.970563Z  INFO get_files:scan_sources: tailwindcss_oxide::scanner: Discovering "/home/yamz/sites/filez/app/api/uploads/copy"
2025-11-18T22:21:39.970636Z  INFO get_files:scan_sources: tailwindcss_oxide::scanner: Discovering "/home/yamz/sites/filez/app/api/uploads/[id]"
2025-11-18T22:21:39.970684Z  INFO get_files:scan_sources: tailwindcss_oxide::scanner: Discovering "/home/yamz/sites/filez/app/api/uploads/[id]/share"
2025-11-18T22:21:39.970759Z  INFO get_files:scan_sources: tailwindcss_oxide::scanner: Discovering "/home/yamz/sites/filez/app/api/uploads/[id]/rename"
2025-11-18T22:21:39.970819Z  INFO get_files:scan_sources: tailwindcss_oxide::scanner: Discovering "/home/yamz/sites/filez/app/api/uploads/move"
2025-11-18T22:21:39.970917Z  INFO get_files:scan_sources: tailwindcss_oxide::scanner: Discovering "/home/yamz/sites/filez/app/api/folders"
2025-11-18T22:21:39.970969Z  INFO get_files:scan_sources: tailwindcss_oxide::scanner: Discovering "/home/yamz/sites/filez/app/api/folders/[id]"
2025-11-18T22:21:39.971049Z  INFO get_files:scan_sources: tailwindcss_oxide::scanner: Discovering "/home/yamz/sites/filez/app/api/uploadthing"
2025-11-18T22:21:39.971107Z  INFO get_files:scan_sources: tailwindcss_oxide::scanner: Discovering "/home/yamz/sites/filez/app/api/saved-searches"
2025-11-18T22:21:39.971162Z  INFO get_files:scan_sources: tailwindcss_oxide::scanner: Discovering "/home/yamz/sites/filez/app/api/versions"
2025-11-18T22:21:39.971212Z  INFO get_files:scan_sources: tailwindcss_oxide::scanner: Discovering "/home/yamz/sites/filez/app/api/stream"
2025-11-18T22:21:39.971250Z  INFO get_files:scan_sources: tailwindcss_oxide::scanner: Discovering "/home/yamz/sites/filez/app/api/stream/[id]"
2025-11-18T22:21:39.971327Z  INFO get_files:scan_sources: tailwindcss_oxide::scanner: Discovering "/home/yamz/sites/filez/app/api/import"
2025-11-18T22:21:39.971367Z  INFO get_files:scan_sources: tailwindcss_oxide::scanner: Discovering "/home/yamz/sites/filez/app/api/import/zip"
2025-11-18T22:21:39.971410Z  INFO get_files:scan_sources: tailwindcss_oxide::scanner: Discovering "/home/yamz/sites/filez/app/api/import/folder"
2025-11-18T22:21:39.971459Z  INFO get_files:scan_sources: tailwindcss_oxide::scanner: Discovering "/home/yamz/sites/filez/app/components"
2025-11-18T22:21:39.971621Z  INFO get_files:scan_sources: tailwindcss_oxide::scanner: Discovering "/home/yamz/sites/filez/app/components/ui"
2025-11-18T22:21:39.971792Z  INFO get_files:scan_sources: tailwindcss_oxide::scanner: Discovering "/home/yamz/sites/filez/lib"
2025-11-18T22:21:39.971864Z  INFO get_files:scan_sources: tailwindcss_oxide::scanner: Discovering "/home/yamz/sites/filez/public"
2025-11-18T22:21:39.971992Z  INFO get_files:scan_sources: tailwindcss_oxide::scanner: Discovering "/home/yamz/sites/filez/types"
2025-11-18T22:21:39.972131Z  INFO get_files:scan_sources: tailwindcss_oxide::scanner: Discovering "/home/yamz/sites/filez/migrations"
2025-11-18T22:21:39.972184Z  INFO get_files:scan_sources: tailwindcss_oxide::scanner: Discovering "/home/yamz/sites/filez/docs"
2025-11-18T22:21:39.972370Z  INFO get_files:scan_sources: tailwindcss_oxide::scanner: exit
2025-11-18T22:21:39.972619Z  INFO get_files: tailwindcss_oxide::scanner: exit
2025-11-18T22:21:39.973213Z  INFO get_globs: tailwindcss_oxide::scanner: enter
2025-11-18T22:21:39.973241Z  INFO get_globs: tailwindcss_oxide::scanner: exit
