2025-11-20 11:50:23 +00:00:    ▲ Next.js 15.5.4
2025-11-20 11:50:23 +00:00:    - Local:        http://localhost:3003
2025-11-20 11:50:23 +00:00:    - Network:      http://159.89.146.28:3003
2025-11-20 11:50:23 +00:00: 
2025-11-20 11:50:23 +00:00:  ✓ Starting...
2025-11-20 11:50:24 +00:00:  ✓ Ready in 1173ms
2025-11-20 20:19:59 +00:00:    ▲ Next.js 15.5.4
2025-11-20 20:19:59 +00:00:    - Local:        http://localhost:3003
2025-11-20 20:19:59 +00:00:    - Network:      http://159.89.146.28:3003
2025-11-20 20:19:59 +00:00: 
2025-11-20 20:19:59 +00:00:  ✓ Starting...
2025-11-20 20:20:00 +00:00:  ✓ Ready in 2.2s
2025-11-20 20:28:42 +00:00:    ▲ Next.js 15.5.4
2025-11-20 20:28:42 +00:00:    - Local:        http://localhost:3003
2025-11-20 20:28:42 +00:00:    - Network:      http://159.89.146.28:3003
2025-11-20 20:28:42 +00:00: 
2025-11-20 20:28:42 +00:00:  ✓ Starting...
2025-11-20 20:28:43 +00:00:  ✓ Ready in 1098ms
2025-11-20 20:28:55 +00:00:    ▲ Next.js 15.5.4
2025-11-20 20:28:55 +00:00:    - Local:        http://localhost:3003
2025-11-20 20:28:55 +00:00:    - Network:      http://159.89.146.28:3003
2025-11-20 20:28:55 +00:00: 
2025-11-20 20:28:55 +00:00:  ✓ Starting...
2025-11-20 20:28:56 +00:00:  ✓ Ready in 1073ms
2025-11-20 20:29:18 +00:00:    ▲ Next.js 15.5.4
2025-11-20 20:29:18 +00:00:    - Local:        http://localhost:3003
2025-11-20 20:29:18 +00:00:    - Network:      http://159.89.146.28:3003
2025-11-20 20:29:18 +00:00: 
2025-11-20 20:29:18 +00:00:  ✓ Starting...
2025-11-20 20:29:19 +00:00:  ✓ Ready in 1273ms
